[0.627s] Invoking command in '/home/user/ros2_ws/src/wall_follower': PYTHONPATH=/home/user/ros2_ws/install/wall_follower/lib/python3.8/site-packages:${PYTHONPATH} _=/usr/bin/env /usr/bin/python3 setup.py egg_info --egg-base ../../build/wall_follower build --build-base /home/user/ros2_ws/build/wall_follower/build install --prefix /home/user/ros2_ws/install/wall_follower --record /home/user/ros2_ws/build/wall_follower/install.log --single-version-externally-managed
[1.164s] running egg_info
[1.165s] writing ../../build/wall_follower/wall_follower.egg-info/PKG-INFO
[1.166s] writing dependency_links to ../../build/wall_follower/wall_follower.egg-info/dependency_links.txt
[1.166s] writing entry points to ../../build/wall_follower/wall_follower.egg-info/entry_points.txt
[1.166s] writing requirements to ../../build/wall_follower/wall_follower.egg-info/requires.txt
[1.168s] writing top-level names to ../../build/wall_follower/wall_follower.egg-info/top_level.txt
[1.245s] reading manifest file '../../build/wall_follower/wall_follower.egg-info/SOURCES.txt'
[1.246s] writing manifest file '../../build/wall_follower/wall_follower.egg-info/SOURCES.txt'
[1.247s] running build
[1.247s] running build_py
[1.247s] copying wall_follower/wall_follower_node.py -> /home/user/ros2_ws/build/wall_follower/build/lib/wall_follower
[1.248s] running install
[1.249s] running install_lib
[1.251s] copying /home/user/ros2_ws/build/wall_follower/build/lib/wall_follower/wall_follower_node.py -> /home/user/ros2_ws/install/wall_follower/lib/python3.8/site-packages/wall_follower
[1.251s] byte-compiling /home/user/ros2_ws/install/wall_follower/lib/python3.8/site-packages/wall_follower/wall_follower_node.py to wall_follower_node.cpython-38.pyc
[1.253s] running install_data
[1.253s] running install_egg_info
[1.255s] removing '/home/user/ros2_ws/install/wall_follower/lib/python3.8/site-packages/wall_follower-0.0.0-py3.8.egg-info' (and everything under it)
[1.257s] Copying ../../build/wall_follower/wall_follower.egg-info to /home/user/ros2_ws/install/wall_follower/lib/python3.8/site-packages/wall_follower-0.0.0-py3.8.egg-info
[1.257s] running install_scripts
[1.278s] Installing wall_follower_node script to /home/user/ros2_ws/install/wall_follower/lib/wall_follower
[1.298s] writing list of installed files to '/home/user/ros2_ws/build/wall_follower/install.log'
[1.330s] Invoked command in '/home/user/ros2_ws/src/wall_follower' returned '0': PYTHONPATH=/home/user/ros2_ws/install/wall_follower/lib/python3.8/site-packages:${PYTHONPATH} _=/usr/bin/env /usr/bin/python3 setup.py egg_info --egg-base ../../build/wall_follower build --build-base /home/user/ros2_ws/build/wall_follower/build install --prefix /home/user/ros2_ws/install/wall_follower --record /home/user/ros2_ws/build/wall_follower/install.log --single-version-externally-managed
