Performing C SOURCE FILE Test CMAKE_HAVE_LIBC_PTHREAD failed with the following output:
Change Dir: /home/user/ros2_ws/build/custom_interfaces/CMakeFiles/CMakeTmp

Run Build Command(s):/usr/bin/make cmTC_9ddfa/fast && /usr/bin/make -f CMakeFiles/cmTC_9ddfa.dir/build.make CMakeFiles/cmTC_9ddfa.dir/build
make[1]: Entering directory '/home/user/ros2_ws/build/custom_interfaces/CMakeFiles/CMakeTmp'
Building C object CMakeFiles/cmTC_9ddfa.dir/src.c.o
/usr/bin/cc   -DCMAKE_HAVE_LIBC_PTHREAD   -o CMakeFiles/cmTC_9ddfa.dir/src.c.o   -c /home/user/ros2_ws/build/custom_interfaces/CMakeFiles/CMakeTmp/src.c
Linking C executable cmTC_9ddfa
/usr/bin/cmake -E cmake_link_script CMakeFiles/cmTC_9ddfa.dir/link.txt --verbose=1
/usr/bin/cc  -DCMAKE_HAVE_LIBC_PTHREAD    CMakeFiles/cmTC_9ddfa.dir/src.c.o  -o cmTC_9ddfa 
/usr/bin/ld: CMakeFiles/cmTC_9ddfa.dir/src.c.o: in function `main':
src.c:(.text+0x46): undefined reference to `pthread_create'
/usr/bin/ld: src.c:(.text+0x52): undefined reference to `pthread_detach'
/usr/bin/ld: src.c:(.text+0x63): undefined reference to `pthread_join'
collect2: error: ld returned 1 exit status
make[1]: *** [CMakeFiles/cmTC_9ddfa.dir/build.make:87: cmTC_9ddfa] Error 1
make[1]: Leaving directory '/home/user/ros2_ws/build/custom_interfaces/CMakeFiles/CMakeTmp'
make: *** [Makefile:121: cmTC_9ddfa/fast] Error 2


Source file was:
#include <pthread.h>

void* test_func(void* data)
{
  return data;
}

int main(void)
{
  pthread_t thread;
  pthread_create(&thread, NULL, test_func, NULL);
  pthread_detach(thread);
  pthread_join(thread, NULL);
  pthread_atfork(NULL, NULL, NULL);
  pthread_exit(NULL);

  return 0;
}

Determining if the function pthread_create exists in the pthreads failed with the following output:
Change Dir: /home/user/ros2_ws/build/custom_interfaces/CMakeFiles/CMakeTmp

Run Build Command(s):/usr/bin/make cmTC_016e5/fast && /usr/bin/make -f CMakeFiles/cmTC_016e5.dir/build.make CMakeFiles/cmTC_016e5.dir/build
make[1]: Entering directory '/home/user/ros2_ws/build/custom_interfaces/CMakeFiles/CMakeTmp'
Building C object CMakeFiles/cmTC_016e5.dir/CheckFunctionExists.c.o
/usr/bin/cc   -DCHECK_FUNCTION_EXISTS=pthread_create   -o CMakeFiles/cmTC_016e5.dir/CheckFunctionExists.c.o   -c /usr/share/cmake-3.16/Modules/CheckFunctionExists.c
Linking C executable cmTC_016e5
/usr/bin/cmake -E cmake_link_script CMakeFiles/cmTC_016e5.dir/link.txt --verbose=1
/usr/bin/cc  -DCHECK_FUNCTION_EXISTS=pthread_create    CMakeFiles/cmTC_016e5.dir/CheckFunctionExists.c.o  -o cmTC_016e5  -lpthreads 
/usr/bin/ld: cannot find -lpthreads
collect2: error: ld returned 1 exit status
make[1]: *** [CMakeFiles/cmTC_016e5.dir/build.make:87: cmTC_016e5] Error 1
make[1]: Leaving directory '/home/user/ros2_ws/build/custom_interfaces/CMakeFiles/CMakeTmp'
make: *** [Makefile:121: cmTC_016e5/fast] Error 2



Performing C SOURCE FILE Test CMAKE_HAVE_LIBC_PTHREAD failed with the following output:
Change Dir: /home/user/ros2_ws/build/custom_interfaces/CMakeFiles/CMakeTmp

Run Build Command(s):/usr/bin/make cmTC_32db1/fast && /usr/bin/make -f CMakeFiles/cmTC_32db1.dir/build.make CMakeFiles/cmTC_32db1.dir/build
make[1]: Entering directory '/home/user/ros2_ws/build/custom_interfaces/CMakeFiles/CMakeTmp'
Building C object CMakeFiles/cmTC_32db1.dir/src.c.o
/usr/bin/cc   -DCMAKE_HAVE_LIBC_PTHREAD   -o CMakeFiles/cmTC_32db1.dir/src.c.o   -c /home/user/ros2_ws/build/custom_interfaces/CMakeFiles/CMakeTmp/src.c
Linking C executable cmTC_32db1
/usr/bin/cmake -E cmake_link_script CMakeFiles/cmTC_32db1.dir/link.txt --verbose=1
/usr/bin/cc  -DCMAKE_HAVE_LIBC_PTHREAD    CMakeFiles/cmTC_32db1.dir/src.c.o  -o cmTC_32db1 
/usr/bin/ld: CMakeFiles/cmTC_32db1.dir/src.c.o: in function `main':
src.c:(.text+0x46): undefined reference to `pthread_create'
/usr/bin/ld: src.c:(.text+0x52): undefined reference to `pthread_detach'
/usr/bin/ld: src.c:(.text+0x63): undefined reference to `pthread_join'
collect2: error: ld returned 1 exit status
make[1]: *** [CMakeFiles/cmTC_32db1.dir/build.make:87: cmTC_32db1] Error 1
make[1]: Leaving directory '/home/user/ros2_ws/build/custom_interfaces/CMakeFiles/CMakeTmp'
make: *** [Makefile:121: cmTC_32db1/fast] Error 2


Source file was:
#include <pthread.h>

void* test_func(void* data)
{
  return data;
}

int main(void)
{
  pthread_t thread;
  pthread_create(&thread, NULL, test_func, NULL);
  pthread_detach(thread);
  pthread_join(thread, NULL);
  pthread_atfork(NULL, NULL, NULL);
  pthread_exit(NULL);

  return 0;
}

Determining if the function pthread_create exists in the pthreads failed with the following output:
Change Dir: /home/user/ros2_ws/build/custom_interfaces/CMakeFiles/CMakeTmp

Run Build Command(s):/usr/bin/make cmTC_ba24b/fast && /usr/bin/make -f CMakeFiles/cmTC_ba24b.dir/build.make CMakeFiles/cmTC_ba24b.dir/build
make[1]: Entering directory '/home/user/ros2_ws/build/custom_interfaces/CMakeFiles/CMakeTmp'
Building C object CMakeFiles/cmTC_ba24b.dir/CheckFunctionExists.c.o
/usr/bin/cc   -DCHECK_FUNCTION_EXISTS=pthread_create   -o CMakeFiles/cmTC_ba24b.dir/CheckFunctionExists.c.o   -c /usr/share/cmake-3.16/Modules/CheckFunctionExists.c
Linking C executable cmTC_ba24b
/usr/bin/cmake -E cmake_link_script CMakeFiles/cmTC_ba24b.dir/link.txt --verbose=1
/usr/bin/cc  -DCHECK_FUNCTION_EXISTS=pthread_create    CMakeFiles/cmTC_ba24b.dir/CheckFunctionExists.c.o  -o cmTC_ba24b  -lpthreads 
/usr/bin/ld: cannot find -lpthreads
collect2: error: ld returned 1 exit status
make[1]: *** [CMakeFiles/cmTC_ba24b.dir/build.make:87: cmTC_ba24b] Error 1
make[1]: Leaving directory '/home/user/ros2_ws/build/custom_interfaces/CMakeFiles/CMakeTmp'
make: *** [Makefile:121: cmTC_ba24b/fast] Error 2



Performing C SOURCE FILE Test CMAKE_HAVE_LIBC_PTHREAD failed with the following output:
Change Dir: /home/user/ros2_ws/build/custom_interfaces/CMakeFiles/CMakeTmp

Run Build Command(s):/usr/bin/make cmTC_85982/fast && /usr/bin/make -f CMakeFiles/cmTC_85982.dir/build.make CMakeFiles/cmTC_85982.dir/build
make[1]: Entering directory '/home/user/ros2_ws/build/custom_interfaces/CMakeFiles/CMakeTmp'
Building C object CMakeFiles/cmTC_85982.dir/src.c.o
/usr/bin/cc   -DCMAKE_HAVE_LIBC_PTHREAD   -o CMakeFiles/cmTC_85982.dir/src.c.o   -c /home/user/ros2_ws/build/custom_interfaces/CMakeFiles/CMakeTmp/src.c
Linking C executable cmTC_85982
/usr/bin/cmake -E cmake_link_script CMakeFiles/cmTC_85982.dir/link.txt --verbose=1
/usr/bin/cc  -DCMAKE_HAVE_LIBC_PTHREAD    CMakeFiles/cmTC_85982.dir/src.c.o  -o cmTC_85982 
/usr/bin/ld: CMakeFiles/cmTC_85982.dir/src.c.o: in function `main':
src.c:(.text+0x46): undefined reference to `pthread_create'
/usr/bin/ld: src.c:(.text+0x52): undefined reference to `pthread_detach'
/usr/bin/ld: src.c:(.text+0x63): undefined reference to `pthread_join'
collect2: error: ld returned 1 exit status
make[1]: *** [CMakeFiles/cmTC_85982.dir/build.make:87: cmTC_85982] Error 1
make[1]: Leaving directory '/home/user/ros2_ws/build/custom_interfaces/CMakeFiles/CMakeTmp'
make: *** [Makefile:121: cmTC_85982/fast] Error 2


Source file was:
#include <pthread.h>

void* test_func(void* data)
{
  return data;
}

int main(void)
{
  pthread_t thread;
  pthread_create(&thread, NULL, test_func, NULL);
  pthread_detach(thread);
  pthread_join(thread, NULL);
  pthread_atfork(NULL, NULL, NULL);
  pthread_exit(NULL);

  return 0;
}

Determining if the function pthread_create exists in the pthreads failed with the following output:
Change Dir: /home/user/ros2_ws/build/custom_interfaces/CMakeFiles/CMakeTmp

Run Build Command(s):/usr/bin/make cmTC_bba44/fast && /usr/bin/make -f CMakeFiles/cmTC_bba44.dir/build.make CMakeFiles/cmTC_bba44.dir/build
make[1]: Entering directory '/home/user/ros2_ws/build/custom_interfaces/CMakeFiles/CMakeTmp'
Building C object CMakeFiles/cmTC_bba44.dir/CheckFunctionExists.c.o
/usr/bin/cc   -DCHECK_FUNCTION_EXISTS=pthread_create   -o CMakeFiles/cmTC_bba44.dir/CheckFunctionExists.c.o   -c /usr/share/cmake-3.16/Modules/CheckFunctionExists.c
Linking C executable cmTC_bba44
/usr/bin/cmake -E cmake_link_script CMakeFiles/cmTC_bba44.dir/link.txt --verbose=1
/usr/bin/cc  -DCHECK_FUNCTION_EXISTS=pthread_create    CMakeFiles/cmTC_bba44.dir/CheckFunctionExists.c.o  -o cmTC_bba44  -lpthreads 
/usr/bin/ld: cannot find -lpthreads
collect2: error: ld returned 1 exit status
make[1]: *** [CMakeFiles/cmTC_bba44.dir/build.make:87: cmTC_bba44] Error 1
make[1]: Leaving directory '/home/user/ros2_ws/build/custom_interfaces/CMakeFiles/CMakeTmp'
make: *** [Makefile:121: cmTC_bba44/fast] Error 2



