CMake Error at /opt/ros/foxy/share/rosidl_adapter/cmake/rosidl_adapt_interfaces.cmake:60 (message):
  execute_process(/usr/bin/python3 -m rosidl_adapter --package-name
  custom_interfaces --arguments-file
  /home/user/ros2_ws/build/custom_interfaces/rosidl_adapter__arguments__custom_interfaces.json
  --output-dir
  /home/user/ros2_ws/build/custom_interfaces/rosidl_adapter/custom_interfaces
  --output-file
  /home/user/ros2_ws/build/custom_interfaces/rosidl_adapter/custom_interfaces.idls)
  returned error code 1:

  Error processing 'geometry_msgs/msg/Point[] list_of_odoms' of
  'custom_interfaces/OdomRecord_Result': 'geometry_msgs/msg/Point'

  Traceback (most recent call last):

    File "/usr/lib/python3.8/runpy.py", line 194, in _run_module_as_main
      return _run_code(code, main_globals, None,
    File "/usr/lib/python3.8/runpy.py", line 87, in _run_code
      exec(code, run_globals)
    File "/opt/ros/foxy/lib/python3.8/site-packages/rosidl_adapter/__main__.py", line 19, in <module>
      sys.exit(main())
    File "/opt/ros/foxy/lib/python3.8/site-packages/rosidl_adapter/main.py", line 53, in main
      abs_idl_file = convert_to_idl(
    File "/opt/ros/foxy/lib/python3.8/site-packages/rosidl_adapter/__init__.py", line 29, in convert_to_idl
      return convert_action_to_idl(
    File "/opt/ros/foxy/lib/python3.8/site-packages/rosidl_adapter/action/__init__.py", line 28, in convert_action_to_idl
      action = parse_action_string(package_name, input_file.stem, content)
    File "/opt/ros/foxy/lib/python3.8/site-packages/rosidl_adapter/parser.py", line 894, in parse_action_string
      result_message = parse_message_string(
    File "/opt/ros/foxy/lib/python3.8/site-packages/rosidl_adapter/parser.py", line 516, in parse_message_string
      Type(type_string, context_package_name=pkg_name),
    File "/opt/ros/foxy/lib/python3.8/site-packages/rosidl_adapter/parser.py", line 276, in __init__
      super(Type, self).__init__(
    File "/opt/ros/foxy/lib/python3.8/site-packages/rosidl_adapter/parser.py", line 189, in __init__
      raise InvalidResourceName(type_string)

  rosidl_adapter.parser.InvalidResourceName: geometry_msgs/msg/Point

Call Stack (most recent call first):
  /opt/ros/foxy/share/rosidl_cmake/cmake/rosidl_generate_interfaces.cmake:130 (rosidl_adapt_interfaces)
  CMakeLists.txt:39 (rosidl_generate_interfaces)


make: *** [Makefile:748: cmake_check_build_system] Error 1
