[1.026s] Invoking command in '/home/user/ros2_ws/src/wall_follower': PYTHONPATH=/home/user/ros2_ws/install/wall_follower/lib/python3.8/site-packages:/home/user/ros2_ws/install/custom_interfaces/lib/python3.8/site-packages:/home/user/ros2_ws/install/wall_follower/lib/python3.8/site-packages:/home/simulations/ros2_sims_ws/install/ros1_bridge/lib/python3.8/site-packages:/opt/ros/foxy/lib/python3.8/site-packages:/home/simulations/public_sim_ws/src/all/ros_basics_examples/python_course_class:/home/simulations/public_sim_ws/src/ros_basics_examples/python_course_class:/home/simulations/public_sim_ws/src/all/kinematics_course_utils/kinematics _=/usr/bin/env /usr/bin/python3 setup.py egg_info --egg-base ../../build/wall_follower build --build-base /home/user/ros2_ws/build/wall_follower/build install --prefix /home/user/ros2_ws/install/wall_follower --record /home/user/ros2_ws/build/wall_follower/install.log --single-version-externally-managed
[2.270s] running egg_info
[2.271s] writing ../../build/wall_follower/wall_follower.egg-info/PKG-INFO
[2.272s] writing dependency_links to ../../build/wall_follower/wall_follower.egg-info/dependency_links.txt
[2.272s] writing entry points to ../../build/wall_follower/wall_follower.egg-info/entry_points.txt
[2.274s] writing requirements to ../../build/wall_follower/wall_follower.egg-info/requires.txt
[2.274s] writing top-level names to ../../build/wall_follower/wall_follower.egg-info/top_level.txt
[2.375s] reading manifest file '../../build/wall_follower/wall_follower.egg-info/SOURCES.txt'
[2.376s] writing manifest file '../../build/wall_follower/wall_follower.egg-info/SOURCES.txt'
[2.376s] running build
[2.377s] running build_py
[2.377s] copying wall_follower/wall_following.py -> /home/user/ros2_ws/build/wall_follower/build/lib/wall_follower
[2.379s] running install
[2.379s] running install_lib
[2.379s] copying /home/user/ros2_ws/build/wall_follower/build/lib/wall_follower/wall_following.py -> /home/user/ros2_ws/install/wall_follower/lib/python3.8/site-packages/wall_follower
[2.380s] byte-compiling /home/user/ros2_ws/install/wall_follower/lib/python3.8/site-packages/wall_follower/wall_following.py to wall_following.cpython-38.pyc
[2.381s] running install_data
[2.382s] running install_egg_info
[2.384s] removing '/home/user/ros2_ws/install/wall_follower/lib/python3.8/site-packages/wall_follower-0.0.0-py3.8.egg-info' (and everything under it)
[2.385s] Copying ../../build/wall_follower/wall_follower.egg-info to /home/user/ros2_ws/install/wall_follower/lib/python3.8/site-packages/wall_follower-0.0.0-py3.8.egg-info
[2.386s] running install_scripts
[2.412s] Installing wall_finder script to /home/user/ros2_ws/install/wall_follower/lib/wall_follower
[2.413s] Installing wall_follower_node script to /home/user/ros2_ws/install/wall_follower/lib/wall_follower
[2.413s] writing list of installed files to '/home/user/ros2_ws/build/wall_follower/install.log'
[2.518s] Invoked command in '/home/user/ros2_ws/src/wall_follower' returned '0': PYTHONPATH=/home/user/ros2_ws/install/wall_follower/lib/python3.8/site-packages:/home/user/ros2_ws/install/custom_interfaces/lib/python3.8/site-packages:/home/user/ros2_ws/install/wall_follower/lib/python3.8/site-packages:/home/simulations/ros2_sims_ws/install/ros1_bridge/lib/python3.8/site-packages:/opt/ros/foxy/lib/python3.8/site-packages:/home/simulations/public_sim_ws/src/all/ros_basics_examples/python_course_class:/home/simulations/public_sim_ws/src/ros_basics_examples/python_course_class:/home/simulations/public_sim_ws/src/all/kinematics_course_utils/kinematics _=/usr/bin/env /usr/bin/python3 setup.py egg_info --egg-base ../../build/wall_follower build --build-base /home/user/ros2_ws/build/wall_follower/build install --prefix /home/user/ros2_ws/install/wall_follower --record /home/user/ros2_ws/build/wall_follower/install.log --single-version-externally-managed
