running egg_info
writing ../../build/wall_follwer/wall_follwer.egg-info/PKG-INFO
writing dependency_links to ../../build/wall_follwer/wall_follwer.egg-info/dependency_links.txt
writing entry points to ../../build/wall_follwer/wall_follwer.egg-info/entry_points.txt
writing requirements to ../../build/wall_follwer/wall_follwer.egg-info/requires.txt
writing top-level names to ../../build/wall_follwer/wall_follwer.egg-info/top_level.txt
reading manifest file '../../build/wall_follwer/wall_follwer.egg-info/SOURCES.txt'
writing manifest file '../../build/wall_follwer/wall_follwer.egg-info/SOURCES.txt'
running build
running build_py
running install
running install_lib
running install_data
copying launch/wall_follower_launch_file.launch.py -> /home/user/ros2_ws/install/wall_follwer/share/wall_follwer
running install_egg_info
removing '/home/user/ros2_ws/install/wall_follwer/lib/python3.8/site-packages/wall_follwer-0.0.0-py3.8.egg-info' (and everything under it)
Copying ../../build/wall_follwer/wall_follwer.egg-info to /home/user/ros2_ws/install/wall_follwer/lib/python3.8/site-packages/wall_follwer-0.0.0-py3.8.egg-info
running install_scripts
Installing wall_follower script to /home/user/ros2_ws/install/wall_follwer/lib/wall_follwer
writing list of installed files to '/home/user/ros2_ws/build/wall_follwer/install.log'
