[0.556s] Invoking command in '/home/user/ros2_ws/src/wall_follwer': PYTHONPATH=/home/user/ros2_ws/install/wall_follwer/lib/python3.8/site-packages:${PYTHONPATH} _=/usr/bin/env /usr/bin/python3 setup.py egg_info --egg-base ../../build/wall_follwer build --build-base /home/user/ros2_ws/build/wall_follwer/build install --prefix /home/user/ros2_ws/install/wall_follwer --record /home/user/ros2_ws/build/wall_follwer/install.log --single-version-externally-managed
[1.094s] running egg_info
[1.094s] writing ../../build/wall_follwer/wall_follwer.egg-info/PKG-INFO
[1.095s] writing dependency_links to ../../build/wall_follwer/wall_follwer.egg-info/dependency_links.txt
[1.095s] writing entry points to ../../build/wall_follwer/wall_follwer.egg-info/entry_points.txt
[1.095s] writing requirements to ../../build/wall_follwer/wall_follwer.egg-info/requires.txt
[1.095s] writing top-level names to ../../build/wall_follwer/wall_follwer.egg-info/top_level.txt
[1.152s] reading manifest file '../../build/wall_follwer/wall_follwer.egg-info/SOURCES.txt'
[1.154s] writing manifest file '../../build/wall_follwer/wall_follwer.egg-info/SOURCES.txt'
[1.154s] running build
[1.154s] running build_py
[1.154s] running install
[1.157s] running install_lib
[1.159s] running install_data
[1.168s] copying launch/wall_follower_launch_file.launch.py -> /home/user/ros2_ws/install/wall_follwer/share/wall_follwer
[1.168s] running install_egg_info
[1.171s] removing '/home/user/ros2_ws/install/wall_follwer/lib/python3.8/site-packages/wall_follwer-0.0.0-py3.8.egg-info' (and everything under it)
[1.171s] Copying ../../build/wall_follwer/wall_follwer.egg-info to /home/user/ros2_ws/install/wall_follwer/lib/python3.8/site-packages/wall_follwer-0.0.0-py3.8.egg-info
[1.172s] running install_scripts
[1.206s] Installing wall_follower script to /home/user/ros2_ws/install/wall_follwer/lib/wall_follwer
[1.207s] writing list of installed files to '/home/user/ros2_ws/build/wall_follwer/install.log'
[1.263s] Invoked command in '/home/user/ros2_ws/src/wall_follwer' returned '0': PYTHONPATH=/home/user/ros2_ws/install/wall_follwer/lib/python3.8/site-packages:${PYTHONPATH} _=/usr/bin/env /usr/bin/python3 setup.py egg_info --egg-base ../../build/wall_follwer build --build-base /home/user/ros2_ws/build/wall_follwer/build install --prefix /home/user/ros2_ws/install/wall_follwer --record /home/user/ros2_ws/build/wall_follwer/install.log --single-version-externally-managed
