[0.752s] Invoking command in '/home/user/ros2_ws/src/wall_follower': PYTHONPATH=/home/user/ros2_ws/install/wall_follower/lib/python3.8/site-packages:${PYTHONPATH} _=/usr/bin/env /usr/bin/python3 setup.py egg_info --egg-base ../../build/wall_follower build --build-base /home/user/ros2_ws/build/wall_follower/build install --prefix /home/user/ros2_ws/install/wall_follower --record /home/user/ros2_ws/build/wall_follower/install.log --single-version-externally-managed
[1.296s] running egg_info
[1.296s] writing ../../build/wall_follower/wall_follower.egg-info/PKG-INFO
[1.297s] writing dependency_links to ../../build/wall_follower/wall_follower.egg-info/dependency_links.txt
[1.297s] writing entry points to ../../build/wall_follower/wall_follower.egg-info/entry_points.txt
[1.298s] writing requirements to ../../build/wall_follower/wall_follower.egg-info/requires.txt
[1.298s] writing top-level names to ../../build/wall_follower/wall_follower.egg-info/top_level.txt
[1.347s] reading manifest file '../../build/wall_follower/wall_follower.egg-info/SOURCES.txt'
[1.349s] writing manifest file '../../build/wall_follower/wall_follower.egg-info/SOURCES.txt'
[1.349s] running build
[1.349s] running build_py
[1.349s] copying wall_follower/wall_follower_node.py -> /home/user/ros2_ws/build/wall_follower/build/lib/wall_follower
[1.350s] running install
[1.351s] running install_lib
[1.352s] copying /home/user/ros2_ws/build/wall_follower/build/lib/wall_follower/wall_follower_node.py -> /home/user/ros2_ws/install/wall_follower/lib/python3.8/site-packages/wall_follower
[1.353s] byte-compiling /home/user/ros2_ws/install/wall_follower/lib/python3.8/site-packages/wall_follower/wall_follower_node.py to wall_follower_node.cpython-38.pyc
[1.354s] running install_data
[1.354s] running install_egg_info
[1.357s] removing '/home/user/ros2_ws/install/wall_follower/lib/python3.8/site-packages/wall_follower-0.0.0-py3.8.egg-info' (and everything under it)
[1.357s] Copying ../../build/wall_follower/wall_follower.egg-info to /home/user/ros2_ws/install/wall_follower/lib/python3.8/site-packages/wall_follower-0.0.0-py3.8.egg-info
[1.358s] running install_scripts
[1.401s] Installing wall_follower_node script to /home/user/ros2_ws/install/wall_follower/lib/wall_follower
[1.402s] writing list of installed files to '/home/user/ros2_ws/build/wall_follower/install.log'
[1.442s] Invoked command in '/home/user/ros2_ws/src/wall_follower' returned '0': PYTHONPATH=/home/user/ros2_ws/install/wall_follower/lib/python3.8/site-packages:${PYTHONPATH} _=/usr/bin/env /usr/bin/python3 setup.py egg_info --egg-base ../../build/wall_follower build --build-base /home/user/ros2_ws/build/wall_follower/build install --prefix /home/user/ros2_ws/install/wall_follower --record /home/user/ros2_ws/build/wall_follower/install.log --single-version-externally-managed
