-- Found ament_cmake: 0.9.9 (/opt/ros/foxy/share/ament_cmake/cmake)
-- Using PYTHON_EXECUTABLE: /usr/bin/python3
-- Found rclcpp: 2.4.0 (/opt/ros/foxy/share/rclcpp/cmake)
-- Using all available rosidl_typesupport_c: rosidl_typesupport_fastrtps_c;rosidl_typesupport_introspection_c
-- Found rosidl_adapter: 1.2.1 (/opt/ros/foxy/share/rosidl_adapter/cmake)
-- Using all available rosidl_typesupport_cpp: rosidl_typesupport_fastrtps_cpp;rosidl_typesupport_introspection_cpp
-- Found rmw_implementation_cmake: 1.0.3 (/opt/ros/foxy/share/rmw_implementation_cmake/cmake)
-- Using RMW implementation 'rmw_fastrtps_cpp' as default
CMake Error at CMakeLists.txt:22 (find_package):
  By not providing "Findrosidl_default_generator.cmake" in CMAKE_MODULE_PATH
  this project has asked CMake to find a package configuration file provided
  by "rosidl_default_generator", but CMake did not find one.

  Could not find a package configuration file provided by
  "rosidl_default_generator" with any of the following names:

    rosidl_default_generatorConfig.cmake
    rosidl_default_generator-config.cmake

  Add the installation prefix of "rosidl_default_generator" to
  CMAKE_PREFIX_PATH or set "rosidl_default_generator_DIR" to a directory
  containing one of the above files.  If "rosidl_default_generator" provides
  a separate development package or SDK, be sure it has been installed.


-- Configuring incomplete, errors occurred!
See also "/home/user/ros2_ws/build/custom_interfaces/CMakeFiles/CMakeOutput.log".
See also "/home/user/ros2_ws/build/custom_interfaces/CMakeFiles/CMakeError.log".
