[1.067s] Invoking command in '/home/user/ros2_ws/src/wall_follower': PYTHONPATH=/home/user/ros2_ws/install/wall_follower/lib/python3.8/site-packages:/home/user/ros2_ws/install/custom_interfaces/lib/python3.8/site-packages:/home/user/ros2_ws/install/wall_follower/lib/python3.8/site-packages:/home/simulations/ros2_sims_ws/install/ros1_bridge/lib/python3.8/site-packages:/opt/ros/foxy/lib/python3.8/site-packages:/home/simulations/public_sim_ws/src/all/ros_basics_examples/python_course_class:/home/simulations/public_sim_ws/src/ros_basics_examples/python_course_class:/home/simulations/public_sim_ws/src/all/kinematics_course_utils/kinematics _=/usr/bin/env /usr/bin/python3 setup.py egg_info --egg-base ../../build/wall_follower build --build-base /home/user/ros2_ws/build/wall_follower/build install --prefix /home/user/ros2_ws/install/wall_follower --record /home/user/ros2_ws/build/wall_follower/install.log --single-version-externally-managed
[1.858s] running egg_info
[1.858s] writing ../../build/wall_follower/wall_follower.egg-info/PKG-INFO
[1.859s] writing dependency_links to ../../build/wall_follower/wall_follower.egg-info/dependency_links.txt
[1.859s] writing entry points to ../../build/wall_follower/wall_follower.egg-info/entry_points.txt
[1.859s] writing requirements to ../../build/wall_follower/wall_follower.egg-info/requires.txt
[1.859s] writing top-level names to ../../build/wall_follower/wall_follower.egg-info/top_level.txt
[1.945s] reading manifest file '../../build/wall_follower/wall_follower.egg-info/SOURCES.txt'
[1.946s] writing manifest file '../../build/wall_follower/wall_follower.egg-info/SOURCES.txt'
[1.946s] running build
[1.946s] running build_py
[1.947s] copying wall_follower/wall_following.py -> /home/user/ros2_ws/build/wall_follower/build/lib/wall_follower
[1.947s] running install
[1.948s] running install_lib
[1.949s] copying /home/user/ros2_ws/build/wall_follower/build/lib/wall_follower/wall_following.py -> /home/user/ros2_ws/install/wall_follower/lib/python3.8/site-packages/wall_follower
[1.950s] byte-compiling /home/user/ros2_ws/install/wall_follower/lib/python3.8/site-packages/wall_follower/wall_following.py to wall_following.cpython-38.pyc
[1.951s]   File "/home/user/ros2_ws/install/wall_follower/lib/python3.8/site-packages/wall_follower/wall_following.py", line 44
[1.951s]     elif(right_distance>0.35 and cmd.linear.x=0.0 and cmd.linear.z=0.0):
[1.951s]                                              ^
[1.951s] SyntaxError: invalid syntax
[1.951s] 
[1.951s] running install_data
[1.952s] running install_egg_info
[1.954s] removing '/home/user/ros2_ws/install/wall_follower/lib/python3.8/site-packages/wall_follower-0.0.0-py3.8.egg-info' (and everything under it)
[1.954s] Copying ../../build/wall_follower/wall_follower.egg-info to /home/user/ros2_ws/install/wall_follower/lib/python3.8/site-packages/wall_follower-0.0.0-py3.8.egg-info
[1.956s] running install_scripts
[2.042s] Installing wall_finder script to /home/user/ros2_ws/install/wall_follower/lib/wall_follower
[2.043s] Installing wall_follower_node script to /home/user/ros2_ws/install/wall_follower/lib/wall_follower
[2.043s] writing list of installed files to '/home/user/ros2_ws/build/wall_follower/install.log'
[2.077s] Invoked command in '/home/user/ros2_ws/src/wall_follower' returned '0': PYTHONPATH=/home/user/ros2_ws/install/wall_follower/lib/python3.8/site-packages:/home/user/ros2_ws/install/custom_interfaces/lib/python3.8/site-packages:/home/user/ros2_ws/install/wall_follower/lib/python3.8/site-packages:/home/simulations/ros2_sims_ws/install/ros1_bridge/lib/python3.8/site-packages:/opt/ros/foxy/lib/python3.8/site-packages:/home/simulations/public_sim_ws/src/all/ros_basics_examples/python_course_class:/home/simulations/public_sim_ws/src/ros_basics_examples/python_course_class:/home/simulations/public_sim_ws/src/all/kinematics_course_utils/kinematics _=/usr/bin/env /usr/bin/python3 setup.py egg_info --egg-base ../../build/wall_follower build --build-base /home/user/ros2_ws/build/wall_follower/build install --prefix /home/user/ros2_ws/install/wall_follower --record /home/user/ros2_ws/build/wall_follower/install.log --single-version-externally-managed
