[0.039s] Invoking command in '/home/user/ros2_ws/build/custom_interfaces': CMAKE_PREFIX_PATH=${CMAKE_PREFIX_PATH}:/home/user/ros2_ws/install/wall_follower:/opt/ros/foxy _=/usr/bin/env /usr/bin/cmake --build /home/user/ros2_ws/build/custom_interfaces -- -j8 -l8
[0.162s] [  3%] Built target custom_interfaces__cpp
[0.333s] [ 12%] Built target custom_interfaces__rosidl_generator_c
[0.396s] [ 22%] Built target custom_interfaces__rosidl_typesupport_fastrtps_cpp
[0.449s] [ 32%] Built target custom_interfaces__rosidl_typesupport_introspection_c
[0.622s] [ 41%] Built target custom_interfaces__rosidl_typesupport_fastrtps_c
[0.658s] [ 51%] Built target custom_interfaces__rosidl_typesupport_c
[0.719s] [ 61%] Built target custom_interfaces__rosidl_typesupport_introspection_cpp
[0.759s] [ 70%] Built target custom_interfaces__rosidl_typesupport_cpp
[0.926s] [ 70%] Built target custom_interfaces
[0.992s] [ 74%] Built target custom_interfaces__py
[1.133s] [ 80%] Built target custom_interfaces__python
[1.236s] [ 87%] Built target custom_interfaces__rosidl_typesupport_introspection_c__pyext
[1.311s] [ 93%] Built target custom_interfaces__rosidl_typesupport_c__pyext
[1.447s] [100%] Built target custom_interfaces__rosidl_typesupport_fastrtps_c__pyext
[1.461s] Invoked command in '/home/user/ros2_ws/build/custom_interfaces' returned '0': CMAKE_PREFIX_PATH=${CMAKE_PREFIX_PATH}:/home/user/ros2_ws/install/wall_follower:/opt/ros/foxy _=/usr/bin/env /usr/bin/cmake --build /home/user/ros2_ws/build/custom_interfaces -- -j8 -l8
[1.901s] Invoking command in '/home/user/ros2_ws/build/custom_interfaces': CMAKE_PREFIX_PATH=${CMAKE_PREFIX_PATH}:/home/user/ros2_ws/install/wall_follower:/opt/ros/foxy _=/usr/bin/env /usr/bin/cmake --install /home/user/ros2_ws/build/custom_interfaces
[1.991s] -- Install configuration: ""
[1.991s] -- Up-to-date: /home/user/ros2_ws/install/custom_interfaces/share/ament_index/resource_index/rosidl_interfaces/custom_interfaces
[1.991s] -- Up-to-date: /home/user/ros2_ws/install/custom_interfaces/include/custom_interfaces
[1.991s] -- Up-to-date: /home/user/ros2_ws/install/custom_interfaces/include/custom_interfaces/srv
[1.991s] -- Up-to-date: /home/user/ros2_ws/install/custom_interfaces/include/custom_interfaces/srv/detail
[1.991s] -- Up-to-date: /home/user/ros2_ws/install/custom_interfaces/include/custom_interfaces/srv/detail/find_wall__functions.h
[1.991s] -- Up-to-date: /home/user/ros2_ws/install/custom_interfaces/include/custom_interfaces/srv/detail/find_wall__functions.c
[1.992s] -- Up-to-date: /home/user/ros2_ws/install/custom_interfaces/include/custom_interfaces/srv/detail/find_wall__struct.h
[1.992s] -- Up-to-date: /home/user/ros2_ws/install/custom_interfaces/include/custom_interfaces/srv/detail/find_wall__type_support.h
[1.992s] -- Up-to-date: /home/user/ros2_ws/install/custom_interfaces/include/custom_interfaces/srv/find_wall.h
[1.992s] -- Up-to-date: /home/user/ros2_ws/install/custom_interfaces/include/custom_interfaces/msg
[1.992s] -- Up-to-date: /home/user/ros2_ws/install/custom_interfaces/include/custom_interfaces/msg/rosidl_generator_c__visibility_control.h
[1.993s] -- Up-to-date: /home/user/ros2_ws/install/custom_interfaces/share/custom_interfaces/environment/library_path.sh
[1.993s] -- Up-to-date: /home/user/ros2_ws/install/custom_interfaces/share/custom_interfaces/environment/library_path.dsv
[1.993s] -- Up-to-date: /home/user/ros2_ws/install/custom_interfaces/lib/libcustom_interfaces__rosidl_generator_c.so
[1.993s] -- Up-to-date: /home/user/ros2_ws/install/custom_interfaces/include/custom_interfaces
[1.993s] -- Up-to-date: /home/user/ros2_ws/install/custom_interfaces/include/custom_interfaces/srv
[1.993s] -- Up-to-date: /home/user/ros2_ws/install/custom_interfaces/include/custom_interfaces/srv/detail
[1.993s] -- Up-to-date: /home/user/ros2_ws/install/custom_interfaces/include/custom_interfaces/srv/detail/find_wall__rosidl_typesupport_fastrtps_c.h
[1.993s] -- Up-to-date: /home/user/ros2_ws/install/custom_interfaces/include/custom_interfaces/msg
[1.993s] -- Up-to-date: /home/user/ros2_ws/install/custom_interfaces/include/custom_interfaces/msg/rosidl_typesupport_fastrtps_c__visibility_control.h
[1.995s] -- Up-to-date: /home/user/ros2_ws/install/custom_interfaces/lib/libcustom_interfaces__rosidl_typesupport_fastrtps_c.so
[1.996s] -- Up-to-date: /home/user/ros2_ws/install/custom_interfaces/include/custom_interfaces
[1.996s] -- Up-to-date: /home/user/ros2_ws/install/custom_interfaces/include/custom_interfaces/srv
[1.996s] -- Up-to-date: /home/user/ros2_ws/install/custom_interfaces/include/custom_interfaces/srv/detail
[1.997s] -- Up-to-date: /home/user/ros2_ws/install/custom_interfaces/include/custom_interfaces/srv/detail/dds_fastrtps
[1.997s] -- Up-to-date: /home/user/ros2_ws/install/custom_interfaces/include/custom_interfaces/srv/detail/find_wall__rosidl_typesupport_fastrtps_cpp.hpp
[1.997s] -- Up-to-date: /home/user/ros2_ws/install/custom_interfaces/include/custom_interfaces/msg
[1.997s] -- Up-to-date: /home/user/ros2_ws/install/custom_interfaces/include/custom_interfaces/msg/rosidl_typesupport_fastrtps_cpp__visibility_control.h
[1.997s] -- Up-to-date: /home/user/ros2_ws/install/custom_interfaces/lib/libcustom_interfaces__rosidl_typesupport_fastrtps_cpp.so
[1.998s] -- Up-to-date: /home/user/ros2_ws/install/custom_interfaces/include/custom_interfaces
[1.998s] -- Up-to-date: /home/user/ros2_ws/install/custom_interfaces/include/custom_interfaces/srv
[1.998s] -- Up-to-date: /home/user/ros2_ws/install/custom_interfaces/include/custom_interfaces/srv/detail
[1.998s] -- Up-to-date: /home/user/ros2_ws/install/custom_interfaces/include/custom_interfaces/srv/detail/find_wall__type_support.c
[1.998s] -- Up-to-date: /home/user/ros2_ws/install/custom_interfaces/include/custom_interfaces/srv/detail/find_wall__rosidl_typesupport_introspection_c.h
[1.998s] -- Up-to-date: /home/user/ros2_ws/install/custom_interfaces/include/custom_interfaces/msg
[2.001s] -- Up-to-date: /home/user/ros2_ws/install/custom_interfaces/include/custom_interfaces/msg/rosidl_typesupport_introspection_c__visibility_control.h
[2.001s] -- Up-to-date: /home/user/ros2_ws/install/custom_interfaces/lib/libcustom_interfaces__rosidl_typesupport_introspection_c.so
[2.001s] -- Up-to-date: /home/user/ros2_ws/install/custom_interfaces/lib/libcustom_interfaces__rosidl_typesupport_c.so
[2.002s] -- Up-to-date: /home/user/ros2_ws/install/custom_interfaces/include/custom_interfaces
[2.002s] -- Up-to-date: /home/user/ros2_ws/install/custom_interfaces/include/custom_interfaces/srv
[2.002s] -- Up-to-date: /home/user/ros2_ws/install/custom_interfaces/include/custom_interfaces/srv/detail
[2.002s] -- Up-to-date: /home/user/ros2_ws/install/custom_interfaces/include/custom_interfaces/srv/detail/find_wall__struct.hpp
[2.002s] -- Up-to-date: /home/user/ros2_ws/install/custom_interfaces/include/custom_interfaces/srv/detail/find_wall__builder.hpp
[2.002s] -- Up-to-date: /home/user/ros2_ws/install/custom_interfaces/include/custom_interfaces/srv/detail/find_wall__traits.hpp
[2.002s] -- Up-to-date: /home/user/ros2_ws/install/custom_interfaces/include/custom_interfaces/srv/find_wall.hpp
[2.003s] -- Up-to-date: /home/user/ros2_ws/install/custom_interfaces/include/custom_interfaces
[2.003s] -- Up-to-date: /home/user/ros2_ws/install/custom_interfaces/include/custom_interfaces/srv
[2.003s] -- Up-to-date: /home/user/ros2_ws/install/custom_interfaces/include/custom_interfaces/srv/detail
[2.003s] -- Up-to-date: /home/user/ros2_ws/install/custom_interfaces/include/custom_interfaces/srv/detail/find_wall__type_support.cpp
[2.003s] -- Up-to-date: /home/user/ros2_ws/install/custom_interfaces/include/custom_interfaces/srv/detail/find_wall__rosidl_typesupport_introspection_cpp.hpp
[2.003s] -- Up-to-date: /home/user/ros2_ws/install/custom_interfaces/lib/libcustom_interfaces__rosidl_typesupport_introspection_cpp.so
[2.003s] -- Up-to-date: /home/user/ros2_ws/install/custom_interfaces/lib/libcustom_interfaces__rosidl_typesupport_cpp.so
[2.005s] -- Up-to-date: /home/user/ros2_ws/install/custom_interfaces/share/custom_interfaces/environment/pythonpath.sh
[2.005s] -- Up-to-date: /home/user/ros2_ws/install/custom_interfaces/share/custom_interfaces/environment/pythonpath.dsv
[2.005s] -- Up-to-date: /home/user/ros2_ws/install/custom_interfaces/lib/python3.8/site-packages/custom_interfaces/__init__.py
[2.062s] -- Up-to-date: /home/user/ros2_ws/install/custom_interfaces/lib/python3.8/site-packages/custom_interfaces/srv
[2.062s] -- Up-to-date: /home/user/ros2_ws/install/custom_interfaces/lib/python3.8/site-packages/custom_interfaces/srv/_find_wall.py
[2.062s] -- Up-to-date: /home/user/ros2_ws/install/custom_interfaces/lib/python3.8/site-packages/custom_interfaces/srv/__init__.py
[2.063s] -- Up-to-date: /home/user/ros2_ws/install/custom_interfaces/lib/python3.8/site-packages/custom_interfaces/srv/_find_wall_s.c
[2.063s] -- Up-to-date: /home/user/ros2_ws/install/custom_interfaces/lib/python3.8/site-packages/custom_interfaces/custom_interfaces_s__rosidl_typesupport_fastrtps_c.cpython-38-x86_64-linux-gnu.so
[2.064s] -- Up-to-date: /home/user/ros2_ws/install/custom_interfaces/lib/python3.8/site-packages/custom_interfaces/custom_interfaces_s__rosidl_typesupport_introspection_c.cpython-38-x86_64-linux-gnu.so
[2.091s] -- Up-to-date: /home/user/ros2_ws/install/custom_interfaces/lib/python3.8/site-packages/custom_interfaces/custom_interfaces_s__rosidl_typesupport_c.cpython-38-x86_64-linux-gnu.so
[2.103s] -- Up-to-date: /home/user/ros2_ws/install/custom_interfaces/lib/libcustom_interfaces__python.so
[2.103s] -- Up-to-date: /home/user/ros2_ws/install/custom_interfaces/share/custom_interfaces/srv/FindWall.idl
[2.103s] -- Up-to-date: /home/user/ros2_ws/install/custom_interfaces/share/custom_interfaces/srv/FindWall.srv
[2.103s] -- Up-to-date: /home/user/ros2_ws/install/custom_interfaces/share/custom_interfaces/srv/FindWall_Request.msg
[2.103s] -- Up-to-date: /home/user/ros2_ws/install/custom_interfaces/share/custom_interfaces/srv/FindWall_Response.msg
[2.103s] -- Up-to-date: /home/user/ros2_ws/install/custom_interfaces/share/ament_index/resource_index/package_run_dependencies/custom_interfaces
[2.104s] -- Up-to-date: /home/user/ros2_ws/install/custom_interfaces/share/ament_index/resource_index/parent_prefix_path/custom_interfaces
[2.104s] -- Up-to-date: /home/user/ros2_ws/install/custom_interfaces/share/custom_interfaces/environment/ament_prefix_path.sh
[2.105s] -- Up-to-date: /home/user/ros2_ws/install/custom_interfaces/share/custom_interfaces/environment/ament_prefix_path.dsv
[2.105s] -- Up-to-date: /home/user/ros2_ws/install/custom_interfaces/share/custom_interfaces/environment/path.sh
[2.105s] -- Up-to-date: /home/user/ros2_ws/install/custom_interfaces/share/custom_interfaces/environment/path.dsv
[2.105s] -- Up-to-date: /home/user/ros2_ws/install/custom_interfaces/share/custom_interfaces/local_setup.bash
[2.105s] -- Up-to-date: /home/user/ros2_ws/install/custom_interfaces/share/custom_interfaces/local_setup.sh
[2.105s] -- Up-to-date: /home/user/ros2_ws/install/custom_interfaces/share/custom_interfaces/local_setup.zsh
[2.106s] -- Up-to-date: /home/user/ros2_ws/install/custom_interfaces/share/custom_interfaces/local_setup.dsv
[2.107s] -- Installing: /home/user/ros2_ws/install/custom_interfaces/share/custom_interfaces/package.dsv
[2.107s] -- Up-to-date: /home/user/ros2_ws/install/custom_interfaces/share/ament_index/resource_index/packages/custom_interfaces
[2.107s] -- Up-to-date: /home/user/ros2_ws/install/custom_interfaces/share/custom_interfaces/cmake/custom_interfaces__rosidl_generator_cExport.cmake
[2.107s] -- Up-to-date: /home/user/ros2_ws/install/custom_interfaces/share/custom_interfaces/cmake/custom_interfaces__rosidl_generator_cExport-noconfig.cmake
[2.108s] -- Up-to-date: /home/user/ros2_ws/install/custom_interfaces/share/custom_interfaces/cmake/custom_interfaces__rosidl_typesupport_introspection_cExport.cmake
[2.108s] -- Up-to-date: /home/user/ros2_ws/install/custom_interfaces/share/custom_interfaces/cmake/custom_interfaces__rosidl_typesupport_introspection_cExport-noconfig.cmake
[2.108s] -- Up-to-date: /home/user/ros2_ws/install/custom_interfaces/share/custom_interfaces/cmake/custom_interfaces__rosidl_typesupport_cExport.cmake
[2.109s] -- Up-to-date: /home/user/ros2_ws/install/custom_interfaces/share/custom_interfaces/cmake/custom_interfaces__rosidl_typesupport_cExport-noconfig.cmake
[2.110s] -- Up-to-date: /home/user/ros2_ws/install/custom_interfaces/share/custom_interfaces/cmake/custom_interfaces__rosidl_generator_cppExport.cmake
[2.110s] -- Up-to-date: /home/user/ros2_ws/install/custom_interfaces/share/custom_interfaces/cmake/custom_interfaces__rosidl_typesupport_introspection_cppExport.cmake
[2.110s] -- Up-to-date: /home/user/ros2_ws/install/custom_interfaces/share/custom_interfaces/cmake/custom_interfaces__rosidl_typesupport_introspection_cppExport-noconfig.cmake
[2.110s] -- Up-to-date: /home/user/ros2_ws/install/custom_interfaces/share/custom_interfaces/cmake/custom_interfaces__rosidl_typesupport_cppExport.cmake
[2.110s] -- Up-to-date: /home/user/ros2_ws/install/custom_interfaces/share/custom_interfaces/cmake/custom_interfaces__rosidl_typesupport_cppExport-noconfig.cmake
[2.110s] -- Up-to-date: /home/user/ros2_ws/install/custom_interfaces/share/custom_interfaces/cmake/rosidl_cmake-extras.cmake
[2.111s] -- Up-to-date: /home/user/ros2_ws/install/custom_interfaces/share/custom_interfaces/cmake/ament_cmake_export_dependencies-extras.cmake
[2.111s] -- Up-to-date: /home/user/ros2_ws/install/custom_interfaces/share/custom_interfaces/cmake/ament_cmake_export_libraries-extras.cmake
[2.111s] -- Up-to-date: /home/user/ros2_ws/install/custom_interfaces/share/custom_interfaces/cmake/ament_cmake_export_targets-extras.cmake
[2.118s] -- Up-to-date: /home/user/ros2_ws/install/custom_interfaces/share/custom_interfaces/cmake/ament_cmake_export_include_directories-extras.cmake
[2.119s] -- Up-to-date: /home/user/ros2_ws/install/custom_interfaces/share/custom_interfaces/cmake/rosidl_cmake_export_typesupport_libraries-extras.cmake
[2.120s] -- Up-to-date: /home/user/ros2_ws/install/custom_interfaces/share/custom_interfaces/cmake/rosidl_cmake_export_typesupport_targets-extras.cmake
[2.121s] -- Up-to-date: /home/user/ros2_ws/install/custom_interfaces/share/custom_interfaces/cmake/custom_interfacesConfig.cmake
[2.121s] -- Up-to-date: /home/user/ros2_ws/install/custom_interfaces/share/custom_interfaces/cmake/custom_interfacesConfig-version.cmake
[2.121s] -- Up-to-date: /home/user/ros2_ws/install/custom_interfaces/share/custom_interfaces/package.xml
[2.121s] Invoked command in '/home/user/ros2_ws/build/custom_interfaces' returned '0': CMAKE_PREFIX_PATH=${CMAKE_PREFIX_PATH}:/home/user/ros2_ws/install/wall_follower:/opt/ros/foxy _=/usr/bin/env /usr/bin/cmake --install /home/user/ros2_ws/build/custom_interfaces
