[0.971s] Invoking command in '/home/user/ros2_ws/src/wall_follower': PYTHONPATH=/home/user/ros2_ws/install/wall_follower/lib/python3.8/site-packages:${PYTHONPATH} _=/usr/bin/env /usr/bin/python3 setup.py egg_info --egg-base ../../build/wall_follower build --build-base /home/user/ros2_ws/build/wall_follower/build install --prefix /home/user/ros2_ws/install/wall_follower --record /home/user/ros2_ws/build/wall_follower/install.log --single-version-externally-managed
[1.777s] running egg_info
[1.779s] writing ../../build/wall_follower/wall_follower.egg-info/PKG-INFO
[1.781s] writing dependency_links to ../../build/wall_follower/wall_follower.egg-info/dependency_links.txt
[1.782s] writing entry points to ../../build/wall_follower/wall_follower.egg-info/entry_points.txt
[1.782s] writing requirements to ../../build/wall_follower/wall_follower.egg-info/requires.txt
[1.782s] writing top-level names to ../../build/wall_follower/wall_follower.egg-info/top_level.txt
[1.928s] reading manifest file '../../build/wall_follower/wall_follower.egg-info/SOURCES.txt'
[1.929s] writing manifest file '../../build/wall_follower/wall_follower.egg-info/SOURCES.txt'
[1.929s] running build
[1.929s] running build_py
[1.934s] copying wall_follower/wall_follower_node.py -> /home/user/ros2_ws/build/wall_follower/build/lib/wall_follower
[1.934s] running install
[1.936s] running install_lib
[1.938s] copying /home/user/ros2_ws/build/wall_follower/build/lib/wall_follower/wall_follower_node.py -> /home/user/ros2_ws/install/wall_follower/lib/python3.8/site-packages/wall_follower
[1.939s] byte-compiling /home/user/ros2_ws/install/wall_follower/lib/python3.8/site-packages/wall_follower/wall_follower_node.py to wall_follower_node.cpython-38.pyc
[1.943s] running install_data
[1.944s] running install_egg_info
[1.952s] removing '/home/user/ros2_ws/install/wall_follower/lib/python3.8/site-packages/wall_follower-0.0.0-py3.8.egg-info' (and everything under it)
[1.953s] Copying ../../build/wall_follower/wall_follower.egg-info to /home/user/ros2_ws/install/wall_follower/lib/python3.8/site-packages/wall_follower-0.0.0-py3.8.egg-info
[1.954s] running install_scripts
[2.057s] Installing wall_follower_node script to /home/user/ros2_ws/install/wall_follower/lib/wall_follower
[2.059s] writing list of installed files to '/home/user/ros2_ws/build/wall_follower/install.log'
[2.270s] Invoked command in '/home/user/ros2_ws/src/wall_follower' returned '0': PYTHONPATH=/home/user/ros2_ws/install/wall_follower/lib/python3.8/site-packages:${PYTHONPATH} _=/usr/bin/env /usr/bin/python3 setup.py egg_info --egg-base ../../build/wall_follower build --build-base /home/user/ros2_ws/build/wall_follower/build install --prefix /home/user/ros2_ws/install/wall_follower --record /home/user/ros2_ws/build/wall_follower/install.log --single-version-externally-managed
