[0.563s] Invoking command in '/home/user/ros2_ws/src/wall_follwer': PYTHONPATH=/home/user/ros2_ws/install/wall_follwer/lib/python3.8/site-packages:${PYTHONPATH} _=/usr/bin/env /usr/bin/python3 setup.py egg_info --egg-base ../../build/wall_follwer build --build-base /home/user/ros2_ws/build/wall_follwer/build install --prefix /home/user/ros2_ws/install/wall_follwer --record /home/user/ros2_ws/build/wall_follwer/install.log --single-version-externally-managed
[1.113s] running egg_info
[1.114s] writing ../../build/wall_follwer/wall_follwer.egg-info/PKG-INFO
[1.115s] writing dependency_links to ../../build/wall_follwer/wall_follwer.egg-info/dependency_links.txt
[1.115s] writing entry points to ../../build/wall_follwer/wall_follwer.egg-info/entry_points.txt
[1.115s] writing requirements to ../../build/wall_follwer/wall_follwer.egg-info/requires.txt
[1.115s] writing top-level names to ../../build/wall_follwer/wall_follwer.egg-info/top_level.txt
[1.184s] reading manifest file '../../build/wall_follwer/wall_follwer.egg-info/SOURCES.txt'
[1.185s] writing manifest file '../../build/wall_follwer/wall_follwer.egg-info/SOURCES.txt'
[1.185s] running build
[1.186s] running build_py
[1.186s] running install
[1.188s] running install_lib
[1.190s] running install_data
[1.191s] running install_egg_info
[1.194s] removing '/home/user/ros2_ws/install/wall_follwer/lib/python3.8/site-packages/wall_follwer-0.0.0-py3.8.egg-info' (and everything under it)
[1.194s] Copying ../../build/wall_follwer/wall_follwer.egg-info to /home/user/ros2_ws/install/wall_follwer/lib/python3.8/site-packages/wall_follwer-0.0.0-py3.8.egg-info
[1.196s] running install_scripts
[1.223s] Installing wall_follower script to /home/user/ros2_ws/install/wall_follwer/lib/wall_follwer
[1.223s] writing list of installed files to '/home/user/ros2_ws/build/wall_follwer/install.log'
[1.271s] Invoked command in '/home/user/ros2_ws/src/wall_follwer' returned '0': PYTHONPATH=/home/user/ros2_ws/install/wall_follwer/lib/python3.8/site-packages:${PYTHONPATH} _=/usr/bin/env /usr/bin/python3 setup.py egg_info --egg-base ../../build/wall_follwer build --build-base /home/user/ros2_ws/build/wall_follwer/build install --prefix /home/user/ros2_ws/install/wall_follwer --record /home/user/ros2_ws/build/wall_follwer/install.log --single-version-externally-managed
