[0.026s] Invoking command in '/home/user/ros2_ws/build/custom_interfaces': CMAKE_PREFIX_PATH=${CMAKE_PREFIX_PATH}:/home/user/ros2_ws/install/wall_follower:/opt/ros/foxy _=/usr/bin/env /usr/bin/cmake --build /home/user/ros2_ws/build/custom_interfaces -- -j8 -l8
[0.065s] -- Found ament_cmake: 0.9.9 (/opt/ros/foxy/share/ament_cmake/cmake)
[0.096s] -- Found PythonInterp: /usr/bin/python3 (found suitable version "3.8.10", minimum required is "3") 
[0.096s] -- Using PYTHON_EXECUTABLE: /usr/bin/python3
[0.395s] -- Found rclcpp: 2.4.0 (/opt/ros/foxy/share/rclcpp/cmake)
[0.446s] -- Using all available rosidl_typesupport_c: rosidl_typesupport_fastrtps_c;rosidl_typesupport_introspection_c
[0.451s] -- Found rosidl_adapter: 1.2.1 (/opt/ros/foxy/share/rosidl_adapter/cmake)
[0.689s] -- Using all available rosidl_typesupport_cpp: rosidl_typesupport_fastrtps_cpp;rosidl_typesupport_introspection_cpp
[0.761s] -- Found rmw_implementation_cmake: 1.0.3 (/opt/ros/foxy/share/rmw_implementation_cmake/cmake)
[0.762s] -- Using RMW implementation 'rmw_fastrtps_cpp' as default
[0.960s] -- Found rosidl_default_generators: 1.0.1 (/opt/ros/foxy/share/rosidl_default_generators/cmake)
[0.973s] -- Found geometry_msgs: 2.0.4 (/opt/ros/foxy/share/geometry_msgs/cmake)
[1.021s] -- Found action_msgs: 1.0.0 (/opt/ros/foxy/share/action_msgs/cmake)
[1.073s] -- Found ament_lint_auto: 0.9.6 (/opt/ros/foxy/share/ament_lint_auto/cmake)
[1.190s] -- Found PythonInterp: /usr/bin/python3 (found version "3.8.10") 
[1.392s] CMake Error at /opt/ros/foxy/share/rosidl_adapter/cmake/rosidl_adapt_interfaces.cmake:60 (message):
[1.392s]   execute_process(/usr/bin/python3 -m rosidl_adapter --package-name
[1.392s]   custom_interfaces --arguments-file
[1.392s]   /home/user/ros2_ws/build/custom_interfaces/rosidl_adapter__arguments__custom_interfaces.json
[1.392s]   --output-dir
[1.392s]   /home/user/ros2_ws/build/custom_interfaces/rosidl_adapter/custom_interfaces
[1.393s]   --output-file
[1.393s]   /home/user/ros2_ws/build/custom_interfaces/rosidl_adapter/custom_interfaces.idls)
[1.393s]   returned error code 1:
[1.393s] 
[1.393s]   Error processing 'geometry_msgs/msg/Point[] list_of_odoms' of
[1.393s]   'custom_interfaces/OdomRecord_Result': 'geometry_msgs/msg/Point'
[1.393s] 
[1.393s]   Traceback (most recent call last):
[1.393s] 
[1.393s]     File "/usr/lib/python3.8/runpy.py", line 194, in _run_module_as_main
[1.393s]       return _run_code(code, main_globals, None,
[1.393s]     File "/usr/lib/python3.8/runpy.py", line 87, in _run_code
[1.393s]       exec(code, run_globals)
[1.394s]     File "/opt/ros/foxy/lib/python3.8/site-packages/rosidl_adapter/__main__.py", line 19, in <module>
[1.394s]       sys.exit(main())
[1.394s]     File "/opt/ros/foxy/lib/python3.8/site-packages/rosidl_adapter/main.py", line 53, in main
[1.394s]       abs_idl_file = convert_to_idl(
[1.394s]     File "/opt/ros/foxy/lib/python3.8/site-packages/rosidl_adapter/__init__.py", line 29, in convert_to_idl
[1.394s]       return convert_action_to_idl(
[1.394s]     File "/opt/ros/foxy/lib/python3.8/site-packages/rosidl_adapter/action/__init__.py", line 28, in convert_action_to_idl
[1.394s]       action = parse_action_string(package_name, input_file.stem, content)
[1.394s]     File "/opt/ros/foxy/lib/python3.8/site-packages/rosidl_adapter/parser.py", line 894, in parse_action_string
[1.394s]       result_message = parse_message_string(
[1.394s]     File "/opt/ros/foxy/lib/python3.8/site-packages/rosidl_adapter/parser.py", line 516, in parse_message_string
[1.394s]       Type(type_string, context_package_name=pkg_name),
[1.394s]     File "/opt/ros/foxy/lib/python3.8/site-packages/rosidl_adapter/parser.py", line 276, in __init__
[1.395s]       super(Type, self).__init__(
[1.395s]     File "/opt/ros/foxy/lib/python3.8/site-packages/rosidl_adapter/parser.py", line 189, in __init__
[1.395s]       raise InvalidResourceName(type_string)
[1.395s] 
[1.395s]   rosidl_adapter.parser.InvalidResourceName: geometry_msgs/msg/Point
[1.395s] 
[1.395s] Call Stack (most recent call first):
[1.395s]   /opt/ros/foxy/share/rosidl_cmake/cmake/rosidl_generate_interfaces.cmake:130 (rosidl_adapt_interfaces)
[1.395s]   CMakeLists.txt:39 (rosidl_generate_interfaces)
[1.396s] 
[1.396s] 
[1.396s] -- Configuring incomplete, errors occurred!
[1.396s] See also "/home/user/ros2_ws/build/custom_interfaces/CMakeFiles/CMakeOutput.log".
[1.396s] See also "/home/user/ros2_ws/build/custom_interfaces/CMakeFiles/CMakeError.log".
[1.403s] make: *** [Makefile:748: cmake_check_build_system] Error 1
[1.408s] Invoked command in '/home/user/ros2_ws/build/custom_interfaces' returned '2': CMAKE_PREFIX_PATH=${CMAKE_PREFIX_PATH}:/home/user/ros2_ws/install/wall_follower:/opt/ros/foxy _=/usr/bin/env /usr/bin/cmake --build /home/user/ros2_ws/build/custom_interfaces -- -j8 -l8
