running egg_info
creating ../../build/wall_follwer/wall_follwer.egg-info
writing ../../build/wall_follwer/wall_follwer.egg-info/PKG-INFO
writing dependency_links to ../../build/wall_follwer/wall_follwer.egg-info/dependency_links.txt
writing entry points to ../../build/wall_follwer/wall_follwer.egg-info/entry_points.txt
writing requirements to ../../build/wall_follwer/wall_follwer.egg-info/requires.txt
writing top-level names to ../../build/wall_follwer/wall_follwer.egg-info/top_level.txt
writing manifest file '../../build/wall_follwer/wall_follwer.egg-info/SOURCES.txt'
reading manifest file '../../build/wall_follwer/wall_follwer.egg-info/SOURCES.txt'
writing manifest file '../../build/wall_follwer/wall_follwer.egg-info/SOURCES.txt'
running build
running build_py
creating /home/user/ros2_ws/build/wall_follwer/build
creating /home/user/ros2_ws/build/wall_follwer/build/lib
creating /home/user/ros2_ws/build/wall_follwer/build/lib/wall_follwer
copying wall_follwer/__init__.py -> /home/user/ros2_ws/build/wall_follwer/build/lib/wall_follwer
copying wall_follwer/wall_follower.py -> /home/user/ros2_ws/build/wall_follwer/build/lib/wall_follwer
running install
running install_lib
creating /home/user/ros2_ws/install/wall_follwer/lib/python3.8/site-packages/wall_follwer
copying /home/user/ros2_ws/build/wall_follwer/build/lib/wall_follwer/__init__.py -> /home/user/ros2_ws/install/wall_follwer/lib/python3.8/site-packages/wall_follwer
copying /home/user/ros2_ws/build/wall_follwer/build/lib/wall_follwer/wall_follower.py -> /home/user/ros2_ws/install/wall_follwer/lib/python3.8/site-packages/wall_follwer
byte-compiling /home/user/ros2_ws/install/wall_follwer/lib/python3.8/site-packages/wall_follwer/__init__.py to __init__.cpython-38.pyc
byte-compiling /home/user/ros2_ws/install/wall_follwer/lib/python3.8/site-packages/wall_follwer/wall_follower.py to wall_follower.cpython-38.pyc
running install_data
creating /home/user/ros2_ws/install/wall_follwer/share/ament_index
creating /home/user/ros2_ws/install/wall_follwer/share/ament_index/resource_index
creating /home/user/ros2_ws/install/wall_follwer/share/ament_index/resource_index/packages
copying resource/wall_follwer -> /home/user/ros2_ws/install/wall_follwer/share/ament_index/resource_index/packages
copying package.xml -> /home/user/ros2_ws/install/wall_follwer/share/wall_follwer
running install_egg_info
Copying ../../build/wall_follwer/wall_follwer.egg-info to /home/user/ros2_ws/install/wall_follwer/lib/python3.8/site-packages/wall_follwer-0.0.0-py3.8.egg-info
running install_scripts
Installing wall_follower script to /home/user/ros2_ws/install/wall_follwer/lib/wall_follwer
writing list of installed files to '/home/user/ros2_ws/build/wall_follwer/install.log'
