[1.099s] Invoking command in '/home/user/ros2_ws/src/wall_follower': PYTHONPATH=/home/user/ros2_ws/install/wall_follower/lib/python3.8/site-packages:/home/user/ros2_ws/install/custom_interfaces/lib/python3.8/site-packages:/home/user/ros2_ws/install/wall_follower/lib/python3.8/site-packages:/home/simulations/ros2_sims_ws/install/ros1_bridge/lib/python3.8/site-packages:/home/user/ros2_ws/install/services_quiz/lib/python3.10/site-packages:/home/user/ros2_ws/install/services_quiz_srv/local/lib/python3.10/dist-packages:/opt/ros/foxy/lib/python3.8/site-packages:/home/simulations/public_sim_ws/src/all/ros_basics_examples/python_course_class:/home/simulations/public_sim_ws/src/ros_basics_examples/python_course_class:/home/simulations/public_sim_ws/src/all/kinematics_course_utils/kinematics _=/usr/bin/env /usr/bin/python3 setup.py egg_info --egg-base ../../build/wall_follower build --build-base /home/user/ros2_ws/build/wall_follower/build install --prefix /home/user/ros2_ws/install/wall_follower --record /home/user/ros2_ws/build/wall_follower/install.log --single-version-externally-managed
[1.935s] running egg_info
[1.935s] writing ../../build/wall_follower/wall_follower.egg-info/PKG-INFO
[1.935s] writing dependency_links to ../../build/wall_follower/wall_follower.egg-info/dependency_links.txt
[1.936s] writing entry points to ../../build/wall_follower/wall_follower.egg-info/entry_points.txt
[1.936s] writing requirements to ../../build/wall_follower/wall_follower.egg-info/requires.txt
[1.936s] writing top-level names to ../../build/wall_follower/wall_follower.egg-info/top_level.txt
[2.003s] reading manifest file '../../build/wall_follower/wall_follower.egg-info/SOURCES.txt'
[2.005s] writing manifest file '../../build/wall_follower/wall_follower.egg-info/SOURCES.txt'
[2.006s] running build
[2.006s] running build_py
[2.006s] copying wall_follower/wall_finder.py -> /home/user/ros2_ws/build/wall_follower/build/lib/wall_follower
[2.007s] running install
[2.009s] running install_lib
[2.011s] copying /home/user/ros2_ws/build/wall_follower/build/lib/wall_follower/wall_finder.py -> /home/user/ros2_ws/install/wall_follower/lib/python3.8/site-packages/wall_follower
[2.013s] byte-compiling /home/user/ros2_ws/install/wall_follower/lib/python3.8/site-packages/wall_follower/wall_finder.py to wall_finder.cpython-38.pyc
[2.014s] running install_data
[2.015s] running install_egg_info
[2.018s] removing '/home/user/ros2_ws/install/wall_follower/lib/python3.8/site-packages/wall_follower-0.0.0-py3.8.egg-info' (and everything under it)
[2.019s] Copying ../../build/wall_follower/wall_follower.egg-info to /home/user/ros2_ws/install/wall_follower/lib/python3.8/site-packages/wall_follower-0.0.0-py3.8.egg-info
[2.021s] running install_scripts
[2.089s] Installing wall_finder script to /home/user/ros2_ws/install/wall_follower/lib/wall_follower
[2.090s] Installing wall_follower_node script to /home/user/ros2_ws/install/wall_follower/lib/wall_follower
[2.090s] writing list of installed files to '/home/user/ros2_ws/build/wall_follower/install.log'
[2.180s] Invoked command in '/home/user/ros2_ws/src/wall_follower' returned '0': PYTHONPATH=/home/user/ros2_ws/install/wall_follower/lib/python3.8/site-packages:/home/user/ros2_ws/install/custom_interfaces/lib/python3.8/site-packages:/home/user/ros2_ws/install/wall_follower/lib/python3.8/site-packages:/home/simulations/ros2_sims_ws/install/ros1_bridge/lib/python3.8/site-packages:/home/user/ros2_ws/install/services_quiz/lib/python3.10/site-packages:/home/user/ros2_ws/install/services_quiz_srv/local/lib/python3.10/dist-packages:/opt/ros/foxy/lib/python3.8/site-packages:/home/simulations/public_sim_ws/src/all/ros_basics_examples/python_course_class:/home/simulations/public_sim_ws/src/ros_basics_examples/python_course_class:/home/simulations/public_sim_ws/src/all/kinematics_course_utils/kinematics _=/usr/bin/env /usr/bin/python3 setup.py egg_info --egg-base ../../build/wall_follower build --build-base /home/user/ros2_ws/build/wall_follower/build install --prefix /home/user/ros2_ws/install/wall_follower --record /home/user/ros2_ws/build/wall_follower/install.log --single-version-externally-managed
