[0.497s] Invoking command in '/home/user/ros2_ws/src/wall_follower': PYTHONPATH=/home/user/ros2_ws/install/wall_follower/lib/python3.8/site-packages:${PYTHONPATH} _=/usr/bin/env /usr/bin/python3 setup.py egg_info --egg-base ../../build/wall_follower build --build-base /home/user/ros2_ws/build/wall_follower/build install --prefix /home/user/ros2_ws/install/wall_follower --record /home/user/ros2_ws/build/wall_follower/install.log --single-version-externally-managed
[0.866s] running egg_info
[0.868s] writing ../../build/wall_follower/wall_follower.egg-info/PKG-INFO
[0.868s] writing dependency_links to ../../build/wall_follower/wall_follower.egg-info/dependency_links.txt
[0.869s] writing entry points to ../../build/wall_follower/wall_follower.egg-info/entry_points.txt
[0.869s] writing requirements to ../../build/wall_follower/wall_follower.egg-info/requires.txt
[0.869s] writing top-level names to ../../build/wall_follower/wall_follower.egg-info/top_level.txt
[0.910s] reading manifest file '../../build/wall_follower/wall_follower.egg-info/SOURCES.txt'
[0.911s] writing manifest file '../../build/wall_follower/wall_follower.egg-info/SOURCES.txt'
[0.911s] running build
[0.911s] running build_py
[0.911s] copying wall_follower/wall_finder.py -> /home/user/ros2_ws/build/wall_follower/build/lib/wall_follower
[0.911s] running install
[0.912s] running install_lib
[0.913s] copying /home/user/ros2_ws/build/wall_follower/build/lib/wall_follower/wall_finder.py -> /home/user/ros2_ws/install/wall_follower/lib/python3.8/site-packages/wall_follower
[0.914s] byte-compiling /home/user/ros2_ws/install/wall_follower/lib/python3.8/site-packages/wall_follower/wall_finder.py to wall_finder.cpython-38.pyc
[0.914s] running install_data
[0.915s] copying package.xml -> /home/user/ros2_ws/install/wall_follower/share/wall_follower
[0.915s] running install_egg_info
[0.917s] removing '/home/user/ros2_ws/install/wall_follower/lib/python3.8/site-packages/wall_follower-0.0.0-py3.8.egg-info' (and everything under it)
[0.917s] Copying ../../build/wall_follower/wall_follower.egg-info to /home/user/ros2_ws/install/wall_follower/lib/python3.8/site-packages/wall_follower-0.0.0-py3.8.egg-info
[0.918s] running install_scripts
[0.940s] Installing wall_follower_node script to /home/user/ros2_ws/install/wall_follower/lib/wall_follower
[0.940s] writing list of installed files to '/home/user/ros2_ws/build/wall_follower/install.log'
[0.964s] Invoked command in '/home/user/ros2_ws/src/wall_follower' returned '0': PYTHONPATH=/home/user/ros2_ws/install/wall_follower/lib/python3.8/site-packages:${PYTHONPATH} _=/usr/bin/env /usr/bin/python3 setup.py egg_info --egg-base ../../build/wall_follower build --build-base /home/user/ros2_ws/build/wall_follower/build install --prefix /home/user/ros2_ws/install/wall_follower --record /home/user/ros2_ws/build/wall_follower/install.log --single-version-externally-managed
