[0.384s] Invoking command in '/home/user/ros2_ws/src/wall_follower': PYTHONPATH=/home/user/ros2_ws/install/wall_follower/lib/python3.8/site-packages:${PYTHONPATH} _=/usr/bin/env /usr/bin/python3 setup.py egg_info --egg-base ../../build/wall_follower build --build-base /home/user/ros2_ws/build/wall_follower/build install --prefix /home/user/ros2_ws/install/wall_follower --record /home/user/ros2_ws/build/wall_follower/install.log --single-version-externally-managed
[0.729s] running egg_info
[0.729s] writing ../../build/wall_follower/wall_follower.egg-info/PKG-INFO
[0.730s] writing dependency_links to ../../build/wall_follower/wall_follower.egg-info/dependency_links.txt
[0.730s] writing entry points to ../../build/wall_follower/wall_follower.egg-info/entry_points.txt
[0.730s] writing requirements to ../../build/wall_follower/wall_follower.egg-info/requires.txt
[0.730s] writing top-level names to ../../build/wall_follower/wall_follower.egg-info/top_level.txt
[0.773s] reading manifest file '../../build/wall_follower/wall_follower.egg-info/SOURCES.txt'
[0.774s] writing manifest file '../../build/wall_follower/wall_follower.egg-info/SOURCES.txt'
[0.774s] running build
[0.774s] running build_py
[0.774s] copying wall_follower/wall_follower_node.py -> /home/user/ros2_ws/build/wall_follower/build/lib/wall_follower
[0.775s] running install
[0.776s] running install_lib
[0.777s] copying /home/user/ros2_ws/build/wall_follower/build/lib/wall_follower/wall_follower_node.py -> /home/user/ros2_ws/install/wall_follower/lib/python3.8/site-packages/wall_follower
[0.778s] byte-compiling /home/user/ros2_ws/install/wall_follower/lib/python3.8/site-packages/wall_follower/wall_follower_node.py to wall_follower_node.cpython-38.pyc
[0.779s] running install_data
[0.780s] running install_egg_info
[0.781s] removing '/home/user/ros2_ws/install/wall_follower/lib/python3.8/site-packages/wall_follower-0.0.0-py3.8.egg-info' (and everything under it)
[0.782s] Copying ../../build/wall_follower/wall_follower.egg-info to /home/user/ros2_ws/install/wall_follower/lib/python3.8/site-packages/wall_follower-0.0.0-py3.8.egg-info
[0.783s] running install_scripts
[0.803s] Installing wall_follower_node script to /home/user/ros2_ws/install/wall_follower/lib/wall_follower
[0.804s] writing list of installed files to '/home/user/ros2_ws/build/wall_follower/install.log'
[0.830s] Invoked command in '/home/user/ros2_ws/src/wall_follower' returned '0': PYTHONPATH=/home/user/ros2_ws/install/wall_follower/lib/python3.8/site-packages:${PYTHONPATH} _=/usr/bin/env /usr/bin/python3 setup.py egg_info --egg-base ../../build/wall_follower build --build-base /home/user/ros2_ws/build/wall_follower/build install --prefix /home/user/ros2_ws/install/wall_follower --record /home/user/ros2_ws/build/wall_follower/install.log --single-version-externally-managed
