[0.734s] Invoking command in '/home/user/ros2_ws/src/wall_follower': PYTHONPATH=/home/user/ros2_ws/install/wall_follower/lib/python3.8/site-packages:${PYTHONPATH} _=/usr/bin/env /usr/bin/python3 setup.py egg_info --egg-base ../../build/wall_follower build --build-base /home/user/ros2_ws/build/wall_follower/build install --prefix /home/user/ros2_ws/install/wall_follower --record /home/user/ros2_ws/build/wall_follower/install.log --single-version-externally-managed
[1.311s] running egg_info
[1.311s] creating ../../build/wall_follower/wall_follower.egg-info
[1.311s] writing ../../build/wall_follower/wall_follower.egg-info/PKG-INFO
[1.311s] writing dependency_links to ../../build/wall_follower/wall_follower.egg-info/dependency_links.txt
[1.321s] writing entry points to ../../build/wall_follower/wall_follower.egg-info/entry_points.txt
[1.322s] writing requirements to ../../build/wall_follower/wall_follower.egg-info/requires.txt
[1.323s] writing top-level names to ../../build/wall_follower/wall_follower.egg-info/top_level.txt
[1.327s] writing manifest file '../../build/wall_follower/wall_follower.egg-info/SOURCES.txt'
[1.389s] reading manifest file '../../build/wall_follower/wall_follower.egg-info/SOURCES.txt'
[1.392s] writing manifest file '../../build/wall_follower/wall_follower.egg-info/SOURCES.txt'
[1.392s] running build
[1.393s] running build_py
[1.393s] creating /home/user/ros2_ws/build/wall_follower/build
[1.394s] creating /home/user/ros2_ws/build/wall_follower/build/lib
[1.394s] creating /home/user/ros2_ws/build/wall_follower/build/lib/wall_follower
[1.395s] copying wall_follower/__init__.py -> /home/user/ros2_ws/build/wall_follower/build/lib/wall_follower
[1.395s] copying wall_follower/wall_follower_node.py -> /home/user/ros2_ws/build/wall_follower/build/lib/wall_follower
[1.396s] running install
[1.398s] running install_lib
[1.400s] creating /home/user/ros2_ws/install/wall_follower/lib/python3.8/site-packages/wall_follower
[1.400s] copying /home/user/ros2_ws/build/wall_follower/build/lib/wall_follower/__init__.py -> /home/user/ros2_ws/install/wall_follower/lib/python3.8/site-packages/wall_follower
[1.400s] copying /home/user/ros2_ws/build/wall_follower/build/lib/wall_follower/wall_follower_node.py -> /home/user/ros2_ws/install/wall_follower/lib/python3.8/site-packages/wall_follower
[1.401s] byte-compiling /home/user/ros2_ws/install/wall_follower/lib/python3.8/site-packages/wall_follower/__init__.py to __init__.cpython-38.pyc
[1.405s] byte-compiling /home/user/ros2_ws/install/wall_follower/lib/python3.8/site-packages/wall_follower/wall_follower_node.py to wall_follower_node.cpython-38.pyc
[1.405s] running install_data
[1.405s] copying resource/wall_follower -> /home/user/ros2_ws/install/wall_follower/share/ament_index/resource_index/packages
[1.405s] copying package.xml -> /home/user/ros2_ws/install/wall_follower/share/wall_follower
[1.405s] copying launch/wall_follower_launch_file.launch.py -> /home/user/ros2_ws/install/wall_follower/share/wall_follower
[1.405s] running install_egg_info
[1.407s] Copying ../../build/wall_follower/wall_follower.egg-info to /home/user/ros2_ws/install/wall_follower/lib/python3.8/site-packages/wall_follower-0.0.0-py3.8.egg-info
[1.411s] running install_scripts
[1.452s] Installing wall_follower_node script to /home/user/ros2_ws/install/wall_follower/lib/wall_follower
[1.453s] writing list of installed files to '/home/user/ros2_ws/build/wall_follower/install.log'
[1.513s] Invoked command in '/home/user/ros2_ws/src/wall_follower' returned '0': PYTHONPATH=/home/user/ros2_ws/install/wall_follower/lib/python3.8/site-packages:${PYTHONPATH} _=/usr/bin/env /usr/bin/python3 setup.py egg_info --egg-base ../../build/wall_follower build --build-base /home/user/ros2_ws/build/wall_follower/build install --prefix /home/user/ros2_ws/install/wall_follower --record /home/user/ros2_ws/build/wall_follower/install.log --single-version-externally-managed
