[0.853s] Invoking command in '/home/user/ros2_ws/src/wall_follower': PYTHONPATH=/home/user/ros2_ws/install/wall_follower/lib/python3.8/site-packages:/home/user/ros2_ws/install/custom_interfaces/lib/python3.8/site-packages:/home/user/ros2_ws/install/wall_follower/lib/python3.8/site-packages:/home/simulations/ros2_sims_ws/install/ros1_bridge/lib/python3.8/site-packages:/opt/ros/foxy/lib/python3.8/site-packages:/home/simulations/public_sim_ws/src/all/ros_basics_examples/python_course_class:/home/simulations/public_sim_ws/src/ros_basics_examples/python_course_class:/home/simulations/public_sim_ws/src/all/kinematics_course_utils/kinematics _=/usr/bin/env /usr/bin/python3 setup.py egg_info --egg-base ../../build/wall_follower build --build-base /home/user/ros2_ws/build/wall_follower/build install --prefix /home/user/ros2_ws/install/wall_follower --record /home/user/ros2_ws/build/wall_follower/install.log --single-version-externally-managed
[1.565s] running egg_info
[1.566s] writing ../../build/wall_follower/wall_follower.egg-info/PKG-INFO
[1.566s] writing dependency_links to ../../build/wall_follower/wall_follower.egg-info/dependency_links.txt
[1.566s] writing entry points to ../../build/wall_follower/wall_follower.egg-info/entry_points.txt
[1.567s] writing requirements to ../../build/wall_follower/wall_follower.egg-info/requires.txt
[1.567s] writing top-level names to ../../build/wall_follower/wall_follower.egg-info/top_level.txt
[1.669s] reading manifest file '../../build/wall_follower/wall_follower.egg-info/SOURCES.txt'
[1.674s] writing manifest file '../../build/wall_follower/wall_follower.egg-info/SOURCES.txt'
[1.675s] running build
[1.675s] running build_py
[1.675s] running install
[1.675s] running install_lib
[1.675s] running install_data
[1.675s] running install_egg_info
[1.677s] removing '/home/user/ros2_ws/install/wall_follower/lib/python3.8/site-packages/wall_follower-0.0.0-py3.8.egg-info' (and everything under it)
[1.678s] Copying ../../build/wall_follower/wall_follower.egg-info to /home/user/ros2_ws/install/wall_follower/lib/python3.8/site-packages/wall_follower-0.0.0-py3.8.egg-info
[1.679s] running install_scripts
[1.730s] Installing wall_finder script to /home/user/ros2_ws/install/wall_follower/lib/wall_follower
[1.730s] Installing wall_follower_node script to /home/user/ros2_ws/install/wall_follower/lib/wall_follower
[1.731s] writing list of installed files to '/home/user/ros2_ws/build/wall_follower/install.log'
[1.762s] Invoked command in '/home/user/ros2_ws/src/wall_follower' returned '0': PYTHONPATH=/home/user/ros2_ws/install/wall_follower/lib/python3.8/site-packages:/home/user/ros2_ws/install/custom_interfaces/lib/python3.8/site-packages:/home/user/ros2_ws/install/wall_follower/lib/python3.8/site-packages:/home/simulations/ros2_sims_ws/install/ros1_bridge/lib/python3.8/site-packages:/opt/ros/foxy/lib/python3.8/site-packages:/home/simulations/public_sim_ws/src/all/ros_basics_examples/python_course_class:/home/simulations/public_sim_ws/src/ros_basics_examples/python_course_class:/home/simulations/public_sim_ws/src/all/kinematics_course_utils/kinematics _=/usr/bin/env /usr/bin/python3 setup.py egg_info --egg-base ../../build/wall_follower build --build-base /home/user/ros2_ws/build/wall_follower/build install --prefix /home/user/ros2_ws/install/wall_follower --record /home/user/ros2_ws/build/wall_follower/install.log --single-version-externally-managed
