[0.894s] Invoking command in '/home/user/ros2_ws/src/wall_follower': PYTHONPATH=/home/user/ros2_ws/install/wall_follower/lib/python3.8/site-packages:/home/user/ros2_ws/install/custom_interfaces/lib/python3.8/site-packages:/home/user/ros2_ws/install/wall_follower/lib/python3.8/site-packages:/home/simulations/ros2_sims_ws/install/ros1_bridge/lib/python3.8/site-packages:/home/user/ros2_ws/install/services_quiz/lib/python3.10/site-packages:/home/user/ros2_ws/install/services_quiz_srv/local/lib/python3.10/dist-packages:/opt/ros/foxy/lib/python3.8/site-packages:/home/simulations/public_sim_ws/src/all/ros_basics_examples/python_course_class:/home/simulations/public_sim_ws/src/ros_basics_examples/python_course_class:/home/simulations/public_sim_ws/src/all/kinematics_course_utils/kinematics _=/usr/bin/env /usr/bin/python3 setup.py egg_info --egg-base ../../build/wall_follower build --build-base /home/user/ros2_ws/build/wall_follower/build install --prefix /home/user/ros2_ws/install/wall_follower --record /home/user/ros2_ws/build/wall_follower/install.log --single-version-externally-managed
[1.615s] running egg_info
[1.617s] writing ../../build/wall_follower/wall_follower.egg-info/PKG-INFO
[1.619s] writing dependency_links to ../../build/wall_follower/wall_follower.egg-info/dependency_links.txt
[1.620s] writing entry points to ../../build/wall_follower/wall_follower.egg-info/entry_points.txt
[1.621s] writing requirements to ../../build/wall_follower/wall_follower.egg-info/requires.txt
[1.621s] writing top-level names to ../../build/wall_follower/wall_follower.egg-info/top_level.txt
[1.741s] reading manifest file '../../build/wall_follower/wall_follower.egg-info/SOURCES.txt'
[1.742s] writing manifest file '../../build/wall_follower/wall_follower.egg-info/SOURCES.txt'
[1.742s] running build
[1.742s] running build_py
[1.743s] copying wall_follower/wall_finder.py -> /home/user/ros2_ws/build/wall_follower/build/lib/wall_follower
[1.744s] running install
[1.745s] running install_lib
[1.746s] copying /home/user/ros2_ws/build/wall_follower/build/lib/wall_follower/wall_finder.py -> /home/user/ros2_ws/install/wall_follower/lib/python3.8/site-packages/wall_follower
[1.747s] byte-compiling /home/user/ros2_ws/install/wall_follower/lib/python3.8/site-packages/wall_follower/wall_finder.py to wall_finder.cpython-38.pyc
[1.748s] running install_data
[1.749s] running install_egg_info
[1.752s] removing '/home/user/ros2_ws/install/wall_follower/lib/python3.8/site-packages/wall_follower-0.0.0-py3.8.egg-info' (and everything under it)
[1.753s] Copying ../../build/wall_follower/wall_follower.egg-info to /home/user/ros2_ws/install/wall_follower/lib/python3.8/site-packages/wall_follower-0.0.0-py3.8.egg-info
[1.754s] running install_scripts
[1.817s] Installing wall_finder script to /home/user/ros2_ws/install/wall_follower/lib/wall_follower
[1.817s] Installing wall_follower_node script to /home/user/ros2_ws/install/wall_follower/lib/wall_follower
[1.818s] writing list of installed files to '/home/user/ros2_ws/build/wall_follower/install.log'
[1.949s] Invoked command in '/home/user/ros2_ws/src/wall_follower' returned '0': PYTHONPATH=/home/user/ros2_ws/install/wall_follower/lib/python3.8/site-packages:/home/user/ros2_ws/install/custom_interfaces/lib/python3.8/site-packages:/home/user/ros2_ws/install/wall_follower/lib/python3.8/site-packages:/home/simulations/ros2_sims_ws/install/ros1_bridge/lib/python3.8/site-packages:/home/user/ros2_ws/install/services_quiz/lib/python3.10/site-packages:/home/user/ros2_ws/install/services_quiz_srv/local/lib/python3.10/dist-packages:/opt/ros/foxy/lib/python3.8/site-packages:/home/simulations/public_sim_ws/src/all/ros_basics_examples/python_course_class:/home/simulations/public_sim_ws/src/ros_basics_examples/python_course_class:/home/simulations/public_sim_ws/src/all/kinematics_course_utils/kinematics _=/usr/bin/env /usr/bin/python3 setup.py egg_info --egg-base ../../build/wall_follower build --build-base /home/user/ros2_ws/build/wall_follower/build install --prefix /home/user/ros2_ws/install/wall_follower --record /home/user/ros2_ws/build/wall_follower/install.log --single-version-externally-managed
