[1.221s] Invoking command in '/home/user/ros2_ws/src/wall_follower': PYTHONPATH=/home/user/ros2_ws/install/wall_follower/lib/python3.8/site-packages:/home/user/ros2_ws/install/custom_interfaces/lib/python3.8/site-packages:/home/user/ros2_ws/install/wall_follower/lib/python3.8/site-packages:/home/simulations/ros2_sims_ws/install/ros1_bridge/lib/python3.8/site-packages:/home/user/ros2_ws/install/services_quiz/lib/python3.10/site-packages:/home/user/ros2_ws/install/services_quiz_srv/local/lib/python3.10/dist-packages:/opt/ros/foxy/lib/python3.8/site-packages:/home/simulations/public_sim_ws/src/all/ros_basics_examples/python_course_class:/home/simulations/public_sim_ws/src/ros_basics_examples/python_course_class:/home/simulations/public_sim_ws/src/all/kinematics_course_utils/kinematics _=/usr/bin/env /usr/bin/python3 setup.py egg_info --egg-base ../../build/wall_follower build --build-base /home/user/ros2_ws/build/wall_follower/build install --prefix /home/user/ros2_ws/install/wall_follower --record /home/user/ros2_ws/build/wall_follower/install.log --single-version-externally-managed
[2.154s] running egg_info
[2.157s] writing ../../build/wall_follower/wall_follower.egg-info/PKG-INFO
[2.160s] writing dependency_links to ../../build/wall_follower/wall_follower.egg-info/dependency_links.txt
[2.162s] writing entry points to ../../build/wall_follower/wall_follower.egg-info/entry_points.txt
[2.163s] writing requirements to ../../build/wall_follower/wall_follower.egg-info/requires.txt
[2.164s] writing top-level names to ../../build/wall_follower/wall_follower.egg-info/top_level.txt
[2.449s] reading manifest file '../../build/wall_follower/wall_follower.egg-info/SOURCES.txt'
[2.451s] writing manifest file '../../build/wall_follower/wall_follower.egg-info/SOURCES.txt'
[2.451s] running build
[2.451s] running build_py
[2.451s] copying wall_follower/wall_following.py -> /home/user/ros2_ws/build/wall_follower/build/lib/wall_follower
[2.451s] running install
[2.454s] running install_lib
[2.457s] copying /home/user/ros2_ws/build/wall_follower/build/lib/wall_follower/wall_following.py -> /home/user/ros2_ws/install/wall_follower/lib/python3.8/site-packages/wall_follower
[2.459s] byte-compiling /home/user/ros2_ws/install/wall_follower/lib/python3.8/site-packages/wall_follower/wall_following.py to wall_following.cpython-38.pyc
[2.461s] running install_data
[2.563s] copying launch/start_wall_following.launch.py -> /home/user/ros2_ws/install/wall_follower/share/wall_follower
[2.563s] running install_egg_info
[2.585s] removing '/home/user/ros2_ws/install/wall_follower/lib/python3.8/site-packages/wall_follower-0.0.0-py3.8.egg-info' (and everything under it)
[2.587s] Copying ../../build/wall_follower/wall_follower.egg-info to /home/user/ros2_ws/install/wall_follower/lib/python3.8/site-packages/wall_follower-0.0.0-py3.8.egg-info
[2.596s] running install_scripts
[2.709s] Installing wall_finder script to /home/user/ros2_ws/install/wall_follower/lib/wall_follower
[2.716s] Installing wall_follower_node script to /home/user/ros2_ws/install/wall_follower/lib/wall_follower
[2.719s] writing list of installed files to '/home/user/ros2_ws/build/wall_follower/install.log'
[2.851s] Invoked command in '/home/user/ros2_ws/src/wall_follower' returned '0': PYTHONPATH=/home/user/ros2_ws/install/wall_follower/lib/python3.8/site-packages:/home/user/ros2_ws/install/custom_interfaces/lib/python3.8/site-packages:/home/user/ros2_ws/install/wall_follower/lib/python3.8/site-packages:/home/simulations/ros2_sims_ws/install/ros1_bridge/lib/python3.8/site-packages:/home/user/ros2_ws/install/services_quiz/lib/python3.10/site-packages:/home/user/ros2_ws/install/services_quiz_srv/local/lib/python3.10/dist-packages:/opt/ros/foxy/lib/python3.8/site-packages:/home/simulations/public_sim_ws/src/all/ros_basics_examples/python_course_class:/home/simulations/public_sim_ws/src/ros_basics_examples/python_course_class:/home/simulations/public_sim_ws/src/all/kinematics_course_utils/kinematics _=/usr/bin/env /usr/bin/python3 setup.py egg_info --egg-base ../../build/wall_follower build --build-base /home/user/ros2_ws/build/wall_follower/build install --prefix /home/user/ros2_ws/install/wall_follower --record /home/user/ros2_ws/build/wall_follower/install.log --single-version-externally-managed
