[0.465s] Invoking command in '/home/user/ros2_ws/src/wall_follower': PYTHONPATH=/home/user/ros2_ws/install/wall_follower/lib/python3.8/site-packages:${PYTHONPATH} _=/usr/bin/env /usr/bin/python3 setup.py egg_info --egg-base ../../build/wall_follower build --build-base /home/user/ros2_ws/build/wall_follower/build install --prefix /home/user/ros2_ws/install/wall_follower --record /home/user/ros2_ws/build/wall_follower/install.log --single-version-externally-managed
[0.868s] running egg_info
[0.868s] writing ../../build/wall_follower/wall_follower.egg-info/PKG-INFO
[0.868s] writing dependency_links to ../../build/wall_follower/wall_follower.egg-info/dependency_links.txt
[0.869s] writing entry points to ../../build/wall_follower/wall_follower.egg-info/entry_points.txt
[0.869s] writing requirements to ../../build/wall_follower/wall_follower.egg-info/requires.txt
[0.869s] writing top-level names to ../../build/wall_follower/wall_follower.egg-info/top_level.txt
[0.918s] reading manifest file '../../build/wall_follower/wall_follower.egg-info/SOURCES.txt'
[0.919s] writing manifest file '../../build/wall_follower/wall_follower.egg-info/SOURCES.txt'
[0.919s] running build
[0.919s] running build_py
[0.920s] copying wall_follower/wall_following.py -> /home/user/ros2_ws/build/wall_follower/build/lib/wall_follower
[0.920s] running install
[0.921s] running install_lib
[0.922s] copying /home/user/ros2_ws/build/wall_follower/build/lib/wall_follower/wall_following.py -> /home/user/ros2_ws/install/wall_follower/lib/python3.8/site-packages/wall_follower
[0.923s] byte-compiling /home/user/ros2_ws/install/wall_follower/lib/python3.8/site-packages/wall_follower/wall_following.py to wall_following.cpython-38.pyc
[0.924s] running install_data
[0.925s] running install_egg_info
[0.928s] removing '/home/user/ros2_ws/install/wall_follower/lib/python3.8/site-packages/wall_follower-0.0.0-py3.8.egg-info' (and everything under it)
[0.931s] Copying ../../build/wall_follower/wall_follower.egg-info to /home/user/ros2_ws/install/wall_follower/lib/python3.8/site-packages/wall_follower-0.0.0-py3.8.egg-info
[0.932s] running install_scripts
[0.954s] Installing wall_follower_node script to /home/user/ros2_ws/install/wall_follower/lib/wall_follower
[0.955s] writing list of installed files to '/home/user/ros2_ws/build/wall_follower/install.log'
[0.992s] Invoked command in '/home/user/ros2_ws/src/wall_follower' returned '0': PYTHONPATH=/home/user/ros2_ws/install/wall_follower/lib/python3.8/site-packages:${PYTHONPATH} _=/usr/bin/env /usr/bin/python3 setup.py egg_info --egg-base ../../build/wall_follower build --build-base /home/user/ros2_ws/build/wall_follower/build install --prefix /home/user/ros2_ws/install/wall_follower --record /home/user/ros2_ws/build/wall_follower/install.log --single-version-externally-managed
