[0.017s] Invoking command in '/home/user/ros2_ws/build/custom_interfaces': CMAKE_PREFIX_PATH=${CMAKE_PREFIX_PATH}:/home/user/ros2_ws/install/wall_follower:/opt/ros/foxy _=/usr/bin/env /usr/bin/cmake /home/user/ros2_ws/src/custom_interfaces -DCMAKE_INSTALL_PREFIX=/home/user/ros2_ws/install/custom_interfaces
[0.037s] -- Found ament_cmake: 0.9.9 (/opt/ros/foxy/share/ament_cmake/cmake)
[0.066s] -- Using PYTHON_EXECUTABLE: /usr/bin/python3
[0.322s] -- Found rclcpp: 2.4.0 (/opt/ros/foxy/share/rclcpp/cmake)
[0.369s] -- Using all available rosidl_typesupport_c: rosidl_typesupport_fastrtps_c;rosidl_typesupport_introspection_c
[0.372s] -- Found rosidl_adapter: 1.2.1 (/opt/ros/foxy/share/rosidl_adapter/cmake)
[0.575s] -- Using all available rosidl_typesupport_cpp: rosidl_typesupport_fastrtps_cpp;rosidl_typesupport_introspection_cpp
[0.639s] -- Found rmw_implementation_cmake: 1.0.3 (/opt/ros/foxy/share/rmw_implementation_cmake/cmake)
[0.641s] -- Using RMW implementation 'rmw_fastrtps_cpp' as default
[0.817s] -- Found rosidl_default_generators: 1.0.1 (/opt/ros/foxy/share/rosidl_default_generators/cmake)
[0.842s] -- Found ament_lint_auto: 0.9.6 (/opt/ros/foxy/share/ament_lint_auto/cmake)
[0.985s] -- Found PythonInterp: /usr/bin/python3 (found version "3.8.10") 
[1.076s] -- Found ament_cmake_ros: 0.9.2 (/opt/ros/foxy/share/ament_cmake_ros/cmake)
[1.288s] -- Using all available rosidl_typesupport_c: rosidl_typesupport_fastrtps_c;rosidl_typesupport_introspection_c
[1.299s] -- Using all available rosidl_typesupport_cpp: rosidl_typesupport_fastrtps_cpp;rosidl_typesupport_introspection_cpp
[1.332s] -- Found PythonInterp: /usr/bin/python3 (found suitable version "3.8.10", minimum required is "3.5") 
[1.338s] -- Found python_cmake_module: 0.8.1 (/opt/ros/foxy/share/python_cmake_module/cmake)
[1.544s] -- Found PythonLibs: /usr/lib/x86_64-linux-gnu/libpython3.8.so (found suitable version "3.8.10", minimum required is "3.5") 
[1.544s] -- Using PYTHON_EXECUTABLE: /usr/bin/python3
[1.544s] -- Using PYTHON_INCLUDE_DIRS: /usr/include/python3.8
[1.544s] -- Using PYTHON_LIBRARIES: /usr/lib/x86_64-linux-gnu/libpython3.8.so
[1.570s] -- Found PythonExtra: .so  
[1.631s] -- Added test 'lint_cmake' to check CMake code style
[1.634s] -- Added test 'xmllint' to check XML markup files
[1.650s] -- Configuring done
[1.688s] -- Generating done
[1.691s] -- Build files have been written to: /home/user/ros2_ws/build/custom_interfaces
[1.705s] Invoked command in '/home/user/ros2_ws/build/custom_interfaces' returned '0': CMAKE_PREFIX_PATH=${CMAKE_PREFIX_PATH}:/home/user/ros2_ws/install/wall_follower:/opt/ros/foxy _=/usr/bin/env /usr/bin/cmake /home/user/ros2_ws/src/custom_interfaces -DCMAKE_INSTALL_PREFIX=/home/user/ros2_ws/install/custom_interfaces
[1.708s] Invoking command in '/home/user/ros2_ws/build/custom_interfaces': CMAKE_PREFIX_PATH=${CMAKE_PREFIX_PATH}:/home/user/ros2_ws/install/wall_follower:/opt/ros/foxy _=/usr/bin/env /usr/bin/cmake --build /home/user/ros2_ws/build/custom_interfaces -- -j8 -l8
[1.756s] [35m[1mScanning dependencies of target custom_interfaces__cpp[0m
[1.757s] [  3%] [34m[1mGenerating C code for ROS interfaces[0m
[1.771s] [  6%] [34m[1mGenerating C++ code for ROS interfaces[0m
[2.160s] [35m[1mScanning dependencies of target custom_interfaces__rosidl_generator_c[0m
[2.160s] [  6%] Built target custom_interfaces__cpp
[2.174s] [  9%] [34m[1mGenerating C++ introspection for ROS interfaces[0m
[2.175s] [ 12%] [34m[1mGenerating C++ type support dispatch for ROS interfaces[0m
[2.183s] [ 16%] [34m[1mGenerating C++ type support for eProsima Fast-RTPS[0m
[2.258s] [ 19%] [32mBuilding C object CMakeFiles/custom_interfaces__rosidl_generator_c.dir/rosidl_generator_c/custom_interfaces/srv/detail/find_wall__functions.c.o[0m
[2.637s] [ 22%] [32m[1mLinking C shared library libcustom_interfaces__rosidl_generator_c.so[0m
[2.644s] [35m[1mScanning dependencies of target custom_interfaces__rosidl_typesupport_cpp[0m
[2.736s] [ 22%] Built target custom_interfaces__rosidl_generator_c
[2.737s] [35m[1mScanning dependencies of target custom_interfaces__rosidl_typesupport_introspection_cpp[0m
[2.761s] [ 25%] [34m[1mGenerating C type support dispatch for ROS interfaces[0m
[2.772s] [ 29%] [32mBuilding CXX object CMakeFiles/custom_interfaces__rosidl_typesupport_cpp.dir/rosidl_typesupport_cpp/custom_interfaces/srv/find_wall__type_support.cpp.o[0m
[2.775s] [ 32%] [34m[1mGenerating C introspection for ROS interfaces[0m
[2.784s] [ 35%] [32mBuilding CXX object CMakeFiles/custom_interfaces__rosidl_typesupport_introspection_cpp.dir/rosidl_typesupport_introspection_cpp/custom_interfaces/srv/detail/find_wall__type_support.cpp.o[0m
[2.837s] [35m[1mScanning dependencies of target custom_interfaces__rosidl_typesupport_fastrtps_cpp[0m
[3.144s] [35m[1mScanning dependencies of target custom_interfaces__rosidl_typesupport_c[0m
[3.169s] [ 38%] [32mBuilding CXX object CMakeFiles/custom_interfaces__rosidl_typesupport_c.dir/rosidl_typesupport_c/custom_interfaces/srv/find_wall__type_support.cpp.o[0m
[3.187s] [35m[1mScanning dependencies of target custom_interfaces__rosidl_typesupport_introspection_c[0m
[3.216s] [ 41%] [32mBuilding C object CMakeFiles/custom_interfaces__rosidl_typesupport_introspection_c.dir/rosidl_typesupport_introspection_c/custom_interfaces/srv/detail/find_wall__type_support.c.o[0m
[3.221s] [ 45%] [32m[1mLinking CXX shared library libcustom_interfaces__rosidl_typesupport_c.so[0m
[3.268s] [ 48%] [32m[1mLinking C shared library libcustom_interfaces__rosidl_typesupport_introspection_c.so[0m
[3.299s] [ 48%] Built target custom_interfaces__rosidl_typesupport_c
[3.314s] [ 48%] Built target custom_interfaces__rosidl_typesupport_introspection_c
[3.320s] [ 51%] [32mBuilding CXX object CMakeFiles/custom_interfaces__rosidl_typesupport_fastrtps_cpp.dir/rosidl_typesupport_fastrtps_cpp/custom_interfaces/srv/detail/dds_fastrtps/find_wall__type_support.cpp.o[0m
[4.595s] [ 54%] [32m[1mLinking CXX shared library libcustom_interfaces__rosidl_typesupport_cpp.so[0m
[4.595s] [ 58%] [32m[1mLinking CXX shared library libcustom_interfaces__rosidl_typesupport_introspection_cpp.so[0m
[4.711s] [ 58%] Built target custom_interfaces__rosidl_typesupport_cpp
[4.711s] [ 58%] Built target custom_interfaces__rosidl_typesupport_introspection_cpp
[4.955s] [ 61%] [32m[1mLinking CXX shared library libcustom_interfaces__rosidl_typesupport_fastrtps_cpp.so[0m
[5.062s] [ 61%] Built target custom_interfaces__rosidl_typesupport_fastrtps_cpp
[5.075s] [ 64%] [34m[1mGenerating C type support for eProsima Fast-RTPS[0m
[5.385s] [35m[1mScanning dependencies of target custom_interfaces__rosidl_typesupport_fastrtps_c[0m
[5.411s] [ 67%] [32mBuilding CXX object CMakeFiles/custom_interfaces__rosidl_typesupport_fastrtps_c.dir/rosidl_typesupport_fastrtps_c/custom_interfaces/srv/detail/find_wall__type_support_c.cpp.o[0m
[5.809s] [ 70%] [32m[1mLinking CXX shared library libcustom_interfaces__rosidl_typesupport_fastrtps_c.so[0m
[5.907s] [ 70%] Built target custom_interfaces__rosidl_typesupport_fastrtps_c
[5.921s] [35m[1mScanning dependencies of target custom_interfaces[0m
[5.933s] [ 70%] Built target custom_interfaces
[5.946s] [35m[1mScanning dependencies of target custom_interfaces__py[0m
[5.959s] [ 74%] [34m[1mGenerating Python code for ROS interfaces[0m
[6.571s] [ 74%] Built target custom_interfaces__py
[6.582s] [35m[1mScanning dependencies of target custom_interfaces__python[0m
[6.952s] [ 77%] [32mBuilding C object CMakeFiles/custom_interfaces__python.dir/rosidl_generator_py/custom_interfaces/srv/_find_wall_s.c.o[0m
[7.866s] [ 80%] [32m[1mLinking C shared library rosidl_generator_py/custom_interfaces/libcustom_interfaces__python.so[0m
[7.922s] [ 80%] Built target custom_interfaces__python
[7.940s] [35m[1mScanning dependencies of target custom_interfaces__rosidl_typesupport_introspection_c__pyext[0m
[7.941s] [35m[1mScanning dependencies of target custom_interfaces__rosidl_typesupport_c__pyext[0m
[7.942s] [35m[1mScanning dependencies of target custom_interfaces__rosidl_typesupport_fastrtps_c__pyext[0m
[7.973s] [ 83%] [32mBuilding C object CMakeFiles/custom_interfaces__rosidl_typesupport_introspection_c__pyext.dir/rosidl_generator_py/custom_interfaces/_custom_interfaces_s.ep.rosidl_typesupport_introspection_c.c.o[0m
[7.977s] [ 87%] [32mBuilding C object CMakeFiles/custom_interfaces__rosidl_typesupport_fastrtps_c__pyext.dir/rosidl_generator_py/custom_interfaces/_custom_interfaces_s.ep.rosidl_typesupport_fastrtps_c.c.o[0m
[7.977s] [ 90%] [32mBuilding C object CMakeFiles/custom_interfaces__rosidl_typesupport_c__pyext.dir/rosidl_generator_py/custom_interfaces/_custom_interfaces_s.ep.rosidl_typesupport_c.c.o[0m
[8.168s] [ 93%] [32m[1mLinking C shared library rosidl_generator_py/custom_interfaces/custom_interfaces_s__rosidl_typesupport_introspection_c.cpython-38-x86_64-linux-gnu.so[0m
[8.171s] [ 96%] [32m[1mLinking C shared library rosidl_generator_py/custom_interfaces/custom_interfaces_s__rosidl_typesupport_c.cpython-38-x86_64-linux-gnu.so[0m
[8.182s] [100%] [32m[1mLinking CXX shared library rosidl_generator_py/custom_interfaces/custom_interfaces_s__rosidl_typesupport_fastrtps_c.cpython-38-x86_64-linux-gnu.so[0m
[8.248s] [100%] Built target custom_interfaces__rosidl_typesupport_c__pyext
[8.264s] [100%] Built target custom_interfaces__rosidl_typesupport_introspection_c__pyext
[8.300s] [100%] Built target custom_interfaces__rosidl_typesupport_fastrtps_c__pyext
[8.318s] Invoked command in '/home/user/ros2_ws/build/custom_interfaces' returned '0': CMAKE_PREFIX_PATH=${CMAKE_PREFIX_PATH}:/home/user/ros2_ws/install/wall_follower:/opt/ros/foxy _=/usr/bin/env /usr/bin/cmake --build /home/user/ros2_ws/build/custom_interfaces -- -j8 -l8
[8.459s] Invoking command in '/home/user/ros2_ws/build/custom_interfaces': CMAKE_PREFIX_PATH=${CMAKE_PREFIX_PATH}:/home/user/ros2_ws/install/wall_follower:/opt/ros/foxy _=/usr/bin/env /usr/bin/cmake --install /home/user/ros2_ws/build/custom_interfaces
[8.475s] -- Install configuration: ""
[8.476s] -- Installing: /home/user/ros2_ws/install/custom_interfaces/share/ament_index/resource_index/rosidl_interfaces/custom_interfaces
[8.476s] -- Installing: /home/user/ros2_ws/install/custom_interfaces/include/custom_interfaces
[8.476s] -- Installing: /home/user/ros2_ws/install/custom_interfaces/include/custom_interfaces/srv
[8.476s] -- Installing: /home/user/ros2_ws/install/custom_interfaces/include/custom_interfaces/srv/detail
[8.476s] -- Installing: /home/user/ros2_ws/install/custom_interfaces/include/custom_interfaces/srv/detail/find_wall__functions.h
[8.477s] -- Installing: /home/user/ros2_ws/install/custom_interfaces/include/custom_interfaces/srv/detail/find_wall__functions.c
[8.477s] -- Installing: /home/user/ros2_ws/install/custom_interfaces/include/custom_interfaces/srv/detail/find_wall__struct.h
[8.477s] -- Installing: /home/user/ros2_ws/install/custom_interfaces/include/custom_interfaces/srv/detail/find_wall__type_support.h
[8.478s] -- Installing: /home/user/ros2_ws/install/custom_interfaces/include/custom_interfaces/srv/find_wall.h
[8.478s] -- Installing: /home/user/ros2_ws/install/custom_interfaces/include/custom_interfaces/msg
[8.478s] -- Installing: /home/user/ros2_ws/install/custom_interfaces/include/custom_interfaces/msg/rosidl_generator_c__visibility_control.h
[8.478s] -- Installing: /home/user/ros2_ws/install/custom_interfaces/share/custom_interfaces/environment/library_path.sh
[8.478s] -- Installing: /home/user/ros2_ws/install/custom_interfaces/share/custom_interfaces/environment/library_path.dsv
[8.479s] -- Installing: /home/user/ros2_ws/install/custom_interfaces/lib/libcustom_interfaces__rosidl_generator_c.so
[8.479s] -- Set runtime path of "/home/user/ros2_ws/install/custom_interfaces/lib/libcustom_interfaces__rosidl_generator_c.so" to ""
[8.479s] -- Up-to-date: /home/user/ros2_ws/install/custom_interfaces/include/custom_interfaces
[8.479s] -- Up-to-date: /home/user/ros2_ws/install/custom_interfaces/include/custom_interfaces/srv
[8.480s] -- Up-to-date: /home/user/ros2_ws/install/custom_interfaces/include/custom_interfaces/srv/detail
[8.480s] -- Installing: /home/user/ros2_ws/install/custom_interfaces/include/custom_interfaces/srv/detail/find_wall__rosidl_typesupport_fastrtps_c.h
[8.480s] -- Up-to-date: /home/user/ros2_ws/install/custom_interfaces/include/custom_interfaces/msg
[8.480s] -- Installing: /home/user/ros2_ws/install/custom_interfaces/include/custom_interfaces/msg/rosidl_typesupport_fastrtps_c__visibility_control.h
[8.480s] -- Installing: /home/user/ros2_ws/install/custom_interfaces/lib/libcustom_interfaces__rosidl_typesupport_fastrtps_c.so
[8.481s] -- Set runtime path of "/home/user/ros2_ws/install/custom_interfaces/lib/libcustom_interfaces__rosidl_typesupport_fastrtps_c.so" to ""
[8.481s] -- Up-to-date: /home/user/ros2_ws/install/custom_interfaces/include/custom_interfaces
[8.481s] -- Up-to-date: /home/user/ros2_ws/install/custom_interfaces/include/custom_interfaces/srv
[8.481s] -- Up-to-date: /home/user/ros2_ws/install/custom_interfaces/include/custom_interfaces/srv/detail
[8.481s] -- Installing: /home/user/ros2_ws/install/custom_interfaces/include/custom_interfaces/srv/detail/dds_fastrtps
[8.482s] -- Installing: /home/user/ros2_ws/install/custom_interfaces/include/custom_interfaces/srv/detail/find_wall__rosidl_typesupport_fastrtps_cpp.hpp
[8.482s] -- Up-to-date: /home/user/ros2_ws/install/custom_interfaces/include/custom_interfaces/msg
[8.482s] -- Installing: /home/user/ros2_ws/install/custom_interfaces/include/custom_interfaces/msg/rosidl_typesupport_fastrtps_cpp__visibility_control.h
[8.482s] -- Installing: /home/user/ros2_ws/install/custom_interfaces/lib/libcustom_interfaces__rosidl_typesupport_fastrtps_cpp.so
[8.482s] -- Set runtime path of "/home/user/ros2_ws/install/custom_interfaces/lib/libcustom_interfaces__rosidl_typesupport_fastrtps_cpp.so" to ""
[8.482s] -- Up-to-date: /home/user/ros2_ws/install/custom_interfaces/include/custom_interfaces
[8.483s] -- Up-to-date: /home/user/ros2_ws/install/custom_interfaces/include/custom_interfaces/srv
[8.483s] -- Up-to-date: /home/user/ros2_ws/install/custom_interfaces/include/custom_interfaces/srv/detail
[8.483s] -- Installing: /home/user/ros2_ws/install/custom_interfaces/include/custom_interfaces/srv/detail/find_wall__type_support.c
[8.483s] -- Installing: /home/user/ros2_ws/install/custom_interfaces/include/custom_interfaces/srv/detail/find_wall__rosidl_typesupport_introspection_c.h
[8.483s] -- Up-to-date: /home/user/ros2_ws/install/custom_interfaces/include/custom_interfaces/msg
[8.483s] -- Installing: /home/user/ros2_ws/install/custom_interfaces/include/custom_interfaces/msg/rosidl_typesupport_introspection_c__visibility_control.h
[8.483s] -- Installing: /home/user/ros2_ws/install/custom_interfaces/lib/libcustom_interfaces__rosidl_typesupport_introspection_c.so
[8.484s] -- Set runtime path of "/home/user/ros2_ws/install/custom_interfaces/lib/libcustom_interfaces__rosidl_typesupport_introspection_c.so" to ""
[8.484s] -- Installing: /home/user/ros2_ws/install/custom_interfaces/lib/libcustom_interfaces__rosidl_typesupport_c.so
[8.485s] -- Set runtime path of "/home/user/ros2_ws/install/custom_interfaces/lib/libcustom_interfaces__rosidl_typesupport_c.so" to ""
[8.485s] -- Up-to-date: /home/user/ros2_ws/install/custom_interfaces/include/custom_interfaces
[8.485s] -- Up-to-date: /home/user/ros2_ws/install/custom_interfaces/include/custom_interfaces/srv
[8.485s] -- Up-to-date: /home/user/ros2_ws/install/custom_interfaces/include/custom_interfaces/srv/detail
[8.485s] -- Installing: /home/user/ros2_ws/install/custom_interfaces/include/custom_interfaces/srv/detail/find_wall__struct.hpp
[8.486s] -- Installing: /home/user/ros2_ws/install/custom_interfaces/include/custom_interfaces/srv/detail/find_wall__builder.hpp
[8.486s] -- Installing: /home/user/ros2_ws/install/custom_interfaces/include/custom_interfaces/srv/detail/find_wall__traits.hpp
[8.486s] -- Installing: /home/user/ros2_ws/install/custom_interfaces/include/custom_interfaces/srv/find_wall.hpp
[8.488s] -- Up-to-date: /home/user/ros2_ws/install/custom_interfaces/include/custom_interfaces
[8.488s] -- Up-to-date: /home/user/ros2_ws/install/custom_interfaces/include/custom_interfaces/srv
[8.488s] -- Up-to-date: /home/user/ros2_ws/install/custom_interfaces/include/custom_interfaces/srv/detail
[8.488s] -- Installing: /home/user/ros2_ws/install/custom_interfaces/include/custom_interfaces/srv/detail/find_wall__type_support.cpp
[8.488s] -- Installing: /home/user/ros2_ws/install/custom_interfaces/include/custom_interfaces/srv/detail/find_wall__rosidl_typesupport_introspection_cpp.hpp
[8.488s] -- Installing: /home/user/ros2_ws/install/custom_interfaces/lib/libcustom_interfaces__rosidl_typesupport_introspection_cpp.so
[8.489s] -- Set runtime path of "/home/user/ros2_ws/install/custom_interfaces/lib/libcustom_interfaces__rosidl_typesupport_introspection_cpp.so" to ""
[8.489s] -- Installing: /home/user/ros2_ws/install/custom_interfaces/lib/libcustom_interfaces__rosidl_typesupport_cpp.so
[8.489s] -- Set runtime path of "/home/user/ros2_ws/install/custom_interfaces/lib/libcustom_interfaces__rosidl_typesupport_cpp.so" to ""
[8.489s] -- Installing: /home/user/ros2_ws/install/custom_interfaces/share/custom_interfaces/environment/pythonpath.sh
[8.489s] -- Installing: /home/user/ros2_ws/install/custom_interfaces/share/custom_interfaces/environment/pythonpath.dsv
[8.489s] -- Installing: /home/user/ros2_ws/install/custom_interfaces/lib/python3.8/site-packages/custom_interfaces/__init__.py
[8.533s] Compiling '/home/user/ros2_ws/install/custom_interfaces/lib/python3.8/site-packages/custom_interfaces/__init__.py'...
[8.539s] -- Installing: /home/user/ros2_ws/install/custom_interfaces/lib/python3.8/site-packages/custom_interfaces/srv
[8.540s] -- Installing: /home/user/ros2_ws/install/custom_interfaces/lib/python3.8/site-packages/custom_interfaces/srv/_find_wall.py
[8.540s] -- Installing: /home/user/ros2_ws/install/custom_interfaces/lib/python3.8/site-packages/custom_interfaces/srv/__init__.py
[8.540s] -- Installing: /home/user/ros2_ws/install/custom_interfaces/lib/python3.8/site-packages/custom_interfaces/srv/_find_wall_s.c
[8.541s] -- Installing: /home/user/ros2_ws/install/custom_interfaces/lib/python3.8/site-packages/custom_interfaces/custom_interfaces_s__rosidl_typesupport_fastrtps_c.cpython-38-x86_64-linux-gnu.so
[8.541s] -- Set runtime path of "/home/user/ros2_ws/install/custom_interfaces/lib/python3.8/site-packages/custom_interfaces/custom_interfaces_s__rosidl_typesupport_fastrtps_c.cpython-38-x86_64-linux-gnu.so" to ""
[8.541s] -- Installing: /home/user/ros2_ws/install/custom_interfaces/lib/python3.8/site-packages/custom_interfaces/custom_interfaces_s__rosidl_typesupport_introspection_c.cpython-38-x86_64-linux-gnu.so
[8.542s] -- Set runtime path of "/home/user/ros2_ws/install/custom_interfaces/lib/python3.8/site-packages/custom_interfaces/custom_interfaces_s__rosidl_typesupport_introspection_c.cpython-38-x86_64-linux-gnu.so" to ""
[8.542s] -- Installing: /home/user/ros2_ws/install/custom_interfaces/lib/python3.8/site-packages/custom_interfaces/custom_interfaces_s__rosidl_typesupport_c.cpython-38-x86_64-linux-gnu.so
[8.543s] -- Set runtime path of "/home/user/ros2_ws/install/custom_interfaces/lib/python3.8/site-packages/custom_interfaces/custom_interfaces_s__rosidl_typesupport_c.cpython-38-x86_64-linux-gnu.so" to ""
[8.543s] -- Installing: /home/user/ros2_ws/install/custom_interfaces/lib/libcustom_interfaces__python.so
[8.543s] -- Set runtime path of "/home/user/ros2_ws/install/custom_interfaces/lib/libcustom_interfaces__python.so" to ""
[8.544s] -- Installing: /home/user/ros2_ws/install/custom_interfaces/share/custom_interfaces/srv/FindWall.idl
[8.544s] -- Installing: /home/user/ros2_ws/install/custom_interfaces/share/custom_interfaces/srv/FindWall.srv
[8.544s] -- Installing: /home/user/ros2_ws/install/custom_interfaces/share/custom_interfaces/srv/FindWall_Request.msg
[8.545s] -- Installing: /home/user/ros2_ws/install/custom_interfaces/share/custom_interfaces/srv/FindWall_Response.msg
[8.546s] -- Installing: /home/user/ros2_ws/install/custom_interfaces/share/ament_index/resource_index/package_run_dependencies/custom_interfaces
[8.546s] -- Installing: /home/user/ros2_ws/install/custom_interfaces/share/ament_index/resource_index/parent_prefix_path/custom_interfaces
[8.546s] -- Installing: /home/user/ros2_ws/install/custom_interfaces/share/custom_interfaces/environment/ament_prefix_path.sh
[8.547s] -- Installing: /home/user/ros2_ws/install/custom_interfaces/share/custom_interfaces/environment/ament_prefix_path.dsv
[8.547s] -- Installing: /home/user/ros2_ws/install/custom_interfaces/share/custom_interfaces/environment/path.sh
[8.547s] -- Installing: /home/user/ros2_ws/install/custom_interfaces/share/custom_interfaces/environment/path.dsv
[8.547s] -- Installing: /home/user/ros2_ws/install/custom_interfaces/share/custom_interfaces/local_setup.bash
[8.548s] -- Installing: /home/user/ros2_ws/install/custom_interfaces/share/custom_interfaces/local_setup.sh
[8.548s] -- Installing: /home/user/ros2_ws/install/custom_interfaces/share/custom_interfaces/local_setup.zsh
[8.548s] -- Installing: /home/user/ros2_ws/install/custom_interfaces/share/custom_interfaces/local_setup.dsv
[8.549s] -- Installing: /home/user/ros2_ws/install/custom_interfaces/share/custom_interfaces/package.dsv
[8.549s] -- Installing: /home/user/ros2_ws/install/custom_interfaces/share/ament_index/resource_index/packages/custom_interfaces
[8.549s] -- Installing: /home/user/ros2_ws/install/custom_interfaces/share/custom_interfaces/cmake/custom_interfaces__rosidl_generator_cExport.cmake
[8.550s] -- Installing: /home/user/ros2_ws/install/custom_interfaces/share/custom_interfaces/cmake/custom_interfaces__rosidl_generator_cExport-noconfig.cmake
[8.551s] -- Installing: /home/user/ros2_ws/install/custom_interfaces/share/custom_interfaces/cmake/custom_interfaces__rosidl_typesupport_introspection_cExport.cmake
[8.551s] -- Installing: /home/user/ros2_ws/install/custom_interfaces/share/custom_interfaces/cmake/custom_interfaces__rosidl_typesupport_introspection_cExport-noconfig.cmake
[8.552s] -- Installing: /home/user/ros2_ws/install/custom_interfaces/share/custom_interfaces/cmake/custom_interfaces__rosidl_typesupport_cExport.cmake
[8.552s] -- Installing: /home/user/ros2_ws/install/custom_interfaces/share/custom_interfaces/cmake/custom_interfaces__rosidl_typesupport_cExport-noconfig.cmake
[8.552s] -- Installing: /home/user/ros2_ws/install/custom_interfaces/share/custom_interfaces/cmake/custom_interfaces__rosidl_generator_cppExport.cmake
[8.552s] -- Installing: /home/user/ros2_ws/install/custom_interfaces/share/custom_interfaces/cmake/custom_interfaces__rosidl_typesupport_introspection_cppExport.cmake
[8.553s] -- Installing: /home/user/ros2_ws/install/custom_interfaces/share/custom_interfaces/cmake/custom_interfaces__rosidl_typesupport_introspection_cppExport-noconfig.cmake
[8.553s] -- Installing: /home/user/ros2_ws/install/custom_interfaces/share/custom_interfaces/cmake/custom_interfaces__rosidl_typesupport_cppExport.cmake
[8.553s] -- Installing: /home/user/ros2_ws/install/custom_interfaces/share/custom_interfaces/cmake/custom_interfaces__rosidl_typesupport_cppExport-noconfig.cmake
[8.554s] -- Installing: /home/user/ros2_ws/install/custom_interfaces/share/custom_interfaces/cmake/rosidl_cmake-extras.cmake
[8.554s] -- Installing: /home/user/ros2_ws/install/custom_interfaces/share/custom_interfaces/cmake/ament_cmake_export_dependencies-extras.cmake
[8.554s] -- Installing: /home/user/ros2_ws/install/custom_interfaces/share/custom_interfaces/cmake/ament_cmake_export_libraries-extras.cmake
[8.554s] -- Installing: /home/user/ros2_ws/install/custom_interfaces/share/custom_interfaces/cmake/ament_cmake_export_targets-extras.cmake
[8.554s] -- Installing: /home/user/ros2_ws/install/custom_interfaces/share/custom_interfaces/cmake/ament_cmake_export_include_directories-extras.cmake
[8.555s] -- Installing: /home/user/ros2_ws/install/custom_interfaces/share/custom_interfaces/cmake/rosidl_cmake_export_typesupport_libraries-extras.cmake
[8.555s] -- Installing: /home/user/ros2_ws/install/custom_interfaces/share/custom_interfaces/cmake/rosidl_cmake_export_typesupport_targets-extras.cmake
[8.555s] -- Installing: /home/user/ros2_ws/install/custom_interfaces/share/custom_interfaces/cmake/custom_interfacesConfig.cmake
[8.555s] -- Installing: /home/user/ros2_ws/install/custom_interfaces/share/custom_interfaces/cmake/custom_interfacesConfig-version.cmake
[8.556s] -- Installing: /home/user/ros2_ws/install/custom_interfaces/share/custom_interfaces/package.xml
[8.561s] Invoked command in '/home/user/ros2_ws/build/custom_interfaces' returned '0': CMAKE_PREFIX_PATH=${CMAKE_PREFIX_PATH}:/home/user/ros2_ws/install/wall_follower:/opt/ros/foxy _=/usr/bin/env /usr/bin/cmake --install /home/user/ros2_ws/build/custom_interfaces
