[0.388s] Invoking command in '/home/user/ros2_ws/src/wall_follower': PYTHONPATH=/home/user/ros2_ws/install/wall_follower/lib/python3.8/site-packages:${PYTHONPATH} _=/usr/bin/env /usr/bin/python3 setup.py egg_info --egg-base ../../build/wall_follower build --build-base /home/user/ros2_ws/build/wall_follower/build install --prefix /home/user/ros2_ws/install/wall_follower --record /home/user/ros2_ws/build/wall_follower/install.log --single-version-externally-managed
[0.863s] running egg_info
[0.864s] writing ../../build/wall_follower/wall_follower.egg-info/PKG-INFO
[0.864s] writing dependency_links to ../../build/wall_follower/wall_follower.egg-info/dependency_links.txt
[0.864s] writing entry points to ../../build/wall_follower/wall_follower.egg-info/entry_points.txt
[0.865s] writing requirements to ../../build/wall_follower/wall_follower.egg-info/requires.txt
[0.865s] writing top-level names to ../../build/wall_follower/wall_follower.egg-info/top_level.txt
[1.095s] reading manifest file '../../build/wall_follower/wall_follower.egg-info/SOURCES.txt'
[1.096s] writing manifest file '../../build/wall_follower/wall_follower.egg-info/SOURCES.txt'
[1.097s] running build
[1.097s] running build_py
[1.097s] copying wall_follower/wall_following.py -> /home/user/ros2_ws/build/wall_follower/build/lib/wall_follower
[1.097s] copying wall_follower/wall_finder.py -> /home/user/ros2_ws/build/wall_follower/build/lib/wall_follower
[1.097s] running install
[1.099s] running install_lib
[1.101s] copying /home/user/ros2_ws/build/wall_follower/build/lib/wall_follower/wall_following.py -> /home/user/ros2_ws/install/wall_follower/lib/python3.8/site-packages/wall_follower
[1.102s] copying /home/user/ros2_ws/build/wall_follower/build/lib/wall_follower/wall_finder.py -> /home/user/ros2_ws/install/wall_follower/lib/python3.8/site-packages/wall_follower
[1.102s] byte-compiling /home/user/ros2_ws/install/wall_follower/lib/python3.8/site-packages/wall_follower/wall_following.py to wall_following.cpython-38.pyc
[1.103s] byte-compiling /home/user/ros2_ws/install/wall_follower/lib/python3.8/site-packages/wall_follower/wall_finder.py to wall_finder.cpython-38.pyc
[1.104s] running install_data
[1.105s] copying launch/start_wall_following.launch.py -> /home/user/ros2_ws/install/wall_follower/share/wall_follower
[1.105s] running install_egg_info
[1.109s] removing '/home/user/ros2_ws/install/wall_follower/lib/python3.8/site-packages/wall_follower-0.0.0-py3.8.egg-info' (and everything under it)
[1.109s] Copying ../../build/wall_follower/wall_follower.egg-info to /home/user/ros2_ws/install/wall_follower/lib/python3.8/site-packages/wall_follower-0.0.0-py3.8.egg-info
[1.110s] running install_scripts
[1.137s] Installing wall_finder script to /home/user/ros2_ws/install/wall_follower/lib/wall_follower
[1.137s] Installing wall_follower_node script to /home/user/ros2_ws/install/wall_follower/lib/wall_follower
[1.138s] writing list of installed files to '/home/user/ros2_ws/build/wall_follower/install.log'
[1.163s] Invoked command in '/home/user/ros2_ws/src/wall_follower' returned '0': PYTHONPATH=/home/user/ros2_ws/install/wall_follower/lib/python3.8/site-packages:${PYTHONPATH} _=/usr/bin/env /usr/bin/python3 setup.py egg_info --egg-base ../../build/wall_follower build --build-base /home/user/ros2_ws/build/wall_follower/build install --prefix /home/user/ros2_ws/install/wall_follower --record /home/user/ros2_ws/build/wall_follower/install.log --single-version-externally-managed
