[1.011s] DEBUG:colcon:Command line arguments: ['/usr/bin/colcon', 'build']
[1.011s] DEBUG:colcon:Parsed command line arguments: Namespace(ament_cmake_args=None, base_paths=['.'], build_base='build', catkin_cmake_args=None, catkin_skip_building_tests=False, cmake_args=None, cmake_clean_cache=False, cmake_clean_first=False, cmake_force_configure=False, cmake_target=None, cmake_target_skip_unavailable=False, continue_on_error=False, event_handlers=None, executor='parallel', ignore_user_meta=False, install_base='install', log_base=None, log_level=None, main=<bound method BuildVerb.main of <colcon_core.verb.build.BuildVerb object at 0x7f0fd130c700>>, merge_install=False, metas=['./colcon.meta'], packages_above=None, packages_above_and_dependencies=None, packages_above_depth=None, packages_end=None, packages_ignore=None, packages_ignore_regex=None, packages_select=None, packages_select_build_failed=False, packages_select_by_dep=None, packages_select_regex=None, packages_select_test_failures=False, packages_skip=None, packages_skip_build_finished=False, packages_skip_by_dep=None, packages_skip_regex=None, packages_skip_test_passed=False, packages_skip_up_to=None, packages_start=None, packages_up_to=None, packages_up_to_regex=None, parallel_workers=8, paths=None, symlink_install=False, test_result_base=None, verb_extension=<colcon_core.verb.build.BuildVerb object at 0x7f0fd130c700>, verb_name='build', verb_parser=<colcon_defaults.argument_parser.defaults.DefaultArgumentsDecorator object at 0x7f0fd130cc40>)
[1.080s] Level 1:colcon.colcon_core.package_discovery:discover_packages(colcon_meta) check parameters
[1.080s] Level 1:colcon.colcon_core.package_discovery:discover_packages(recursive) check parameters
[1.080s] Level 1:colcon.colcon_core.package_discovery:discover_packages(ignore) check parameters
[1.080s] Level 1:colcon.colcon_core.package_discovery:discover_packages(path) check parameters
[1.080s] Level 1:colcon.colcon_core.package_discovery:discover_packages(colcon_meta) discover
[1.081s] Level 1:colcon.colcon_core.package_discovery:discover_packages(recursive) discover
[1.081s] INFO:colcon.colcon_core.package_discovery:Crawling recursively for packages in '/home/user/ros2_ws'
[1.081s] Level 1:colcon.colcon_core.package_identification:_identify(.) by extensions ['ignore', 'ignore_ament_install']
[1.081s] Level 1:colcon.colcon_core.package_identification:_identify(.) by extension 'ignore'
[1.081s] Level 1:colcon.colcon_core.package_identification:_identify(.) by extension 'ignore_ament_install'
[1.081s] Level 1:colcon.colcon_core.package_identification:_identify(.) by extensions ['colcon_pkg']
[1.081s] Level 1:colcon.colcon_core.package_identification:_identify(.) by extension 'colcon_pkg'
[1.081s] Level 1:colcon.colcon_core.package_identification:_identify(.) by extensions ['colcon_meta']
[1.081s] Level 1:colcon.colcon_core.package_identification:_identify(.) by extension 'colcon_meta'
[1.082s] Level 1:colcon.colcon_core.package_identification:_identify(.) by extensions ['ros']
[1.082s] Level 1:colcon.colcon_core.package_identification:_identify(.) by extension 'ros'
[1.098s] Level 1:colcon.colcon_core.package_identification:_identify(.) by extensions ['cmake', 'python']
[1.098s] Level 1:colcon.colcon_core.package_identification:_identify(.) by extension 'cmake'
[1.098s] Level 1:colcon.colcon_core.package_identification:_identify(.) by extension 'python'
[1.098s] Level 1:colcon.colcon_core.package_identification:_identify(.) by extensions ['python_setup_py']
[1.098s] Level 1:colcon.colcon_core.package_identification:_identify(.) by extension 'python_setup_py'
[1.098s] Level 1:colcon.colcon_core.package_identification:_identify(build) by extensions ['ignore', 'ignore_ament_install']
[1.098s] Level 1:colcon.colcon_core.package_identification:_identify(build) by extension 'ignore'
[1.098s] Level 1:colcon.colcon_core.package_identification:_identify(build) ignored
[1.098s] Level 1:colcon.colcon_core.package_identification:_identify(install) by extensions ['ignore', 'ignore_ament_install']
[1.099s] Level 1:colcon.colcon_core.package_identification:_identify(install) by extension 'ignore'
[1.099s] Level 1:colcon.colcon_core.package_identification:_identify(install) ignored
[1.099s] Level 1:colcon.colcon_core.package_identification:_identify(log) by extensions ['ignore', 'ignore_ament_install']
[1.100s] Level 1:colcon.colcon_core.package_identification:_identify(log) by extension 'ignore'
[1.100s] Level 1:colcon.colcon_core.package_identification:_identify(log) ignored
[1.100s] Level 1:colcon.colcon_core.package_identification:_identify(src) by extensions ['ignore', 'ignore_ament_install']
[1.100s] Level 1:colcon.colcon_core.package_identification:_identify(src) by extension 'ignore'
[1.100s] Level 1:colcon.colcon_core.package_identification:_identify(src) by extension 'ignore_ament_install'
[1.100s] Level 1:colcon.colcon_core.package_identification:_identify(src) by extensions ['colcon_pkg']
[1.100s] Level 1:colcon.colcon_core.package_identification:_identify(src) by extension 'colcon_pkg'
[1.100s] Level 1:colcon.colcon_core.package_identification:_identify(src) by extensions ['colcon_meta']
[1.100s] Level 1:colcon.colcon_core.package_identification:_identify(src) by extension 'colcon_meta'
[1.100s] Level 1:colcon.colcon_core.package_identification:_identify(src) by extensions ['ros']
[1.100s] Level 1:colcon.colcon_core.package_identification:_identify(src) by extension 'ros'
[1.100s] Level 1:colcon.colcon_core.package_identification:_identify(src) by extensions ['cmake', 'python']
[1.101s] Level 1:colcon.colcon_core.package_identification:_identify(src) by extension 'cmake'
[1.101s] Level 1:colcon.colcon_core.package_identification:_identify(src) by extension 'python'
[1.101s] Level 1:colcon.colcon_core.package_identification:_identify(src) by extensions ['python_setup_py']
[1.101s] Level 1:colcon.colcon_core.package_identification:_identify(src) by extension 'python_setup_py'
[1.101s] Level 1:colcon.colcon_core.package_identification:_identify(src/custom_interfaces) by extensions ['ignore', 'ignore_ament_install']
[1.101s] Level 1:colcon.colcon_core.package_identification:_identify(src/custom_interfaces) by extension 'ignore'
[1.101s] Level 1:colcon.colcon_core.package_identification:_identify(src/custom_interfaces) by extension 'ignore_ament_install'
[1.101s] Level 1:colcon.colcon_core.package_identification:_identify(src/custom_interfaces) by extensions ['colcon_pkg']
[1.101s] Level 1:colcon.colcon_core.package_identification:_identify(src/custom_interfaces) by extension 'colcon_pkg'
[1.101s] Level 1:colcon.colcon_core.package_identification:_identify(src/custom_interfaces) by extensions ['colcon_meta']
[1.101s] Level 1:colcon.colcon_core.package_identification:_identify(src/custom_interfaces) by extension 'colcon_meta'
[1.101s] Level 1:colcon.colcon_core.package_identification:_identify(src/custom_interfaces) by extensions ['ros']
[1.101s] Level 1:colcon.colcon_core.package_identification:_identify(src/custom_interfaces) by extension 'ros'
[1.104s] DEBUG:colcon.colcon_core.package_identification:Package 'src/custom_interfaces' with type 'ros.ament_cmake' and name 'custom_interfaces'
[1.104s] Level 1:colcon.colcon_core.package_identification:_identify(src/wall_follower) by extensions ['ignore', 'ignore_ament_install']
[1.104s] Level 1:colcon.colcon_core.package_identification:_identify(src/wall_follower) by extension 'ignore'
[1.104s] Level 1:colcon.colcon_core.package_identification:_identify(src/wall_follower) by extension 'ignore_ament_install'
[1.104s] Level 1:colcon.colcon_core.package_identification:_identify(src/wall_follower) by extensions ['colcon_pkg']
[1.104s] Level 1:colcon.colcon_core.package_identification:_identify(src/wall_follower) by extension 'colcon_pkg'
[1.104s] Level 1:colcon.colcon_core.package_identification:_identify(src/wall_follower) by extensions ['colcon_meta']
[1.104s] Level 1:colcon.colcon_core.package_identification:_identify(src/wall_follower) by extension 'colcon_meta'
[1.105s] Level 1:colcon.colcon_core.package_identification:_identify(src/wall_follower) by extensions ['ros']
[1.105s] Level 1:colcon.colcon_core.package_identification:_identify(src/wall_follower) by extension 'ros'
[1.106s] DEBUG:colcon.colcon_core.package_identification:Package 'src/wall_follower' with type 'ros.ament_python' and name 'wall_follower'
[1.106s] Level 1:colcon.colcon_core.package_discovery:discover_packages(recursive) using defaults
[1.106s] Level 1:colcon.colcon_core.package_discovery:discover_packages(ignore) discover
[1.106s] Level 1:colcon.colcon_core.package_discovery:discover_packages(ignore) using defaults
[1.106s] Level 1:colcon.colcon_core.package_discovery:discover_packages(path) discover
[1.106s] Level 1:colcon.colcon_core.package_discovery:discover_packages(path) using defaults
[1.193s] Level 5:colcon.colcon_core.verb:set package 'custom_interfaces' build argument 'cmake_args' from command line to 'None'
[1.193s] Level 5:colcon.colcon_core.verb:set package 'custom_interfaces' build argument 'cmake_target' from command line to 'None'
[1.193s] Level 5:colcon.colcon_core.verb:set package 'custom_interfaces' build argument 'cmake_target_skip_unavailable' from command line to 'False'
[1.193s] Level 5:colcon.colcon_core.verb:set package 'custom_interfaces' build argument 'cmake_clean_cache' from command line to 'False'
[1.193s] Level 5:colcon.colcon_core.verb:set package 'custom_interfaces' build argument 'cmake_clean_first' from command line to 'False'
[1.193s] Level 5:colcon.colcon_core.verb:set package 'custom_interfaces' build argument 'cmake_force_configure' from command line to 'False'
[1.193s] Level 5:colcon.colcon_core.verb:set package 'custom_interfaces' build argument 'ament_cmake_args' from command line to 'None'
[1.193s] Level 5:colcon.colcon_core.verb:set package 'custom_interfaces' build argument 'catkin_cmake_args' from command line to 'None'
[1.193s] Level 5:colcon.colcon_core.verb:set package 'custom_interfaces' build argument 'catkin_skip_building_tests' from command line to 'False'
[1.193s] DEBUG:colcon.colcon_core.verb:Building package 'custom_interfaces' with the following arguments: {'ament_cmake_args': None, 'build_base': '/home/user/ros2_ws/build/custom_interfaces', 'catkin_cmake_args': None, 'catkin_skip_building_tests': False, 'cmake_args': None, 'cmake_clean_cache': False, 'cmake_clean_first': False, 'cmake_force_configure': False, 'cmake_target': None, 'cmake_target_skip_unavailable': False, 'install_base': '/home/user/ros2_ws/install/custom_interfaces', 'merge_install': False, 'path': '/home/user/ros2_ws/src/custom_interfaces', 'symlink_install': False, 'test_result_base': None}
[1.196s] Level 5:colcon.colcon_core.verb:set package 'wall_follower' build argument 'cmake_args' from command line to 'None'
[1.196s] Level 5:colcon.colcon_core.verb:set package 'wall_follower' build argument 'cmake_target' from command line to 'None'
[1.196s] Level 5:colcon.colcon_core.verb:set package 'wall_follower' build argument 'cmake_target_skip_unavailable' from command line to 'False'
[1.197s] Level 5:colcon.colcon_core.verb:set package 'wall_follower' build argument 'cmake_clean_cache' from command line to 'False'
[1.197s] Level 5:colcon.colcon_core.verb:set package 'wall_follower' build argument 'cmake_clean_first' from command line to 'False'
[1.197s] Level 5:colcon.colcon_core.verb:set package 'wall_follower' build argument 'cmake_force_configure' from command line to 'False'
[1.197s] Level 5:colcon.colcon_core.verb:set package 'wall_follower' build argument 'ament_cmake_args' from command line to 'None'
[1.197s] Level 5:colcon.colcon_core.verb:set package 'wall_follower' build argument 'catkin_cmake_args' from command line to 'None'
[1.197s] Level 5:colcon.colcon_core.verb:set package 'wall_follower' build argument 'catkin_skip_building_tests' from command line to 'False'
[1.197s] DEBUG:colcon.colcon_core.verb:Building package 'wall_follower' with the following arguments: {'ament_cmake_args': None, 'build_base': '/home/user/ros2_ws/build/wall_follower', 'catkin_cmake_args': None, 'catkin_skip_building_tests': False, 'cmake_args': None, 'cmake_clean_cache': False, 'cmake_clean_first': False, 'cmake_force_configure': False, 'cmake_target': None, 'cmake_target_skip_unavailable': False, 'install_base': '/home/user/ros2_ws/install/wall_follower', 'merge_install': False, 'path': '/home/user/ros2_ws/src/wall_follower', 'symlink_install': False, 'test_result_base': None}
[1.197s] INFO:colcon.colcon_core.executor:Executing jobs using 'parallel' executor
[1.200s] DEBUG:colcon.colcon_parallel_executor.executor.parallel:run_until_complete
[1.200s] INFO:colcon.colcon_ros.task.ament_cmake.build:Building ROS package in '/home/user/ros2_ws/src/custom_interfaces' with build type 'ament_cmake'
[1.201s] INFO:colcon.colcon_cmake.task.cmake.build:Building CMake package in '/home/user/ros2_ws/src/custom_interfaces'
[1.206s] INFO:colcon.colcon_core.plugin_system:Skipping extension 'colcon_core.shell.bat': Not used on non-Windows systems
[1.206s] INFO:colcon.colcon_core.shell:Skip shell extension 'powershell' for command environment: Not usable outside of PowerShell
[1.206s] DEBUG:colcon.colcon_core.shell:Skip shell extension 'dsv' for command environment
[1.210s] DEBUG:colcon.colcon_core.shell:Ignoring prefix path '/opt/ros/foxy'
[1.224s] DEBUG:colcon.colcon_core.event_handler.log_command:Invoking command in '/home/user/ros2_ws/build/custom_interfaces': CMAKE_PREFIX_PATH=${CMAKE_PREFIX_PATH}:/home/user/ros2_ws/install/wall_follower:/opt/ros/foxy _=/usr/bin/env /usr/bin/cmake --build /home/user/ros2_ws/build/custom_interfaces -- -j8 -l8
[2.911s] DEBUG:colcon.colcon_core.event_handler.log_command:Invoked command in '/home/user/ros2_ws/build/custom_interfaces' returned '0': CMAKE_PREFIX_PATH=${CMAKE_PREFIX_PATH}:/home/user/ros2_ws/install/wall_follower:/opt/ros/foxy _=/usr/bin/env /usr/bin/cmake --build /home/user/ros2_ws/build/custom_interfaces -- -j8 -l8
[3.296s] DEBUG:colcon.colcon_core.event_handler.log_command:Invoking command in '/home/user/ros2_ws/build/custom_interfaces': CMAKE_PREFIX_PATH=${CMAKE_PREFIX_PATH}:/home/user/ros2_ws/install/wall_follower:/opt/ros/foxy _=/usr/bin/env /usr/bin/cmake --install /home/user/ros2_ws/build/custom_interfaces
[3.499s] Level 1:colcon.colcon_core.environment:create_environment_scripts_only(custom_interfaces)
[3.502s] DEBUG:colcon.colcon_core.event_handler.log_command:Invoked command in '/home/user/ros2_ws/build/custom_interfaces' returned '0': CMAKE_PREFIX_PATH=${CMAKE_PREFIX_PATH}:/home/user/ros2_ws/install/wall_follower:/opt/ros/foxy _=/usr/bin/env /usr/bin/cmake --install /home/user/ros2_ws/build/custom_interfaces
[3.505s] Level 1:colcon.colcon_core.environment:checking '/home/user/ros2_ws/install/custom_interfaces' for CMake module files
[3.506s] Level 1:colcon.colcon_core.environment:checking '/home/user/ros2_ws/install/custom_interfaces' for CMake config files
[3.506s] Level 1:colcon.colcon_core.shell:create_environment_hook('custom_interfaces', 'cmake_prefix_path')
[3.507s] INFO:colcon.colcon_core.shell:Creating environment hook '/home/user/ros2_ws/install/custom_interfaces/share/custom_interfaces/hook/cmake_prefix_path.ps1'
[3.508s] INFO:colcon.colcon_core.shell:Creating environment descriptor '/home/user/ros2_ws/install/custom_interfaces/share/custom_interfaces/hook/cmake_prefix_path.dsv'
[3.509s] INFO:colcon.colcon_core.shell:Creating environment hook '/home/user/ros2_ws/install/custom_interfaces/share/custom_interfaces/hook/cmake_prefix_path.sh'
[3.511s] Level 1:colcon.colcon_core.environment:checking '/home/user/ros2_ws/install/custom_interfaces/lib'
[3.512s] Level 1:colcon.colcon_core.shell:create_environment_hook('custom_interfaces', 'ld_library_path_lib')
[3.512s] INFO:colcon.colcon_core.shell:Creating environment hook '/home/user/ros2_ws/install/custom_interfaces/share/custom_interfaces/hook/ld_library_path_lib.ps1'
[3.513s] INFO:colcon.colcon_core.shell:Creating environment descriptor '/home/user/ros2_ws/install/custom_interfaces/share/custom_interfaces/hook/ld_library_path_lib.dsv'
[3.513s] INFO:colcon.colcon_core.shell:Creating environment hook '/home/user/ros2_ws/install/custom_interfaces/share/custom_interfaces/hook/ld_library_path_lib.sh'
[3.514s] Level 1:colcon.colcon_core.environment:checking '/home/user/ros2_ws/install/custom_interfaces/bin'
[3.514s] Level 1:colcon.colcon_core.environment:checking '/home/user/ros2_ws/install/custom_interfaces/lib/pkgconfig/custom_interfaces.pc'
[3.514s] Level 1:colcon.colcon_core.environment:checking '/home/user/ros2_ws/install/custom_interfaces/lib/python3.8/site-packages'
[3.514s] Level 1:colcon.colcon_core.shell:create_environment_hook('custom_interfaces', 'pythonpath')
[3.515s] INFO:colcon.colcon_core.shell:Creating environment hook '/home/user/ros2_ws/install/custom_interfaces/share/custom_interfaces/hook/pythonpath.ps1'
[3.515s] INFO:colcon.colcon_core.shell:Creating environment descriptor '/home/user/ros2_ws/install/custom_interfaces/share/custom_interfaces/hook/pythonpath.dsv'
[3.516s] INFO:colcon.colcon_core.shell:Creating environment hook '/home/user/ros2_ws/install/custom_interfaces/share/custom_interfaces/hook/pythonpath.sh'
[3.517s] INFO:colcon.colcon_core.shell:Creating package script '/home/user/ros2_ws/install/custom_interfaces/share/custom_interfaces/package.ps1'
[3.518s] INFO:colcon.colcon_core.shell:Creating package descriptor '/home/user/ros2_ws/install/custom_interfaces/share/custom_interfaces/package.dsv'
[3.518s] INFO:colcon.colcon_core.shell:Creating package script '/home/user/ros2_ws/install/custom_interfaces/share/custom_interfaces/package.sh'
[3.519s] INFO:colcon.colcon_core.shell:Creating package script '/home/user/ros2_ws/install/custom_interfaces/share/custom_interfaces/package.bash'
[3.520s] INFO:colcon.colcon_core.shell:Creating package script '/home/user/ros2_ws/install/custom_interfaces/share/custom_interfaces/package.zsh'
[3.521s] Level 1:colcon.colcon_core.environment:create_file_with_runtime_dependencies(/home/user/ros2_ws/install/custom_interfaces/share/colcon-core/packages/custom_interfaces)
[3.891s] Level 1:colcon.colcon_core.environment:create_environment_scripts_only(custom_interfaces)
[3.893s] Level 1:colcon.colcon_core.environment:checking '/home/user/ros2_ws/install/custom_interfaces' for CMake module files
[3.894s] Level 1:colcon.colcon_core.environment:checking '/home/user/ros2_ws/install/custom_interfaces' for CMake config files
[3.894s] Level 1:colcon.colcon_core.shell:create_environment_hook('custom_interfaces', 'cmake_prefix_path')
[3.896s] INFO:colcon.colcon_core.shell:Creating environment hook '/home/user/ros2_ws/install/custom_interfaces/share/custom_interfaces/hook/cmake_prefix_path.ps1'
[3.896s] INFO:colcon.colcon_core.shell:Creating environment descriptor '/home/user/ros2_ws/install/custom_interfaces/share/custom_interfaces/hook/cmake_prefix_path.dsv'
[3.897s] INFO:colcon.colcon_core.shell:Creating environment hook '/home/user/ros2_ws/install/custom_interfaces/share/custom_interfaces/hook/cmake_prefix_path.sh'
[3.898s] Level 1:colcon.colcon_core.environment:checking '/home/user/ros2_ws/install/custom_interfaces/lib'
[3.898s] Level 1:colcon.colcon_core.shell:create_environment_hook('custom_interfaces', 'ld_library_path_lib')
[3.899s] INFO:colcon.colcon_core.shell:Creating environment hook '/home/user/ros2_ws/install/custom_interfaces/share/custom_interfaces/hook/ld_library_path_lib.ps1'
[3.900s] INFO:colcon.colcon_core.shell:Creating environment descriptor '/home/user/ros2_ws/install/custom_interfaces/share/custom_interfaces/hook/ld_library_path_lib.dsv'
[3.900s] INFO:colcon.colcon_core.shell:Creating environment hook '/home/user/ros2_ws/install/custom_interfaces/share/custom_interfaces/hook/ld_library_path_lib.sh'
[3.901s] Level 1:colcon.colcon_core.environment:checking '/home/user/ros2_ws/install/custom_interfaces/bin'
[3.901s] Level 1:colcon.colcon_core.environment:checking '/home/user/ros2_ws/install/custom_interfaces/lib/pkgconfig/custom_interfaces.pc'
[3.901s] Level 1:colcon.colcon_core.environment:checking '/home/user/ros2_ws/install/custom_interfaces/lib/python3.8/site-packages'
[3.901s] Level 1:colcon.colcon_core.shell:create_environment_hook('custom_interfaces', 'pythonpath')
[3.902s] INFO:colcon.colcon_core.shell:Creating environment hook '/home/user/ros2_ws/install/custom_interfaces/share/custom_interfaces/hook/pythonpath.ps1'
[3.902s] INFO:colcon.colcon_core.shell:Creating environment descriptor '/home/user/ros2_ws/install/custom_interfaces/share/custom_interfaces/hook/pythonpath.dsv'
[3.903s] INFO:colcon.colcon_core.shell:Creating environment hook '/home/user/ros2_ws/install/custom_interfaces/share/custom_interfaces/hook/pythonpath.sh'
[3.904s] INFO:colcon.colcon_core.shell:Creating package script '/home/user/ros2_ws/install/custom_interfaces/share/custom_interfaces/package.ps1'
[3.905s] INFO:colcon.colcon_core.shell:Creating package descriptor '/home/user/ros2_ws/install/custom_interfaces/share/custom_interfaces/package.dsv'
[3.906s] INFO:colcon.colcon_core.shell:Creating package script '/home/user/ros2_ws/install/custom_interfaces/share/custom_interfaces/package.sh'
[3.907s] INFO:colcon.colcon_core.shell:Creating package script '/home/user/ros2_ws/install/custom_interfaces/share/custom_interfaces/package.bash'
[3.907s] INFO:colcon.colcon_core.shell:Creating package script '/home/user/ros2_ws/install/custom_interfaces/share/custom_interfaces/package.zsh'
[3.908s] Level 1:colcon.colcon_core.environment:create_file_with_runtime_dependencies(/home/user/ros2_ws/install/custom_interfaces/share/colcon-core/packages/custom_interfaces)
[3.908s] INFO:colcon.colcon_ros.task.ament_python.build:Building ROS package in '/home/user/ros2_ws/src/wall_follower' with build type 'ament_python'
[3.970s] Level 1:colcon.colcon_core.shell:create_environment_hook('wall_follower', 'ament_prefix_path')
[3.972s] INFO:colcon.colcon_core.shell:Creating environment hook '/home/user/ros2_ws/install/wall_follower/share/wall_follower/hook/ament_prefix_path.ps1'
[3.972s] INFO:colcon.colcon_core.shell:Creating environment descriptor '/home/user/ros2_ws/install/wall_follower/share/wall_follower/hook/ament_prefix_path.dsv'
[3.973s] INFO:colcon.colcon_core.shell:Creating environment hook '/home/user/ros2_ws/install/wall_follower/share/wall_follower/hook/ament_prefix_path.sh'
[3.975s] INFO:colcon.colcon_core.shell:Skip shell extension 'powershell' for command environment: Not usable outside of PowerShell
[3.975s] DEBUG:colcon.colcon_core.shell:Skip shell extension 'dsv' for command environment
[3.980s] DEBUG:colcon.colcon_core.shell:Ignoring prefix path '/opt/ros/foxy'
[4.907s] INFO:colcon.colcon_core.task.python.build:Building Python package in '/home/user/ros2_ws/src/wall_follower'
[4.909s] INFO:colcon.colcon_core.shell:Skip shell extension 'powershell' for command environment: Not usable outside of PowerShell
[4.909s] DEBUG:colcon.colcon_core.shell:Skip shell extension 'dsv' for command environment
[4.913s] DEBUG:colcon.colcon_core.shell:Ignoring prefix path '/opt/ros/foxy'
[4.982s] DEBUG:colcon.colcon_core.event_handler.log_command:Invoking command in '/home/user/ros2_ws/src/wall_follower': PYTHONPATH=/home/user/ros2_ws/install/wall_follower/lib/python3.8/site-packages:/home/user/ros2_ws/install/custom_interfaces/lib/python3.8/site-packages:/home/user/ros2_ws/install/wall_follower/lib/python3.8/site-packages:/home/simulations/ros2_sims_ws/install/ros1_bridge/lib/python3.8/site-packages:/opt/ros/foxy/lib/python3.8/site-packages:/home/simulations/public_sim_ws/src/all/ros_basics_examples/python_course_class:/home/simulations/public_sim_ws/src/ros_basics_examples/python_course_class:/home/simulations/public_sim_ws/src/all/kinematics_course_utils/kinematics _=/usr/bin/env /usr/bin/python3 setup.py egg_info --egg-base ../../build/wall_follower build --build-base /home/user/ros2_ws/build/wall_follower/build install --prefix /home/user/ros2_ws/install/wall_follower --record /home/user/ros2_ws/build/wall_follower/install.log --single-version-externally-managed
[6.102s] Level 1:colcon.colcon_core.environment:checking '/home/user/ros2_ws/install/wall_follower' for CMake module files
[6.103s] DEBUG:colcon.colcon_core.event_handler.log_command:Invoked command in '/home/user/ros2_ws/src/wall_follower' returned '0': PYTHONPATH=/home/user/ros2_ws/install/wall_follower/lib/python3.8/site-packages:/home/user/ros2_ws/install/custom_interfaces/lib/python3.8/site-packages:/home/user/ros2_ws/install/wall_follower/lib/python3.8/site-packages:/home/simulations/ros2_sims_ws/install/ros1_bridge/lib/python3.8/site-packages:/opt/ros/foxy/lib/python3.8/site-packages:/home/simulations/public_sim_ws/src/all/ros_basics_examples/python_course_class:/home/simulations/public_sim_ws/src/ros_basics_examples/python_course_class:/home/simulations/public_sim_ws/src/all/kinematics_course_utils/kinematics _=/usr/bin/env /usr/bin/python3 setup.py egg_info --egg-base ../../build/wall_follower build --build-base /home/user/ros2_ws/build/wall_follower/build install --prefix /home/user/ros2_ws/install/wall_follower --record /home/user/ros2_ws/build/wall_follower/install.log --single-version-externally-managed
[6.103s] Level 1:colcon.colcon_core.environment:checking '/home/user/ros2_ws/install/wall_follower' for CMake config files
[6.104s] Level 1:colcon.colcon_core.environment:checking '/home/user/ros2_ws/install/wall_follower/lib'
[6.104s] Level 1:colcon.colcon_core.environment:checking '/home/user/ros2_ws/install/wall_follower/bin'
[6.104s] Level 1:colcon.colcon_core.environment:checking '/home/user/ros2_ws/install/wall_follower/lib/pkgconfig/wall_follower.pc'
[6.105s] Level 1:colcon.colcon_core.environment:checking '/home/user/ros2_ws/install/wall_follower/lib/python3.8/site-packages'
[6.105s] Level 1:colcon.colcon_core.shell:create_environment_hook('wall_follower', 'pythonpath')
[6.106s] INFO:colcon.colcon_core.shell:Creating environment hook '/home/user/ros2_ws/install/wall_follower/share/wall_follower/hook/pythonpath.ps1'
[6.107s] INFO:colcon.colcon_core.shell:Creating environment descriptor '/home/user/ros2_ws/install/wall_follower/share/wall_follower/hook/pythonpath.dsv'
[6.107s] INFO:colcon.colcon_core.shell:Creating environment hook '/home/user/ros2_ws/install/wall_follower/share/wall_follower/hook/pythonpath.sh'
[6.107s] Level 1:colcon.colcon_core.environment:create_environment_scripts_only(wall_follower)
[6.108s] INFO:colcon.colcon_core.shell:Creating package script '/home/user/ros2_ws/install/wall_follower/share/wall_follower/package.ps1'
[6.109s] INFO:colcon.colcon_core.shell:Creating package descriptor '/home/user/ros2_ws/install/wall_follower/share/wall_follower/package.dsv'
[6.109s] INFO:colcon.colcon_core.shell:Creating package script '/home/user/ros2_ws/install/wall_follower/share/wall_follower/package.sh'
[6.110s] INFO:colcon.colcon_core.shell:Creating package script '/home/user/ros2_ws/install/wall_follower/share/wall_follower/package.bash'
[6.110s] INFO:colcon.colcon_core.shell:Creating package script '/home/user/ros2_ws/install/wall_follower/share/wall_follower/package.zsh'
[6.110s] Level 1:colcon.colcon_core.environment:create_file_with_runtime_dependencies(/home/user/ros2_ws/install/wall_follower/share/colcon-core/packages/wall_follower)
[6.111s] DEBUG:colcon.colcon_parallel_executor.executor.parallel:closing loop
[6.112s] DEBUG:colcon.colcon_parallel_executor.executor.parallel:loop closed
[6.112s] DEBUG:colcon.colcon_parallel_executor.executor.parallel:run_until_complete finished with '0'
[6.112s] DEBUG:colcon.colcon_core.event_reactor:joining thread
[6.121s] INFO:colcon.colcon_core.plugin_system:Skipping extension 'colcon_notification.desktop_notification.notify_send': Could not find 'notify-send'
[6.121s] INFO:colcon.colcon_core.plugin_system:Skipping extension 'colcon_notification.desktop_notification.terminal_notifier': Not used on non-Darwin systems
[6.121s] INFO:colcon.colcon_core.plugin_system:Skipping extension 'colcon_notification.desktop_notification.win32': Not used on non-Windows systems
[6.121s] INFO:colcon.colcon_notification.desktop_notification:Sending desktop notification using 'notify2'
[6.129s] DEBUG:colcon.colcon_notification.desktop_notification.notify2:Failed to initialize notify2: org.freedesktop.DBus.Error.ServiceUnknown: The name org.freedesktop.Notifications was not provided by any .service files
[6.129s] DEBUG:colcon.colcon_core.event_reactor:joined thread
[6.131s] INFO:colcon.colcon_core.shell:Creating prefix script '/home/user/ros2_ws/install/local_setup.ps1'
[6.133s] INFO:colcon.colcon_core.shell:Creating prefix util module '/home/user/ros2_ws/install/_local_setup_util_ps1.py'
[6.135s] INFO:colcon.colcon_core.shell:Creating prefix chain script '/home/user/ros2_ws/install/setup.ps1'
[6.171s] INFO:colcon.colcon_core.shell:Creating prefix script '/home/user/ros2_ws/install/local_setup.sh'
[6.171s] INFO:colcon.colcon_core.shell:Creating prefix util module '/home/user/ros2_ws/install/_local_setup_util_sh.py'
[6.172s] INFO:colcon.colcon_core.shell:Creating prefix chain script '/home/user/ros2_ws/install/setup.sh'
[6.175s] INFO:colcon.colcon_core.shell:Creating prefix script '/home/user/ros2_ws/install/local_setup.bash'
[6.175s] INFO:colcon.colcon_core.shell:Creating prefix chain script '/home/user/ros2_ws/install/setup.bash'
[6.179s] INFO:colcon.colcon_core.shell:Creating prefix script '/home/user/ros2_ws/install/local_setup.zsh'
[6.180s] INFO:colcon.colcon_core.shell:Creating prefix chain script '/home/user/ros2_ws/install/setup.zsh'
