[0.019s] Invoking command in '/home/user/ros2_ws/build/custom_interfaces': CMAKE_PREFIX_PATH=${CMAKE_PREFIX_PATH}:/home/user/ros2_ws/install/wall_follower:/opt/ros/foxy _=/usr/bin/env /usr/bin/cmake --build /home/user/ros2_ws/build/custom_interfaces -- -j8 -l8
[0.225s] [  3%] Built target custom_interfaces__cpp
[0.281s] [ 12%] Built target custom_interfaces__rosidl_generator_c
[0.381s] [ 22%] Built target custom_interfaces__rosidl_typesupport_introspection_cpp
[0.386s] [ 32%] Built target custom_interfaces__rosidl_typesupport_c
[0.389s] [ 41%] Built target custom_interfaces__rosidl_typesupport_cpp
[0.482s] [ 51%] Built target custom_interfaces__rosidl_typesupport_fastrtps_cpp
[0.497s] [ 61%] Built target custom_interfaces__rosidl_typesupport_introspection_c
[0.586s] [ 70%] Built target custom_interfaces__rosidl_typesupport_fastrtps_c
[0.625s] [ 70%] Built target custom_interfaces
[0.784s] [ 74%] Built target custom_interfaces__py
[0.820s] [ 80%] Built target custom_interfaces__python
[0.985s] [ 87%] Built target custom_interfaces__rosidl_typesupport_c__pyext
[0.989s] [ 93%] Built target custom_interfaces__rosidl_typesupport_fastrtps_c__pyext
[0.993s] [100%] Built target custom_interfaces__rosidl_typesupport_introspection_c__pyext
[1.087s] Invoked command in '/home/user/ros2_ws/build/custom_interfaces' returned '0': CMAKE_PREFIX_PATH=${CMAKE_PREFIX_PATH}:/home/user/ros2_ws/install/wall_follower:/opt/ros/foxy _=/usr/bin/env /usr/bin/cmake --build /home/user/ros2_ws/build/custom_interfaces -- -j8 -l8
[1.483s] Invoking command in '/home/user/ros2_ws/build/custom_interfaces': CMAKE_PREFIX_PATH=${CMAKE_PREFIX_PATH}:/home/user/ros2_ws/install/wall_follower:/opt/ros/foxy _=/usr/bin/env /usr/bin/cmake --install /home/user/ros2_ws/build/custom_interfaces
[1.496s] -- Install configuration: ""
[1.496s] -- Up-to-date: /home/user/ros2_ws/install/custom_interfaces/share/ament_index/resource_index/rosidl_interfaces/custom_interfaces
[1.497s] -- Up-to-date: /home/user/ros2_ws/install/custom_interfaces/include/custom_interfaces
[1.497s] -- Up-to-date: /home/user/ros2_ws/install/custom_interfaces/include/custom_interfaces/srv
[1.497s] -- Up-to-date: /home/user/ros2_ws/install/custom_interfaces/include/custom_interfaces/srv/detail
[1.497s] -- Up-to-date: /home/user/ros2_ws/install/custom_interfaces/include/custom_interfaces/srv/detail/find_wall__functions.h
[1.497s] -- Up-to-date: /home/user/ros2_ws/install/custom_interfaces/include/custom_interfaces/srv/detail/find_wall__functions.c
[1.498s] -- Up-to-date: /home/user/ros2_ws/install/custom_interfaces/include/custom_interfaces/srv/detail/find_wall__struct.h
[1.498s] -- Up-to-date: /home/user/ros2_ws/install/custom_interfaces/include/custom_interfaces/srv/detail/find_wall__type_support.h
[1.498s] -- Up-to-date: /home/user/ros2_ws/install/custom_interfaces/include/custom_interfaces/srv/find_wall.h
[1.498s] -- Up-to-date: /home/user/ros2_ws/install/custom_interfaces/include/custom_interfaces/msg
[1.498s] -- Up-to-date: /home/user/ros2_ws/install/custom_interfaces/include/custom_interfaces/msg/rosidl_generator_c__visibility_control.h
[1.498s] -- Up-to-date: /home/user/ros2_ws/install/custom_interfaces/share/custom_interfaces/environment/library_path.sh
[1.498s] -- Up-to-date: /home/user/ros2_ws/install/custom_interfaces/share/custom_interfaces/environment/library_path.dsv
[1.498s] -- Up-to-date: /home/user/ros2_ws/install/custom_interfaces/lib/libcustom_interfaces__rosidl_generator_c.so
[1.499s] -- Up-to-date: /home/user/ros2_ws/install/custom_interfaces/include/custom_interfaces
[1.499s] -- Up-to-date: /home/user/ros2_ws/install/custom_interfaces/include/custom_interfaces/srv
[1.499s] -- Up-to-date: /home/user/ros2_ws/install/custom_interfaces/include/custom_interfaces/srv/detail
[1.500s] -- Up-to-date: /home/user/ros2_ws/install/custom_interfaces/include/custom_interfaces/srv/detail/find_wall__rosidl_typesupport_fastrtps_c.h
[1.500s] -- Up-to-date: /home/user/ros2_ws/install/custom_interfaces/include/custom_interfaces/msg
[1.500s] -- Up-to-date: /home/user/ros2_ws/install/custom_interfaces/include/custom_interfaces/msg/rosidl_typesupport_fastrtps_c__visibility_control.h
[1.500s] -- Up-to-date: /home/user/ros2_ws/install/custom_interfaces/lib/libcustom_interfaces__rosidl_typesupport_fastrtps_c.so
[1.500s] -- Up-to-date: /home/user/ros2_ws/install/custom_interfaces/include/custom_interfaces
[1.500s] -- Up-to-date: /home/user/ros2_ws/install/custom_interfaces/include/custom_interfaces/srv
[1.500s] -- Up-to-date: /home/user/ros2_ws/install/custom_interfaces/include/custom_interfaces/srv/detail
[1.500s] -- Up-to-date: /home/user/ros2_ws/install/custom_interfaces/include/custom_interfaces/srv/detail/dds_fastrtps
[1.500s] -- Up-to-date: /home/user/ros2_ws/install/custom_interfaces/include/custom_interfaces/srv/detail/find_wall__rosidl_typesupport_fastrtps_cpp.hpp
[1.500s] -- Up-to-date: /home/user/ros2_ws/install/custom_interfaces/include/custom_interfaces/msg
[1.500s] -- Up-to-date: /home/user/ros2_ws/install/custom_interfaces/include/custom_interfaces/msg/rosidl_typesupport_fastrtps_cpp__visibility_control.h
[1.500s] -- Up-to-date: /home/user/ros2_ws/install/custom_interfaces/lib/libcustom_interfaces__rosidl_typesupport_fastrtps_cpp.so
[1.501s] -- Up-to-date: /home/user/ros2_ws/install/custom_interfaces/include/custom_interfaces
[1.501s] -- Up-to-date: /home/user/ros2_ws/install/custom_interfaces/include/custom_interfaces/srv
[1.501s] -- Up-to-date: /home/user/ros2_ws/install/custom_interfaces/include/custom_interfaces/srv/detail
[1.501s] -- Up-to-date: /home/user/ros2_ws/install/custom_interfaces/include/custom_interfaces/srv/detail/find_wall__type_support.c
[1.501s] -- Up-to-date: /home/user/ros2_ws/install/custom_interfaces/include/custom_interfaces/srv/detail/find_wall__rosidl_typesupport_introspection_c.h
[1.501s] -- Up-to-date: /home/user/ros2_ws/install/custom_interfaces/include/custom_interfaces/msg
[1.501s] -- Up-to-date: /home/user/ros2_ws/install/custom_interfaces/include/custom_interfaces/msg/rosidl_typesupport_introspection_c__visibility_control.h
[1.502s] -- Up-to-date: /home/user/ros2_ws/install/custom_interfaces/lib/libcustom_interfaces__rosidl_typesupport_introspection_c.so
[1.502s] -- Up-to-date: /home/user/ros2_ws/install/custom_interfaces/lib/libcustom_interfaces__rosidl_typesupport_c.so
[1.502s] -- Up-to-date: /home/user/ros2_ws/install/custom_interfaces/include/custom_interfaces
[1.502s] -- Up-to-date: /home/user/ros2_ws/install/custom_interfaces/include/custom_interfaces/srv
[1.502s] -- Up-to-date: /home/user/ros2_ws/install/custom_interfaces/include/custom_interfaces/srv/detail
[1.502s] -- Up-to-date: /home/user/ros2_ws/install/custom_interfaces/include/custom_interfaces/srv/detail/find_wall__struct.hpp
[1.502s] -- Up-to-date: /home/user/ros2_ws/install/custom_interfaces/include/custom_interfaces/srv/detail/find_wall__builder.hpp
[1.502s] -- Up-to-date: /home/user/ros2_ws/install/custom_interfaces/include/custom_interfaces/srv/detail/find_wall__traits.hpp
[1.502s] -- Up-to-date: /home/user/ros2_ws/install/custom_interfaces/include/custom_interfaces/srv/find_wall.hpp
[1.503s] -- Up-to-date: /home/user/ros2_ws/install/custom_interfaces/include/custom_interfaces
[1.503s] -- Up-to-date: /home/user/ros2_ws/install/custom_interfaces/include/custom_interfaces/srv
[1.503s] -- Up-to-date: /home/user/ros2_ws/install/custom_interfaces/include/custom_interfaces/srv/detail
[1.503s] -- Up-to-date: /home/user/ros2_ws/install/custom_interfaces/include/custom_interfaces/srv/detail/find_wall__type_support.cpp
[1.503s] -- Up-to-date: /home/user/ros2_ws/install/custom_interfaces/include/custom_interfaces/srv/detail/find_wall__rosidl_typesupport_introspection_cpp.hpp
[1.503s] -- Up-to-date: /home/user/ros2_ws/install/custom_interfaces/lib/libcustom_interfaces__rosidl_typesupport_introspection_cpp.so
[1.503s] -- Up-to-date: /home/user/ros2_ws/install/custom_interfaces/lib/libcustom_interfaces__rosidl_typesupport_cpp.so
[1.503s] -- Up-to-date: /home/user/ros2_ws/install/custom_interfaces/share/custom_interfaces/environment/pythonpath.sh
[1.503s] -- Up-to-date: /home/user/ros2_ws/install/custom_interfaces/share/custom_interfaces/environment/pythonpath.dsv
[1.504s] -- Up-to-date: /home/user/ros2_ws/install/custom_interfaces/lib/python3.8/site-packages/custom_interfaces/__init__.py
[1.611s] -- Up-to-date: /home/user/ros2_ws/install/custom_interfaces/lib/python3.8/site-packages/custom_interfaces/srv
[1.611s] -- Up-to-date: /home/user/ros2_ws/install/custom_interfaces/lib/python3.8/site-packages/custom_interfaces/srv/_find_wall.py
[1.681s] -- Up-to-date: /home/user/ros2_ws/install/custom_interfaces/lib/python3.8/site-packages/custom_interfaces/srv/__init__.py
[1.681s] -- Up-to-date: /home/user/ros2_ws/install/custom_interfaces/lib/python3.8/site-packages/custom_interfaces/srv/_find_wall_s.c
[1.681s] -- Up-to-date: /home/user/ros2_ws/install/custom_interfaces/lib/python3.8/site-packages/custom_interfaces/custom_interfaces_s__rosidl_typesupport_fastrtps_c.cpython-38-x86_64-linux-gnu.so
[1.682s] -- Up-to-date: /home/user/ros2_ws/install/custom_interfaces/lib/python3.8/site-packages/custom_interfaces/custom_interfaces_s__rosidl_typesupport_introspection_c.cpython-38-x86_64-linux-gnu.so
[1.682s] -- Up-to-date: /home/user/ros2_ws/install/custom_interfaces/lib/python3.8/site-packages/custom_interfaces/custom_interfaces_s__rosidl_typesupport_c.cpython-38-x86_64-linux-gnu.so
[1.682s] -- Up-to-date: /home/user/ros2_ws/install/custom_interfaces/lib/libcustom_interfaces__python.so
[1.683s] -- Up-to-date: /home/user/ros2_ws/install/custom_interfaces/share/custom_interfaces/srv/FindWall.idl
[1.683s] -- Up-to-date: /home/user/ros2_ws/install/custom_interfaces/share/custom_interfaces/srv/FindWall.srv
[1.683s] -- Up-to-date: /home/user/ros2_ws/install/custom_interfaces/share/custom_interfaces/srv/FindWall_Request.msg
[1.683s] -- Up-to-date: /home/user/ros2_ws/install/custom_interfaces/share/custom_interfaces/srv/FindWall_Response.msg
[1.684s] -- Up-to-date: /home/user/ros2_ws/install/custom_interfaces/share/ament_index/resource_index/package_run_dependencies/custom_interfaces
[1.684s] -- Up-to-date: /home/user/ros2_ws/install/custom_interfaces/share/ament_index/resource_index/parent_prefix_path/custom_interfaces
[1.684s] -- Up-to-date: /home/user/ros2_ws/install/custom_interfaces/share/custom_interfaces/environment/ament_prefix_path.sh
[1.684s] -- Up-to-date: /home/user/ros2_ws/install/custom_interfaces/share/custom_interfaces/environment/ament_prefix_path.dsv
[1.684s] -- Up-to-date: /home/user/ros2_ws/install/custom_interfaces/share/custom_interfaces/environment/path.sh
[1.684s] -- Up-to-date: /home/user/ros2_ws/install/custom_interfaces/share/custom_interfaces/environment/path.dsv
[1.685s] -- Up-to-date: /home/user/ros2_ws/install/custom_interfaces/share/custom_interfaces/local_setup.bash
[1.685s] -- Up-to-date: /home/user/ros2_ws/install/custom_interfaces/share/custom_interfaces/local_setup.sh
[1.685s] -- Up-to-date: /home/user/ros2_ws/install/custom_interfaces/share/custom_interfaces/local_setup.zsh
[1.685s] -- Up-to-date: /home/user/ros2_ws/install/custom_interfaces/share/custom_interfaces/local_setup.dsv
[1.685s] -- Installing: /home/user/ros2_ws/install/custom_interfaces/share/custom_interfaces/package.dsv
[1.685s] -- Up-to-date: /home/user/ros2_ws/install/custom_interfaces/share/ament_index/resource_index/packages/custom_interfaces
[1.685s] -- Up-to-date: /home/user/ros2_ws/install/custom_interfaces/share/custom_interfaces/cmake/custom_interfaces__rosidl_generator_cExport.cmake
[1.686s] -- Up-to-date: /home/user/ros2_ws/install/custom_interfaces/share/custom_interfaces/cmake/custom_interfaces__rosidl_generator_cExport-noconfig.cmake
[1.686s] -- Up-to-date: /home/user/ros2_ws/install/custom_interfaces/share/custom_interfaces/cmake/custom_interfaces__rosidl_typesupport_introspection_cExport.cmake
[1.686s] -- Up-to-date: /home/user/ros2_ws/install/custom_interfaces/share/custom_interfaces/cmake/custom_interfaces__rosidl_typesupport_introspection_cExport-noconfig.cmake
[1.686s] -- Up-to-date: /home/user/ros2_ws/install/custom_interfaces/share/custom_interfaces/cmake/custom_interfaces__rosidl_typesupport_cExport.cmake
[1.686s] -- Up-to-date: /home/user/ros2_ws/install/custom_interfaces/share/custom_interfaces/cmake/custom_interfaces__rosidl_typesupport_cExport-noconfig.cmake
[1.687s] -- Up-to-date: /home/user/ros2_ws/install/custom_interfaces/share/custom_interfaces/cmake/custom_interfaces__rosidl_generator_cppExport.cmake
[1.687s] -- Up-to-date: /home/user/ros2_ws/install/custom_interfaces/share/custom_interfaces/cmake/custom_interfaces__rosidl_typesupport_introspection_cppExport.cmake
[1.687s] -- Up-to-date: /home/user/ros2_ws/install/custom_interfaces/share/custom_interfaces/cmake/custom_interfaces__rosidl_typesupport_introspection_cppExport-noconfig.cmake
[1.687s] -- Up-to-date: /home/user/ros2_ws/install/custom_interfaces/share/custom_interfaces/cmake/custom_interfaces__rosidl_typesupport_cppExport.cmake
[1.687s] -- Up-to-date: /home/user/ros2_ws/install/custom_interfaces/share/custom_interfaces/cmake/custom_interfaces__rosidl_typesupport_cppExport-noconfig.cmake
[1.687s] -- Up-to-date: /home/user/ros2_ws/install/custom_interfaces/share/custom_interfaces/cmake/rosidl_cmake-extras.cmake
[1.687s] -- Up-to-date: /home/user/ros2_ws/install/custom_interfaces/share/custom_interfaces/cmake/ament_cmake_export_dependencies-extras.cmake
[1.687s] -- Up-to-date: /home/user/ros2_ws/install/custom_interfaces/share/custom_interfaces/cmake/ament_cmake_export_libraries-extras.cmake
[1.687s] -- Up-to-date: /home/user/ros2_ws/install/custom_interfaces/share/custom_interfaces/cmake/ament_cmake_export_targets-extras.cmake
[1.688s] -- Up-to-date: /home/user/ros2_ws/install/custom_interfaces/share/custom_interfaces/cmake/ament_cmake_export_include_directories-extras.cmake
[1.688s] -- Up-to-date: /home/user/ros2_ws/install/custom_interfaces/share/custom_interfaces/cmake/rosidl_cmake_export_typesupport_libraries-extras.cmake
[1.688s] -- Up-to-date: /home/user/ros2_ws/install/custom_interfaces/share/custom_interfaces/cmake/rosidl_cmake_export_typesupport_targets-extras.cmake
[1.688s] -- Up-to-date: /home/user/ros2_ws/install/custom_interfaces/share/custom_interfaces/cmake/custom_interfacesConfig.cmake
[1.688s] -- Up-to-date: /home/user/ros2_ws/install/custom_interfaces/share/custom_interfaces/cmake/custom_interfacesConfig-version.cmake
[1.688s] -- Up-to-date: /home/user/ros2_ws/install/custom_interfaces/share/custom_interfaces/package.xml
[1.693s] Invoked command in '/home/user/ros2_ws/build/custom_interfaces' returned '0': CMAKE_PREFIX_PATH=${CMAKE_PREFIX_PATH}:/home/user/ros2_ws/install/wall_follower:/opt/ros/foxy _=/usr/bin/env /usr/bin/cmake --install /home/user/ros2_ws/build/custom_interfaces
