[0.094s] Invoking command in '/home/user/ros2_ws/build/custom_interfaces': CMAKE_PREFIX_PATH=${CMAKE_PREFIX_PATH}:/home/user/ros2_ws/install/wall_follower:/opt/ros/foxy _=/usr/bin/env /usr/bin/cmake --build /home/user/ros2_ws/build/custom_interfaces -- -j8 -l8
[0.277s] [  3%] Built target custom_interfaces__cpp
[0.392s] [ 12%] Built target custom_interfaces__rosidl_generator_c
[0.478s] [ 22%] Built target custom_interfaces__rosidl_typesupport_fastrtps_cpp
[0.558s] [ 32%] Built target custom_interfaces__rosidl_typesupport_introspection_c
[0.675s] [ 41%] Built target custom_interfaces__rosidl_typesupport_fastrtps_c
[0.745s] [ 51%] Built target custom_interfaces__rosidl_typesupport_c
[0.841s] [ 61%] Built target custom_interfaces__rosidl_typesupport_introspection_cpp
[1.023s] [ 70%] Built target custom_interfaces__rosidl_typesupport_cpp
[1.111s] [ 70%] Built target custom_interfaces
[1.153s] [ 74%] Built target custom_interfaces__py
[1.216s] [ 80%] Built target custom_interfaces__python
[1.393s] [ 87%] Built target custom_interfaces__rosidl_typesupport_introspection_c__pyext
[1.444s] [ 93%] Built target custom_interfaces__rosidl_typesupport_c__pyext
[1.529s] [100%] Built target custom_interfaces__rosidl_typesupport_fastrtps_c__pyext
[1.622s] Invoked command in '/home/user/ros2_ws/build/custom_interfaces' returned '0': CMAKE_PREFIX_PATH=${CMAKE_PREFIX_PATH}:/home/user/ros2_ws/install/wall_follower:/opt/ros/foxy _=/usr/bin/env /usr/bin/cmake --build /home/user/ros2_ws/build/custom_interfaces -- -j8 -l8
[2.035s] Invoking command in '/home/user/ros2_ws/build/custom_interfaces': CMAKE_PREFIX_PATH=${CMAKE_PREFIX_PATH}:/home/user/ros2_ws/install/wall_follower:/opt/ros/foxy _=/usr/bin/env /usr/bin/cmake --install /home/user/ros2_ws/build/custom_interfaces
[2.051s] -- Install configuration: ""
[2.051s] -- Up-to-date: /home/user/ros2_ws/install/custom_interfaces/share/ament_index/resource_index/rosidl_interfaces/custom_interfaces
[2.051s] -- Up-to-date: /home/user/ros2_ws/install/custom_interfaces/include/custom_interfaces
[2.052s] -- Up-to-date: /home/user/ros2_ws/install/custom_interfaces/include/custom_interfaces/srv
[2.052s] -- Up-to-date: /home/user/ros2_ws/install/custom_interfaces/include/custom_interfaces/srv/detail
[2.052s] -- Up-to-date: /home/user/ros2_ws/install/custom_interfaces/include/custom_interfaces/srv/detail/find_wall__functions.h
[2.052s] -- Up-to-date: /home/user/ros2_ws/install/custom_interfaces/include/custom_interfaces/srv/detail/find_wall__functions.c
[2.052s] -- Up-to-date: /home/user/ros2_ws/install/custom_interfaces/include/custom_interfaces/srv/detail/find_wall__struct.h
[2.052s] -- Up-to-date: /home/user/ros2_ws/install/custom_interfaces/include/custom_interfaces/srv/detail/find_wall__type_support.h
[2.052s] -- Up-to-date: /home/user/ros2_ws/install/custom_interfaces/include/custom_interfaces/srv/find_wall.h
[2.052s] -- Up-to-date: /home/user/ros2_ws/install/custom_interfaces/include/custom_interfaces/msg
[2.052s] -- Up-to-date: /home/user/ros2_ws/install/custom_interfaces/include/custom_interfaces/msg/rosidl_generator_c__visibility_control.h
[2.053s] -- Up-to-date: /home/user/ros2_ws/install/custom_interfaces/share/custom_interfaces/environment/library_path.sh
[2.053s] -- Up-to-date: /home/user/ros2_ws/install/custom_interfaces/share/custom_interfaces/environment/library_path.dsv
[2.053s] -- Up-to-date: /home/user/ros2_ws/install/custom_interfaces/lib/libcustom_interfaces__rosidl_generator_c.so
[2.053s] -- Up-to-date: /home/user/ros2_ws/install/custom_interfaces/include/custom_interfaces
[2.053s] -- Up-to-date: /home/user/ros2_ws/install/custom_interfaces/include/custom_interfaces/srv
[2.053s] -- Up-to-date: /home/user/ros2_ws/install/custom_interfaces/include/custom_interfaces/srv/detail
[2.053s] -- Up-to-date: /home/user/ros2_ws/install/custom_interfaces/include/custom_interfaces/srv/detail/find_wall__rosidl_typesupport_fastrtps_c.h
[2.053s] -- Up-to-date: /home/user/ros2_ws/install/custom_interfaces/include/custom_interfaces/msg
[2.053s] -- Up-to-date: /home/user/ros2_ws/install/custom_interfaces/include/custom_interfaces/msg/rosidl_typesupport_fastrtps_c__visibility_control.h
[2.054s] -- Up-to-date: /home/user/ros2_ws/install/custom_interfaces/lib/libcustom_interfaces__rosidl_typesupport_fastrtps_c.so
[2.054s] -- Up-to-date: /home/user/ros2_ws/install/custom_interfaces/include/custom_interfaces
[2.054s] -- Up-to-date: /home/user/ros2_ws/install/custom_interfaces/include/custom_interfaces/srv
[2.054s] -- Up-to-date: /home/user/ros2_ws/install/custom_interfaces/include/custom_interfaces/srv/detail
[2.054s] -- Up-to-date: /home/user/ros2_ws/install/custom_interfaces/include/custom_interfaces/srv/detail/dds_fastrtps
[2.054s] -- Up-to-date: /home/user/ros2_ws/install/custom_interfaces/include/custom_interfaces/srv/detail/find_wall__rosidl_typesupport_fastrtps_cpp.hpp
[2.054s] -- Up-to-date: /home/user/ros2_ws/install/custom_interfaces/include/custom_interfaces/msg
[2.075s] -- Up-to-date: /home/user/ros2_ws/install/custom_interfaces/include/custom_interfaces/msg/rosidl_typesupport_fastrtps_cpp__visibility_control.h
[2.075s] -- Up-to-date: /home/user/ros2_ws/install/custom_interfaces/lib/libcustom_interfaces__rosidl_typesupport_fastrtps_cpp.so
[2.075s] -- Up-to-date: /home/user/ros2_ws/install/custom_interfaces/include/custom_interfaces
[2.075s] -- Up-to-date: /home/user/ros2_ws/install/custom_interfaces/include/custom_interfaces/srv
[2.076s] -- Up-to-date: /home/user/ros2_ws/install/custom_interfaces/include/custom_interfaces/srv/detail
[2.076s] -- Up-to-date: /home/user/ros2_ws/install/custom_interfaces/include/custom_interfaces/srv/detail/find_wall__type_support.c
[2.076s] -- Up-to-date: /home/user/ros2_ws/install/custom_interfaces/include/custom_interfaces/srv/detail/find_wall__rosidl_typesupport_introspection_c.h
[2.076s] -- Up-to-date: /home/user/ros2_ws/install/custom_interfaces/include/custom_interfaces/msg
[2.076s] -- Up-to-date: /home/user/ros2_ws/install/custom_interfaces/include/custom_interfaces/msg/rosidl_typesupport_introspection_c__visibility_control.h
[2.076s] -- Up-to-date: /home/user/ros2_ws/install/custom_interfaces/lib/libcustom_interfaces__rosidl_typesupport_introspection_c.so
[2.076s] -- Up-to-date: /home/user/ros2_ws/install/custom_interfaces/lib/libcustom_interfaces__rosidl_typesupport_c.so
[2.076s] -- Up-to-date: /home/user/ros2_ws/install/custom_interfaces/include/custom_interfaces
[2.076s] -- Up-to-date: /home/user/ros2_ws/install/custom_interfaces/include/custom_interfaces/srv
[2.077s] -- Up-to-date: /home/user/ros2_ws/install/custom_interfaces/include/custom_interfaces/srv/detail
[2.077s] -- Up-to-date: /home/user/ros2_ws/install/custom_interfaces/include/custom_interfaces/srv/detail/find_wall__struct.hpp
[2.077s] -- Up-to-date: /home/user/ros2_ws/install/custom_interfaces/include/custom_interfaces/srv/detail/find_wall__builder.hpp
[2.077s] -- Up-to-date: /home/user/ros2_ws/install/custom_interfaces/include/custom_interfaces/srv/detail/find_wall__traits.hpp
[2.077s] -- Up-to-date: /home/user/ros2_ws/install/custom_interfaces/include/custom_interfaces/srv/find_wall.hpp
[2.077s] -- Up-to-date: /home/user/ros2_ws/install/custom_interfaces/include/custom_interfaces
[2.077s] -- Up-to-date: /home/user/ros2_ws/install/custom_interfaces/include/custom_interfaces/srv
[2.077s] -- Up-to-date: /home/user/ros2_ws/install/custom_interfaces/include/custom_interfaces/srv/detail
[2.077s] -- Up-to-date: /home/user/ros2_ws/install/custom_interfaces/include/custom_interfaces/srv/detail/find_wall__type_support.cpp
[2.077s] -- Up-to-date: /home/user/ros2_ws/install/custom_interfaces/include/custom_interfaces/srv/detail/find_wall__rosidl_typesupport_introspection_cpp.hpp
[2.078s] -- Up-to-date: /home/user/ros2_ws/install/custom_interfaces/lib/libcustom_interfaces__rosidl_typesupport_introspection_cpp.so
[2.078s] -- Up-to-date: /home/user/ros2_ws/install/custom_interfaces/lib/libcustom_interfaces__rosidl_typesupport_cpp.so
[2.078s] -- Up-to-date: /home/user/ros2_ws/install/custom_interfaces/share/custom_interfaces/environment/pythonpath.sh
[2.078s] -- Up-to-date: /home/user/ros2_ws/install/custom_interfaces/share/custom_interfaces/environment/pythonpath.dsv
[2.078s] -- Up-to-date: /home/user/ros2_ws/install/custom_interfaces/lib/python3.8/site-packages/custom_interfaces/__init__.py
[2.200s] -- Up-to-date: /home/user/ros2_ws/install/custom_interfaces/lib/python3.8/site-packages/custom_interfaces/srv
[2.201s] -- Up-to-date: /home/user/ros2_ws/install/custom_interfaces/lib/python3.8/site-packages/custom_interfaces/srv/_find_wall.py
[2.202s] -- Up-to-date: /home/user/ros2_ws/install/custom_interfaces/lib/python3.8/site-packages/custom_interfaces/srv/__init__.py
[2.202s] -- Up-to-date: /home/user/ros2_ws/install/custom_interfaces/lib/python3.8/site-packages/custom_interfaces/srv/_find_wall_s.c
[2.202s] -- Up-to-date: /home/user/ros2_ws/install/custom_interfaces/lib/python3.8/site-packages/custom_interfaces/custom_interfaces_s__rosidl_typesupport_fastrtps_c.cpython-38-x86_64-linux-gnu.so
[2.202s] -- Up-to-date: /home/user/ros2_ws/install/custom_interfaces/lib/python3.8/site-packages/custom_interfaces/custom_interfaces_s__rosidl_typesupport_introspection_c.cpython-38-x86_64-linux-gnu.so
[2.203s] -- Up-to-date: /home/user/ros2_ws/install/custom_interfaces/lib/python3.8/site-packages/custom_interfaces/custom_interfaces_s__rosidl_typesupport_c.cpython-38-x86_64-linux-gnu.so
[2.203s] -- Up-to-date: /home/user/ros2_ws/install/custom_interfaces/lib/libcustom_interfaces__python.so
[2.204s] -- Up-to-date: /home/user/ros2_ws/install/custom_interfaces/share/custom_interfaces/srv/FindWall.idl
[2.204s] -- Up-to-date: /home/user/ros2_ws/install/custom_interfaces/share/custom_interfaces/srv/FindWall.srv
[2.204s] -- Up-to-date: /home/user/ros2_ws/install/custom_interfaces/share/custom_interfaces/srv/FindWall_Request.msg
[2.204s] -- Up-to-date: /home/user/ros2_ws/install/custom_interfaces/share/custom_interfaces/srv/FindWall_Response.msg
[2.204s] -- Up-to-date: /home/user/ros2_ws/install/custom_interfaces/share/ament_index/resource_index/package_run_dependencies/custom_interfaces
[2.205s] -- Up-to-date: /home/user/ros2_ws/install/custom_interfaces/share/ament_index/resource_index/parent_prefix_path/custom_interfaces
[2.205s] -- Up-to-date: /home/user/ros2_ws/install/custom_interfaces/share/custom_interfaces/environment/ament_prefix_path.sh
[2.206s] -- Up-to-date: /home/user/ros2_ws/install/custom_interfaces/share/custom_interfaces/environment/ament_prefix_path.dsv
[2.206s] -- Up-to-date: /home/user/ros2_ws/install/custom_interfaces/share/custom_interfaces/environment/path.sh
[2.206s] -- Up-to-date: /home/user/ros2_ws/install/custom_interfaces/share/custom_interfaces/environment/path.dsv
[2.206s] -- Up-to-date: /home/user/ros2_ws/install/custom_interfaces/share/custom_interfaces/local_setup.bash
[2.206s] -- Up-to-date: /home/user/ros2_ws/install/custom_interfaces/share/custom_interfaces/local_setup.sh
[2.206s] -- Up-to-date: /home/user/ros2_ws/install/custom_interfaces/share/custom_interfaces/local_setup.zsh
[2.206s] -- Up-to-date: /home/user/ros2_ws/install/custom_interfaces/share/custom_interfaces/local_setup.dsv
[2.207s] -- Installing: /home/user/ros2_ws/install/custom_interfaces/share/custom_interfaces/package.dsv
[2.207s] -- Up-to-date: /home/user/ros2_ws/install/custom_interfaces/share/ament_index/resource_index/packages/custom_interfaces
[2.207s] -- Up-to-date: /home/user/ros2_ws/install/custom_interfaces/share/custom_interfaces/cmake/custom_interfaces__rosidl_generator_cExport.cmake
[2.207s] -- Up-to-date: /home/user/ros2_ws/install/custom_interfaces/share/custom_interfaces/cmake/custom_interfaces__rosidl_generator_cExport-noconfig.cmake
[2.207s] -- Up-to-date: /home/user/ros2_ws/install/custom_interfaces/share/custom_interfaces/cmake/custom_interfaces__rosidl_typesupport_introspection_cExport.cmake
[2.207s] -- Up-to-date: /home/user/ros2_ws/install/custom_interfaces/share/custom_interfaces/cmake/custom_interfaces__rosidl_typesupport_introspection_cExport-noconfig.cmake
[2.208s] -- Up-to-date: /home/user/ros2_ws/install/custom_interfaces/share/custom_interfaces/cmake/custom_interfaces__rosidl_typesupport_cExport.cmake
[2.208s] -- Up-to-date: /home/user/ros2_ws/install/custom_interfaces/share/custom_interfaces/cmake/custom_interfaces__rosidl_typesupport_cExport-noconfig.cmake
[2.208s] -- Up-to-date: /home/user/ros2_ws/install/custom_interfaces/share/custom_interfaces/cmake/custom_interfaces__rosidl_generator_cppExport.cmake
[2.209s] -- Up-to-date: /home/user/ros2_ws/install/custom_interfaces/share/custom_interfaces/cmake/custom_interfaces__rosidl_typesupport_introspection_cppExport.cmake
[2.209s] -- Up-to-date: /home/user/ros2_ws/install/custom_interfaces/share/custom_interfaces/cmake/custom_interfaces__rosidl_typesupport_introspection_cppExport-noconfig.cmake
[2.210s] -- Up-to-date: /home/user/ros2_ws/install/custom_interfaces/share/custom_interfaces/cmake/custom_interfaces__rosidl_typesupport_cppExport.cmake
[2.210s] -- Up-to-date: /home/user/ros2_ws/install/custom_interfaces/share/custom_interfaces/cmake/custom_interfaces__rosidl_typesupport_cppExport-noconfig.cmake
[2.210s] -- Up-to-date: /home/user/ros2_ws/install/custom_interfaces/share/custom_interfaces/cmake/rosidl_cmake-extras.cmake
[2.210s] -- Up-to-date: /home/user/ros2_ws/install/custom_interfaces/share/custom_interfaces/cmake/ament_cmake_export_dependencies-extras.cmake
[2.210s] -- Up-to-date: /home/user/ros2_ws/install/custom_interfaces/share/custom_interfaces/cmake/ament_cmake_export_libraries-extras.cmake
[2.210s] -- Up-to-date: /home/user/ros2_ws/install/custom_interfaces/share/custom_interfaces/cmake/ament_cmake_export_targets-extras.cmake
[2.210s] -- Up-to-date: /home/user/ros2_ws/install/custom_interfaces/share/custom_interfaces/cmake/ament_cmake_export_include_directories-extras.cmake
[2.210s] -- Up-to-date: /home/user/ros2_ws/install/custom_interfaces/share/custom_interfaces/cmake/rosidl_cmake_export_typesupport_libraries-extras.cmake
[2.211s] -- Up-to-date: /home/user/ros2_ws/install/custom_interfaces/share/custom_interfaces/cmake/rosidl_cmake_export_typesupport_targets-extras.cmake
[2.211s] -- Up-to-date: /home/user/ros2_ws/install/custom_interfaces/share/custom_interfaces/cmake/custom_interfacesConfig.cmake
[2.211s] -- Up-to-date: /home/user/ros2_ws/install/custom_interfaces/share/custom_interfaces/cmake/custom_interfacesConfig-version.cmake
[2.211s] -- Up-to-date: /home/user/ros2_ws/install/custom_interfaces/share/custom_interfaces/package.xml
[2.227s] Invoked command in '/home/user/ros2_ws/build/custom_interfaces' returned '0': CMAKE_PREFIX_PATH=${CMAKE_PREFIX_PATH}:/home/user/ros2_ws/install/wall_follower:/opt/ros/foxy _=/usr/bin/env /usr/bin/cmake --install /home/user/ros2_ws/build/custom_interfaces
