[0.388s] Invoking command in '/home/user/ros2_ws/src/wall_follower': PYTHONPATH=/home/user/ros2_ws/install/wall_follower/lib/python3.8/site-packages:${PYTHONPATH} _=/usr/bin/env /usr/bin/python3 setup.py egg_info --egg-base ../../build/wall_follower build --build-base /home/user/ros2_ws/build/wall_follower/build install --prefix /home/user/ros2_ws/install/wall_follower --record /home/user/ros2_ws/build/wall_follower/install.log --single-version-externally-managed
[0.767s] running egg_info
[0.767s] writing ../../build/wall_follower/wall_follower.egg-info/PKG-INFO
[0.768s] writing dependency_links to ../../build/wall_follower/wall_follower.egg-info/dependency_links.txt
[0.768s] writing entry points to ../../build/wall_follower/wall_follower.egg-info/entry_points.txt
[0.768s] writing requirements to ../../build/wall_follower/wall_follower.egg-info/requires.txt
[0.768s] writing top-level names to ../../build/wall_follower/wall_follower.egg-info/top_level.txt
[1.045s] reading manifest file '../../build/wall_follower/wall_follower.egg-info/SOURCES.txt'
[1.046s] writing manifest file '../../build/wall_follower/wall_follower.egg-info/SOURCES.txt'
[1.046s] running build
[1.046s] running build_py
[1.046s] running install
[1.047s] running install_lib
[1.049s] running install_data
[1.050s] running install_egg_info
[1.053s] removing '/home/user/ros2_ws/install/wall_follower/lib/python3.8/site-packages/wall_follower-0.0.0-py3.8.egg-info' (and everything under it)
[1.053s] Copying ../../build/wall_follower/wall_follower.egg-info to /home/user/ros2_ws/install/wall_follower/lib/python3.8/site-packages/wall_follower-0.0.0-py3.8.egg-info
[1.054s] running install_scripts
[1.075s] Installing wall_follower_node script to /home/user/ros2_ws/install/wall_follower/lib/wall_follower
[1.076s] writing list of installed files to '/home/user/ros2_ws/build/wall_follower/install.log'
[1.097s] Invoked command in '/home/user/ros2_ws/src/wall_follower' returned '0': PYTHONPATH=/home/user/ros2_ws/install/wall_follower/lib/python3.8/site-packages:${PYTHONPATH} _=/usr/bin/env /usr/bin/python3 setup.py egg_info --egg-base ../../build/wall_follower build --build-base /home/user/ros2_ws/build/wall_follower/build install --prefix /home/user/ros2_ws/install/wall_follower --record /home/user/ros2_ws/build/wall_follower/install.log --single-version-externally-managed
