[0.623s] Invoking command in '/home/user/ros2_ws/src/wall_follwer': PYTHONPATH=/home/user/ros2_ws/install/wall_follwer/lib/python3.8/site-packages:${PYTHONPATH} _=/usr/bin/env /usr/bin/python3 setup.py egg_info --egg-base ../../build/wall_follwer build --build-base /home/user/ros2_ws/build/wall_follwer/build install --prefix /home/user/ros2_ws/install/wall_follwer --record /home/user/ros2_ws/build/wall_follwer/install.log --single-version-externally-managed
[1.169s] running egg_info
[1.170s] writing ../../build/wall_follwer/wall_follwer.egg-info/PKG-INFO
[1.171s] writing dependency_links to ../../build/wall_follwer/wall_follwer.egg-info/dependency_links.txt
[1.171s] writing entry points to ../../build/wall_follwer/wall_follwer.egg-info/entry_points.txt
[1.172s] writing requirements to ../../build/wall_follwer/wall_follwer.egg-info/requires.txt
[1.172s] writing top-level names to ../../build/wall_follwer/wall_follwer.egg-info/top_level.txt
[1.237s] reading manifest file '../../build/wall_follwer/wall_follwer.egg-info/SOURCES.txt'
[1.239s] writing manifest file '../../build/wall_follwer/wall_follwer.egg-info/SOURCES.txt'
[1.240s] running build
[1.240s] running build_py
[1.241s] running install
[1.243s] running install_lib
[1.246s] running install_data
[1.247s] running install_egg_info
[1.250s] removing '/home/user/ros2_ws/install/wall_follwer/lib/python3.8/site-packages/wall_follwer-0.0.0-py3.8.egg-info' (and everything under it)
[1.250s] Copying ../../build/wall_follwer/wall_follwer.egg-info to /home/user/ros2_ws/install/wall_follwer/lib/python3.8/site-packages/wall_follwer-0.0.0-py3.8.egg-info
[1.252s] running install_scripts
[1.302s] Installing wall_follower script to /home/user/ros2_ws/install/wall_follwer/lib/wall_follwer
[1.303s] writing list of installed files to '/home/user/ros2_ws/build/wall_follwer/install.log'
[1.370s] Invoked command in '/home/user/ros2_ws/src/wall_follwer' returned '0': PYTHONPATH=/home/user/ros2_ws/install/wall_follwer/lib/python3.8/site-packages:${PYTHONPATH} _=/usr/bin/env /usr/bin/python3 setup.py egg_info --egg-base ../../build/wall_follwer build --build-base /home/user/ros2_ws/build/wall_follwer/build install --prefix /home/user/ros2_ws/install/wall_follwer --record /home/user/ros2_ws/build/wall_follwer/install.log --single-version-externally-managed
